{"C:\\Users\\José Ryan\\IdeaProjects\\projeto-eq15\\MI-server\\src\\app.ts": {"path":"C:\\Users\\José Ryan\\IdeaProjects\\projeto-eq15\\MI-server\\src\\app.ts","statementMap":{"0":{"start":{"line":22,"column":8},"end":{"line":34,"column":null}},"1":{"start":{"line":37,"column":2},"end":{"line":37,"column":null}},"2":{"start":{"line":38,"column":2},"end":{"line":38,"column":null}},"3":{"start":{"line":41,"column":2},"end":{"line":46,"column":null}},"4":{"start":{"line":48,"column":2},"end":{"line":48,"column":null}},"5":{"start":{"line":50,"column":2},"end":{"line":56,"column":null}},"6":{"start":{"line":58,"column":2},"end":{"line":61,"column":null}},"7":{"start":{"line":66,"column":2},"end":{"line":72,"column":null}},"8":{"start":{"line":75,"column":2},"end":{"line":79,"column":null}},"9":{"start":{"line":75,"column":34},"end":{"line":79,"column":4}},"10":{"start":{"line":81,"column":2},"end":{"line":85,"column":null}},"11":{"start":{"line":81,"column":32},"end":{"line":85,"column":4}},"12":{"start":{"line":88,"column":2},"end":{"line":88,"column":null}},"13":{"start":{"line":89,"column":2},"end":{"line":89,"column":null}},"14":{"start":{"line":90,"column":2},"end":{"line":90,"column":null}},"15":{"start":{"line":91,"column":2},"end":{"line":91,"column":null}},"16":{"start":{"line":92,"column":2},"end":{"line":92,"column":null}},"17":{"start":{"line":95,"column":2},"end":{"line":95,"column":null}},"18":{"start":{"line":97,"column":2},"end":{"line":97,"column":null}}},"fnMap":{"0":{"name":"buildApp","decl":{"start":{"line":21,"column":16},"end":{"line":21,"column":27}},"loc":{"start":{"line":21,"column":27},"end":{"line":98,"column":null}},"line":21},"1":{"name":"(anonymous_1)","decl":{"start":{"line":75,"column":21},"end":{"line":75,"column":34}},"loc":{"start":{"line":75,"column":34},"end":{"line":79,"column":4}},"line":75},"2":{"name":"(anonymous_2)","decl":{"start":{"line":81,"column":19},"end":{"line":81,"column":32}},"loc":{"start":{"line":81,"column":32},"end":{"line":85,"column":4}},"line":81}},"branchMap":{"0":{"loc":{"start":{"line":24,"column":6},"end":{"line":33,"column":null}},"type":"cond-expr","locations":[{"start":{"line":25,"column":10},"end":{"line":30,"column":null}},{"start":{"line":31,"column":10},"end":{"line":33,"column":null}}],"line":24},"1":{"loc":{"start":{"line":31,"column":10},"end":{"line":33,"column":null}},"type":"cond-expr","locations":[{"start":{"line":32,"column":12},"end":{"line":32,"column":null}},{"start":{"line":33,"column":12},"end":{"line":33,"column":null}}],"line":31},"2":{"loc":{"start":{"line":42,"column":20},"end":{"line":42,"column":null}},"type":"cond-expr","locations":[{"start":{"line":42,"column":52},"end":{"line":42,"column":66}},{"start":{"line":42,"column":66},"end":{"line":42,"column":null}}],"line":42}},"s":{"0":15,"1":15,"2":15,"3":15,"4":15,"5":15,"6":15,"7":15,"8":15,"9":1,"10":15,"11":0,"12":15,"13":15,"14":15,"15":15,"16":15,"17":15,"18":15},"f":{"0":15,"1":1,"2":0},"b":{"0":[0,15],"1":[15,0],"2":[0,15]},"meta":{"lastBranch":3,"lastFunction":3,"lastStatement":19,"seen":{"f:21:16:21:27":0,"s:22:8:34:Infinity":0,"b:25:10:30:Infinity:31:10:33:Infinity":0,"b:32:12:32:Infinity:33:12:33:Infinity":1,"s:37:2:37:Infinity":1,"s:38:2:38:Infinity":2,"s:41:2:46:Infinity":3,"b:42:52:42:66:42:66:42:Infinity":2,"s:48:2:48:Infinity":4,"s:50:2:56:Infinity":5,"s:58:2:61:Infinity":6,"s:66:2:72:Infinity":7,"s:75:2:79:Infinity":8,"f:75:21:75:34":1,"s:75:34:79:4":9,"s:81:2:85:Infinity":10,"f:81:19:81:32":2,"s:81:32:85:4":11,"s:88:2:88:Infinity":12,"s:89:2:89:Infinity":13,"s:90:2:90:Infinity":14,"s:91:2:91:Infinity":15,"s:92:2:92:Infinity":16,"s:95:2:95:Infinity":17,"s:97:2:97:Infinity":18}}}
,"C:\\Users\\José Ryan\\IdeaProjects\\projeto-eq15\\MI-server\\src\\env.ts": {"path":"C:\\Users\\José Ryan\\IdeaProjects\\projeto-eq15\\MI-server\\src\\env.ts","statementMap":{"0":{"start":{"line":5,"column":18},"end":{"line":64,"column":null}},"1":{"start":{"line":25,"column":82},"end":{"line":25,"column":94}},"2":{"start":{"line":34,"column":82},"end":{"line":34,"column":94}},"3":{"start":{"line":43,"column":72},"end":{"line":43,"column":84}},"4":{"start":{"line":66,"column":13},"end":{"line":66,"column":null}},"5":{"start":{"line":68,"column":0},"end":{"line":72,"column":null}},"6":{"start":{"line":69,"column":2},"end":{"line":69,"column":null}},"7":{"start":{"line":70,"column":2},"end":{"line":70,"column":null}},"8":{"start":{"line":71,"column":2},"end":{"line":71,"column":null}},"9":{"start":{"line":74,"column":19},"end":{"line":74,"column":null}}},"fnMap":{"0":{"name":"(anonymous_0)","decl":{"start":{"line":25,"column":65},"end":{"line":25,"column":76}},"loc":{"start":{"line":25,"column":82},"end":{"line":25,"column":94}},"line":25},"1":{"name":"(anonymous_1)","decl":{"start":{"line":34,"column":65},"end":{"line":34,"column":76}},"loc":{"start":{"line":34,"column":82},"end":{"line":34,"column":94}},"line":34},"2":{"name":"(anonymous_2)","decl":{"start":{"line":43,"column":55},"end":{"line":43,"column":66}},"loc":{"start":{"line":43,"column":72},"end":{"line":43,"column":84}},"line":43}},"branchMap":{"0":{"loc":{"start":{"line":68,"column":0},"end":{"line":72,"column":null}},"type":"if","locations":[{"start":{"line":68,"column":0},"end":{"line":72,"column":null}},{"start":{},"end":{}}],"line":68}},"s":{"0":20,"1":20,"2":20,"3":20,"4":20,"5":20,"6":0,"7":0,"8":0,"9":20},"f":{"0":20,"1":20,"2":20},"b":{"0":[0,20]},"meta":{"lastBranch":1,"lastFunction":3,"lastStatement":10,"seen":{"s:5:18:64:Infinity":0,"f:25:65:25:76":0,"s:25:82:25:94":1,"f:34:65:34:76":1,"s:34:82:34:94":2,"f:43:55:43:66":2,"s:43:72:43:84":3,"s:66:13:66:Infinity":4,"b:68:0:72:Infinity:undefined:undefined:undefined:undefined":0,"s:68:0:72:Infinity":5,"s:69:2:69:Infinity":6,"s:70:2:70:Infinity":7,"s:71:2:71:Infinity":8,"s:74:19:74:Infinity":9}}}
,"C:\\Users\\José Ryan\\IdeaProjects\\projeto-eq15\\MI-server\\src\\@types\\auth\\index.ts": {"path":"C:\\Users\\José Ryan\\IdeaProjects\\projeto-eq15\\MI-server\\src\\@types\\auth\\index.ts","statementMap":{},"fnMap":{},"branchMap":{},"s":{},"f":{},"b":{},"meta":{"lastBranch":0,"lastFunction":0,"lastStatement":0,"seen":{}}}
,"C:\\Users\\José Ryan\\IdeaProjects\\projeto-eq15\\MI-server\\src\\@types\\common\\index.ts": {"path":"C:\\Users\\José Ryan\\IdeaProjects\\projeto-eq15\\MI-server\\src\\@types\\common\\index.ts","statementMap":{},"fnMap":{},"branchMap":{},"s":{},"f":{},"b":{},"meta":{"lastBranch":0,"lastFunction":0,"lastStatement":0,"seen":{}}}
,"C:\\Users\\José Ryan\\IdeaProjects\\projeto-eq15\\MI-server\\src\\@types\\organizations\\index.ts": {"path":"C:\\Users\\José Ryan\\IdeaProjects\\projeto-eq15\\MI-server\\src\\@types\\organizations\\index.ts","statementMap":{},"fnMap":{},"branchMap":{},"s":{},"f":{},"b":{},"meta":{"lastBranch":0,"lastFunction":0,"lastStatement":0,"seen":{}}}
,"C:\\Users\\José Ryan\\IdeaProjects\\projeto-eq15\\MI-server\\src\\@types\\resources\\materials\\pdf\\index.ts": {"path":"C:\\Users\\José Ryan\\IdeaProjects\\projeto-eq15\\MI-server\\src\\@types\\resources\\materials\\pdf\\index.ts","statementMap":{},"fnMap":{},"branchMap":{},"s":{},"f":{},"b":{},"meta":{"lastBranch":0,"lastFunction":0,"lastStatement":0,"seen":{}}}
,"C:\\Users\\José Ryan\\IdeaProjects\\projeto-eq15\\MI-server\\src\\@types\\users\\index.ts": {"path":"C:\\Users\\José Ryan\\IdeaProjects\\projeto-eq15\\MI-server\\src\\@types\\users\\index.ts","statementMap":{},"fnMap":{},"branchMap":{},"s":{},"f":{},"b":{},"meta":{"lastBranch":0,"lastFunction":0,"lastStatement":0,"seen":{}}}
,"C:\\Users\\José Ryan\\IdeaProjects\\projeto-eq15\\MI-server\\src\\constants\\roles.ts": {"path":"C:\\Users\\José Ryan\\IdeaProjects\\projeto-eq15\\MI-server\\src\\constants\\roles.ts","statementMap":{"0":{"start":{"line":5,"column":33},"end":{"line":5,"column":null}},"1":{"start":{"line":6,"column":33},"end":{"line":6,"column":null}},"2":{"start":{"line":7,"column":33},"end":{"line":7,"column":null}},"3":{"start":{"line":8,"column":33},"end":{"line":8,"column":null}}},"fnMap":{},"branchMap":{},"s":{"0":19,"1":19,"2":19,"3":19},"f":{},"b":{},"meta":{"lastBranch":0,"lastFunction":0,"lastStatement":4,"seen":{"s:5:33:5:Infinity":0,"s:6:33:6:Infinity":1,"s:7:33:7:Infinity":2,"s:8:33:8:Infinity":3}}}
,"C:\\Users\\José Ryan\\IdeaProjects\\projeto-eq15\\MI-server\\src\\controllers\\auth\\authController.ts": {"path":"C:\\Users\\José Ryan\\IdeaProjects\\projeto-eq15\\MI-server\\src\\controllers\\auth\\authController.ts","statementMap":{"0":{"start":{"line":23,"column":2},"end":{"line":28,"column":null}},"1":{"start":{"line":35,"column":18},"end":{"line":35,"column":null}},"2":{"start":{"line":36,"column":2},"end":{"line":36,"column":null}},"3":{"start":{"line":38,"column":2},"end":{"line":63,"column":null}},"4":{"start":{"line":39,"column":17},"end":{"line":39,"column":null}},"5":{"start":{"line":41,"column":24},"end":{"line":44,"column":null}},"6":{"start":{"line":46,"column":10},"end":{"line":46,"column":null}},"7":{"start":{"line":47,"column":4},"end":{"line":51,"column":null}},"8":{"start":{"line":53,"column":4},"end":{"line":53,"column":null}},"9":{"start":{"line":55,"column":4},"end":{"line":60,"column":null}},"10":{"start":{"line":62,"column":4},"end":{"line":62,"column":null}},"11":{"start":{"line":72,"column":18},"end":{"line":72,"column":null}},"12":{"start":{"line":73,"column":2},"end":{"line":73,"column":null}},"13":{"start":{"line":75,"column":2},"end":{"line":100,"column":null}},"14":{"start":{"line":76,"column":18},"end":{"line":76,"column":null}},"15":{"start":{"line":77,"column":4},"end":{"line":77,"column":null}},"16":{"start":{"line":77,"column":16},"end":{"line":77,"column":null}},"17":{"start":{"line":79,"column":17},"end":{"line":79,"column":null}},"18":{"start":{"line":82,"column":4},"end":{"line":82,"column":null}},"19":{"start":{"line":83,"column":10},"end":{"line":83,"column":null}},"20":{"start":{"line":84,"column":4},"end":{"line":88,"column":null}},"21":{"start":{"line":90,"column":24},"end":{"line":93,"column":null}},"22":{"start":{"line":95,"column":4},"end":{"line":95,"column":null}},"23":{"start":{"line":97,"column":4},"end":{"line":97,"column":null}},"24":{"start":{"line":99,"column":4},"end":{"line":99,"column":null}},"25":{"start":{"line":109,"column":18},"end":{"line":109,"column":null}},"26":{"start":{"line":110,"column":2},"end":{"line":110,"column":null}},"27":{"start":{"line":112,"column":2},"end":{"line":124,"column":null}},"28":{"start":{"line":113,"column":18},"end":{"line":113,"column":null}},"29":{"start":{"line":115,"column":4},"end":{"line":117,"column":null}},"30":{"start":{"line":116,"column":6},"end":{"line":116,"column":null}},"31":{"start":{"line":119,"column":4},"end":{"line":119,"column":null}},"32":{"start":{"line":121,"column":4},"end":{"line":121,"column":null}},"33":{"start":{"line":123,"column":4},"end":{"line":123,"column":null}}},"fnMap":{"0":{"name":"refreshCookieOptions","decl":{"start":{"line":22,"column":9},"end":{"line":22,"column":32}},"loc":{"start":{"line":22,"column":32},"end":{"line":29,"column":null}},"line":22},"1":{"name":"loginController","decl":{"start":{"line":31,"column":22},"end":{"line":31,"column":null}},"loc":{"start":{"line":34,"column":17},"end":{"line":64,"column":null}},"line":34},"2":{"name":"refreshController","decl":{"start":{"line":68,"column":22},"end":{"line":68,"column":null}},"loc":{"start":{"line":71,"column":17},"end":{"line":101,"column":null}},"line":71},"3":{"name":"logoutController","decl":{"start":{"line":105,"column":22},"end":{"line":105,"column":null}},"loc":{"start":{"line":108,"column":17},"end":{"line":125,"column":null}},"line":108}},"branchMap":{"0":{"loc":{"start":{"line":77,"column":4},"end":{"line":77,"column":null}},"type":"if","locations":[{"start":{"line":77,"column":4},"end":{"line":77,"column":null}},{"start":{},"end":{}}],"line":77},"1":{"loc":{"start":{"line":115,"column":4},"end":{"line":117,"column":null}},"type":"if","locations":[{"start":{"line":115,"column":4},"end":{"line":117,"column":null}},{"start":{},"end":{}}],"line":115}},"s":{"0":192,"1":189,"2":189,"3":189,"4":189,"5":186,"6":186,"7":186,"8":186,"9":186,"10":3,"11":9,"12":9,"13":9,"14":9,"15":9,"16":2,"17":7,"18":6,"19":6,"20":6,"21":6,"22":6,"23":6,"24":3,"25":8,"26":8,"27":8,"28":8,"29":8,"30":6,"31":7,"32":7,"33":1},"f":{"0":192,"1":189,"2":9,"3":8},"b":{"0":[2,7],"1":[6,2]},"meta":{"lastBranch":2,"lastFunction":4,"lastStatement":34,"seen":{"f:22:9:22:32":0,"s:23:2:28:Infinity":0,"f:31:22:31:Infinity":1,"s:35:18:35:Infinity":1,"s:36:2:36:Infinity":2,"s:38:2:63:Infinity":3,"s:39:17:39:Infinity":4,"s:41:24:44:Infinity":5,"s:46:10:46:Infinity":6,"s:47:4:51:Infinity":7,"s:53:4:53:Infinity":8,"s:55:4:60:Infinity":9,"s:62:4:62:Infinity":10,"f:68:22:68:Infinity":2,"s:72:18:72:Infinity":11,"s:73:2:73:Infinity":12,"s:75:2:100:Infinity":13,"s:76:18:76:Infinity":14,"b:77:4:77:Infinity:undefined:undefined:undefined:undefined":0,"s:77:4:77:Infinity":15,"s:77:16:77:Infinity":16,"s:79:17:79:Infinity":17,"s:82:4:82:Infinity":18,"s:83:10:83:Infinity":19,"s:84:4:88:Infinity":20,"s:90:24:93:Infinity":21,"s:95:4:95:Infinity":22,"s:97:4:97:Infinity":23,"s:99:4:99:Infinity":24,"f:105:22:105:Infinity":3,"s:109:18:109:Infinity":25,"s:110:2:110:Infinity":26,"s:112:2:124:Infinity":27,"s:113:18:113:Infinity":28,"b:115:4:117:Infinity:undefined:undefined:undefined:undefined":1,"s:115:4:117:Infinity":29,"s:116:6:116:Infinity":30,"s:119:4:119:Infinity":31,"s:121:4:121:Infinity":32,"s:123:4:123:Infinity":33}}}
,"C:\\Users\\José Ryan\\IdeaProjects\\projeto-eq15\\MI-server\\src\\controllers\\auth\\emailVerificationController.ts": {"path":"C:\\Users\\José Ryan\\IdeaProjects\\projeto-eq15\\MI-server\\src\\controllers\\auth\\emailVerificationController.ts","statementMap":{"0":{"start":{"line":10,"column":12},"end":{"line":10,"column":null}},"1":{"start":{"line":21,"column":2},"end":{"line":21,"column":null}},"2":{"start":{"line":23,"column":2},"end":{"line":35,"column":null}},"3":{"start":{"line":24,"column":21},"end":{"line":24,"column":null}},"4":{"start":{"line":26,"column":4},"end":{"line":28,"column":null}},"5":{"start":{"line":27,"column":6},"end":{"line":27,"column":null}},"6":{"start":{"line":30,"column":4},"end":{"line":30,"column":null}},"7":{"start":{"line":32,"column":4},"end":{"line":32,"column":null}},"8":{"start":{"line":34,"column":4},"end":{"line":34,"column":null}}},"fnMap":{"0":{"name":"emailVerificationController","decl":{"start":{"line":17,"column":22},"end":{"line":17,"column":null}},"loc":{"start":{"line":20,"column":17},"end":{"line":36,"column":null}},"line":20}},"branchMap":{"0":{"loc":{"start":{"line":26,"column":4},"end":{"line":28,"column":null}},"type":"if","locations":[{"start":{"line":26,"column":4},"end":{"line":28,"column":null}},{"start":{},"end":{}}],"line":26},"1":{"loc":{"start":{"line":26,"column":8},"end":{"line":26,"column":43}},"type":"binary-expr","locations":[{"start":{"line":26,"column":8},"end":{"line":26,"column":17}},{"start":{"line":26,"column":17},"end":{"line":26,"column":43}}],"line":26}},"s":{"0":15,"1":4,"2":4,"3":4,"4":4,"5":1,"6":3,"7":1,"8":3},"f":{"0":4},"b":{"0":[1,3],"1":[4,3]},"meta":{"lastBranch":2,"lastFunction":1,"lastStatement":9,"seen":{"s:10:12:10:Infinity":0,"f:17:22:17:Infinity":0,"s:21:2:21:Infinity":1,"s:23:2:35:Infinity":2,"s:24:21:24:Infinity":3,"b:26:4:28:Infinity:undefined:undefined:undefined:undefined":0,"s:26:4:28:Infinity":4,"b:26:8:26:17:26:17:26:43":1,"s:27:6:27:Infinity":5,"s:30:4:30:Infinity":6,"s:32:4:32:Infinity":7,"s:34:4:34:Infinity":8}}}
,"C:\\Users\\José Ryan\\IdeaProjects\\projeto-eq15\\MI-server\\src\\controllers\\logs\\listInspectionLogsController.ts": {"path":"C:\\Users\\José Ryan\\IdeaProjects\\projeto-eq15\\MI-server\\src\\controllers\\logs\\listInspectionLogsController.ts","statementMap":{"0":{"start":{"line":10,"column":12},"end":{"line":10,"column":null}},"1":{"start":{"line":24,"column":2},"end":{"line":24,"column":null}},"2":{"start":{"line":26,"column":2},"end":{"line":34,"column":null}},"3":{"start":{"line":27,"column":4},"end":{"line":27,"column":null}},"4":{"start":{"line":29,"column":19},"end":{"line":29,"column":null}},"5":{"start":{"line":31,"column":4},"end":{"line":31,"column":null}},"6":{"start":{"line":33,"column":4},"end":{"line":33,"column":null}}},"fnMap":{"0":{"name":"listInspectionLogsController","decl":{"start":{"line":20,"column":22},"end":{"line":20,"column":null}},"loc":{"start":{"line":23,"column":17},"end":{"line":35,"column":null}},"line":23}},"branchMap":{},"s":{"0":15,"1":3,"2":3,"3":3,"4":3,"5":2,"6":1},"f":{"0":3},"b":{},"meta":{"lastBranch":0,"lastFunction":1,"lastStatement":7,"seen":{"s:10:12:10:Infinity":0,"f:20:22:20:Infinity":0,"s:24:2:24:Infinity":1,"s:26:2:34:Infinity":2,"s:27:4:27:Infinity":3,"s:29:19:29:Infinity":4,"s:31:4:31:Infinity":5,"s:33:4:33:Infinity":6}}}
,"C:\\Users\\José Ryan\\IdeaProjects\\projeto-eq15\\MI-server\\src\\controllers\\organizations\\archiveOrganizationController.ts": {"path":"C:\\Users\\José Ryan\\IdeaProjects\\projeto-eq15\\MI-server\\src\\controllers\\organizations\\archiveOrganizationController.ts","statementMap":{"0":{"start":{"line":9,"column":12},"end":{"line":9,"column":null}},"1":{"start":{"line":15,"column":2},"end":{"line":15,"column":null}},"2":{"start":{"line":17,"column":17},"end":{"line":17,"column":null}},"3":{"start":{"line":19,"column":2},"end":{"line":38,"column":null}},"4":{"start":{"line":34,"column":4},"end":{"line":37,"column":null}},"5":{"start":{"line":40,"column":2},"end":{"line":84,"column":null}},"6":{"start":{"line":41,"column":16},"end":{"line":44,"column":null}},"7":{"start":{"line":46,"column":4},"end":{"line":59,"column":null}},"8":{"start":{"line":55,"column":6},"end":{"line":58,"column":null}},"9":{"start":{"line":61,"column":4},"end":{"line":61,"column":null}},"10":{"start":{"line":63,"column":4},"end":{"line":81,"column":null}},"11":{"start":{"line":80,"column":6},"end":{"line":80,"column":null}},"12":{"start":{"line":83,"column":4},"end":{"line":83,"column":null}}},"fnMap":{"0":{"name":"archiveOrganizationController","decl":{"start":{"line":11,"column":22},"end":{"line":11,"column":null}},"loc":{"start":{"line":14,"column":17},"end":{"line":85,"column":null}},"line":14},"1":{"name":"(anonymous_1)","decl":{"start":{"line":33,"column":5},"end":{"line":33,"column":12}},"loc":{"start":{"line":34,"column":4},"end":{"line":37,"column":null}},"line":34},"2":{"name":"(anonymous_2)","decl":{"start":{"line":54,"column":7},"end":{"line":54,"column":14}},"loc":{"start":{"line":55,"column":6},"end":{"line":58,"column":null}},"line":55},"3":{"name":"(anonymous_3)","decl":{"start":{"line":79,"column":7},"end":{"line":79,"column":14}},"loc":{"start":{"line":80,"column":6},"end":{"line":80,"column":null}},"line":80}},"branchMap":{"0":{"loc":{"start":{"line":71,"column":21},"end":{"line":71,"column":null}},"type":"cond-expr","locations":[{"start":{"line":71,"column":46},"end":{"line":71,"column":62}},{"start":{"line":71,"column":62},"end":{"line":71,"column":null}}],"line":71},"1":{"loc":{"start":{"line":73,"column":14},"end":{"line":75,"column":null}},"type":"cond-expr","locations":[{"start":{"line":74,"column":18},"end":{"line":74,"column":null}},{"start":{"line":75,"column":18},"end":{"line":75,"column":null}}],"line":73}},"s":{"0":15,"1":3,"2":3,"3":3,"4":0,"5":3,"6":3,"7":1,"8":0,"9":1,"10":2,"11":0,"12":2},"f":{"0":3,"1":0,"2":0,"3":0},"b":{"0":[2,0],"1":[2,0]},"meta":{"lastBranch":2,"lastFunction":4,"lastStatement":13,"seen":{"s:9:12:9:Infinity":0,"f:11:22:11:Infinity":0,"s:15:2:15:Infinity":1,"s:17:17:17:Infinity":2,"s:19:2:38:Infinity":3,"f:33:5:33:12":1,"s:34:4:37:Infinity":4,"s:40:2:84:Infinity":5,"s:41:16:44:Infinity":6,"s:46:4:59:Infinity":7,"f:54:7:54:14":2,"s:55:6:58:Infinity":8,"s:61:4:61:Infinity":9,"s:63:4:81:Infinity":10,"b:71:46:71:62:71:62:71:Infinity":0,"b:74:18:74:Infinity:75:18:75:Infinity":1,"f:79:7:79:14":3,"s:80:6:80:Infinity":11,"s:83:4:83:Infinity":12}}}
,"C:\\Users\\José Ryan\\IdeaProjects\\projeto-eq15\\MI-server\\src\\controllers\\organizations\\createOrganizationController.ts": {"path":"C:\\Users\\José Ryan\\IdeaProjects\\projeto-eq15\\MI-server\\src\\controllers\\organizations\\createOrganizationController.ts","statementMap":{"0":{"start":{"line":12,"column":12},"end":{"line":12,"column":null}},"1":{"start":{"line":25,"column":2},"end":{"line":25,"column":null}},"2":{"start":{"line":27,"column":15},"end":{"line":27,"column":null}},"3":{"start":{"line":29,"column":2},"end":{"line":43,"column":null}},"4":{"start":{"line":43,"column":20},"end":{"line":43,"column":96}},"5":{"start":{"line":45,"column":2},"end":{"line":88,"column":null}},"6":{"start":{"line":46,"column":4},"end":{"line":46,"column":null}},"7":{"start":{"line":48,"column":16},"end":{"line":52,"column":null}},"8":{"start":{"line":54,"column":4},"end":{"line":68,"column":null}},"9":{"start":{"line":68,"column":22},"end":{"line":68,"column":98}},"10":{"start":{"line":70,"column":4},"end":{"line":70,"column":null}},"11":{"start":{"line":72,"column":4},"end":{"line":85,"column":null}},"12":{"start":{"line":85,"column":22},"end":{"line":85,"column":87}},"13":{"start":{"line":87,"column":4},"end":{"line":87,"column":null}}},"fnMap":{"0":{"name":"createOrganizationController","decl":{"start":{"line":21,"column":22},"end":{"line":21,"column":null}},"loc":{"start":{"line":24,"column":17},"end":{"line":89,"column":null}},"line":24},"1":{"name":"(anonymous_1)","decl":{"start":{"line":43,"column":5},"end":{"line":43,"column":12}},"loc":{"start":{"line":43,"column":20},"end":{"line":43,"column":96}},"line":43},"2":{"name":"(anonymous_2)","decl":{"start":{"line":68,"column":7},"end":{"line":68,"column":14}},"loc":{"start":{"line":68,"column":22},"end":{"line":68,"column":98}},"line":68},"3":{"name":"(anonymous_3)","decl":{"start":{"line":85,"column":7},"end":{"line":85,"column":14}},"loc":{"start":{"line":85,"column":22},"end":{"line":85,"column":87}},"line":85}},"branchMap":{"0":{"loc":{"start":{"line":80,"column":21},"end":{"line":80,"column":null}},"type":"cond-expr","locations":[{"start":{"line":80,"column":46},"end":{"line":80,"column":62}},{"start":{"line":80,"column":62},"end":{"line":80,"column":null}}],"line":80},"1":{"loc":{"start":{"line":81,"column":21},"end":{"line":81,"column":null}},"type":"cond-expr","locations":[{"start":{"line":81,"column":61},"end":{"line":81,"column":74}},{"start":{"line":81,"column":74},"end":{"line":81,"column":null}}],"line":81}},"s":{"0":16,"1":40,"2":40,"3":40,"4":0,"5":40,"6":40,"7":40,"8":32,"9":0,"10":32,"11":8,"12":0,"13":8},"f":{"0":40,"1":0,"2":0,"3":0},"b":{"0":[8,0],"1":[7,1]},"meta":{"lastBranch":2,"lastFunction":4,"lastStatement":14,"seen":{"s:12:12:12:Infinity":0,"f:21:22:21:Infinity":0,"s:25:2:25:Infinity":1,"s:27:15:27:Infinity":2,"s:29:2:43:Infinity":3,"f:43:5:43:12":1,"s:43:20:43:96":4,"s:45:2:88:Infinity":5,"s:46:4:46:Infinity":6,"s:48:16:52:Infinity":7,"s:54:4:68:Infinity":8,"f:68:7:68:14":2,"s:68:22:68:98":9,"s:70:4:70:Infinity":10,"s:72:4:85:Infinity":11,"b:80:46:80:62:80:62:80:Infinity":0,"b:81:61:81:74:81:74:81:Infinity":1,"f:85:7:85:14":3,"s:85:22:85:87":12,"s:87:4:87:Infinity":13}}}
,"C:\\Users\\José Ryan\\IdeaProjects\\projeto-eq15\\MI-server\\src\\controllers\\organizations\\listMyOrganizationsController.ts": {"path":"C:\\Users\\José Ryan\\IdeaProjects\\projeto-eq15\\MI-server\\src\\controllers\\organizations\\listMyOrganizationsController.ts","statementMap":{"0":{"start":{"line":9,"column":12},"end":{"line":9,"column":null}},"1":{"start":{"line":15,"column":2},"end":{"line":15,"column":null}},"2":{"start":{"line":17,"column":2},"end":{"line":22,"column":null}},"3":{"start":{"line":22,"column":20},"end":{"line":22,"column":96}},"4":{"start":{"line":24,"column":2},"end":{"line":55,"column":null}},"5":{"start":{"line":25,"column":17},"end":{"line":25,"column":null}},"6":{"start":{"line":27,"column":4},"end":{"line":35,"column":null}},"7":{"start":{"line":35,"column":22},"end":{"line":35,"column":98}},"8":{"start":{"line":37,"column":4},"end":{"line":37,"column":null}},"9":{"start":{"line":39,"column":4},"end":{"line":52,"column":null}},"10":{"start":{"line":52,"column":22},"end":{"line":52,"column":87}},"11":{"start":{"line":54,"column":4},"end":{"line":54,"column":null}}},"fnMap":{"0":{"name":"listMyOrganizationsController","decl":{"start":{"line":11,"column":22},"end":{"line":11,"column":null}},"loc":{"start":{"line":14,"column":17},"end":{"line":56,"column":null}},"line":14},"1":{"name":"(anonymous_1)","decl":{"start":{"line":22,"column":5},"end":{"line":22,"column":12}},"loc":{"start":{"line":22,"column":20},"end":{"line":22,"column":96}},"line":22},"2":{"name":"(anonymous_2)","decl":{"start":{"line":35,"column":7},"end":{"line":35,"column":14}},"loc":{"start":{"line":35,"column":22},"end":{"line":35,"column":98}},"line":35},"3":{"name":"(anonymous_3)","decl":{"start":{"line":52,"column":7},"end":{"line":52,"column":14}},"loc":{"start":{"line":52,"column":22},"end":{"line":52,"column":87}},"line":52}},"branchMap":{"0":{"loc":{"start":{"line":47,"column":21},"end":{"line":47,"column":null}},"type":"cond-expr","locations":[{"start":{"line":47,"column":46},"end":{"line":47,"column":62}},{"start":{"line":47,"column":62},"end":{"line":47,"column":null}}],"line":47},"1":{"loc":{"start":{"line":48,"column":21},"end":{"line":48,"column":null}},"type":"cond-expr","locations":[{"start":{"line":48,"column":61},"end":{"line":48,"column":74}},{"start":{"line":48,"column":74},"end":{"line":48,"column":null}}],"line":48}},"s":{"0":15,"1":2,"2":2,"3":0,"4":2,"5":2,"6":2,"7":0,"8":2,"9":0,"10":0,"11":0},"f":{"0":2,"1":0,"2":0,"3":0},"b":{"0":[0,0],"1":[0,0]},"meta":{"lastBranch":2,"lastFunction":4,"lastStatement":12,"seen":{"s:9:12:9:Infinity":0,"f:11:22:11:Infinity":0,"s:15:2:15:Infinity":1,"s:17:2:22:Infinity":2,"f:22:5:22:12":1,"s:22:20:22:96":3,"s:24:2:55:Infinity":4,"s:25:17:25:Infinity":5,"s:27:4:35:Infinity":6,"f:35:7:35:14":2,"s:35:22:35:98":7,"s:37:4:37:Infinity":8,"s:39:4:52:Infinity":9,"b:47:46:47:62:47:62:47:Infinity":0,"b:48:61:48:74:48:74:48:Infinity":1,"f:52:7:52:14":3,"s:52:22:52:87":10,"s:54:4:54:Infinity":11}}}
,"C:\\Users\\José Ryan\\IdeaProjects\\projeto-eq15\\MI-server\\src\\controllers\\organizations\\updateOrganizationController.ts": {"path":"C:\\Users\\José Ryan\\IdeaProjects\\projeto-eq15\\MI-server\\src\\controllers\\organizations\\updateOrganizationController.ts","statementMap":{"0":{"start":{"line":9,"column":12},"end":{"line":9,"column":null}},"1":{"start":{"line":15,"column":2},"end":{"line":15,"column":null}},"2":{"start":{"line":17,"column":17},"end":{"line":17,"column":null}},"3":{"start":{"line":18,"column":17},"end":{"line":18,"column":null}},"4":{"start":{"line":20,"column":2},"end":{"line":30,"column":null}},"5":{"start":{"line":30,"column":20},"end":{"line":30,"column":96}},"6":{"start":{"line":32,"column":2},"end":{"line":68,"column":null}},"7":{"start":{"line":33,"column":16},"end":{"line":38,"column":null}},"8":{"start":{"line":40,"column":4},"end":{"line":48,"column":null}},"9":{"start":{"line":48,"column":22},"end":{"line":48,"column":98}},"10":{"start":{"line":50,"column":4},"end":{"line":50,"column":null}},"11":{"start":{"line":52,"column":4},"end":{"line":65,"column":null}},"12":{"start":{"line":65,"column":22},"end":{"line":65,"column":87}},"13":{"start":{"line":67,"column":4},"end":{"line":67,"column":null}}},"fnMap":{"0":{"name":"updateOrganizationController","decl":{"start":{"line":11,"column":22},"end":{"line":11,"column":null}},"loc":{"start":{"line":14,"column":17},"end":{"line":69,"column":null}},"line":14},"1":{"name":"(anonymous_1)","decl":{"start":{"line":30,"column":5},"end":{"line":30,"column":12}},"loc":{"start":{"line":30,"column":20},"end":{"line":30,"column":96}},"line":30},"2":{"name":"(anonymous_2)","decl":{"start":{"line":48,"column":7},"end":{"line":48,"column":14}},"loc":{"start":{"line":48,"column":22},"end":{"line":48,"column":98}},"line":48},"3":{"name":"(anonymous_3)","decl":{"start":{"line":65,"column":7},"end":{"line":65,"column":14}},"loc":{"start":{"line":65,"column":22},"end":{"line":65,"column":87}},"line":65}},"branchMap":{"0":{"loc":{"start":{"line":60,"column":21},"end":{"line":60,"column":null}},"type":"cond-expr","locations":[{"start":{"line":60,"column":46},"end":{"line":60,"column":62}},{"start":{"line":60,"column":62},"end":{"line":60,"column":null}}],"line":60},"1":{"loc":{"start":{"line":61,"column":21},"end":{"line":61,"column":null}},"type":"cond-expr","locations":[{"start":{"line":61,"column":61},"end":{"line":61,"column":74}},{"start":{"line":61,"column":74},"end":{"line":61,"column":null}}],"line":61}},"s":{"0":15,"1":4,"2":4,"3":4,"4":4,"5":0,"6":4,"7":4,"8":1,"9":0,"10":1,"11":3,"12":0,"13":3},"f":{"0":4,"1":0,"2":0,"3":0},"b":{"0":[3,0],"1":[3,0]},"meta":{"lastBranch":2,"lastFunction":4,"lastStatement":14,"seen":{"s:9:12:9:Infinity":0,"f:11:22:11:Infinity":0,"s:15:2:15:Infinity":1,"s:17:17:17:Infinity":2,"s:18:17:18:Infinity":3,"s:20:2:30:Infinity":4,"f:30:5:30:12":1,"s:30:20:30:96":5,"s:32:2:68:Infinity":6,"s:33:16:38:Infinity":7,"s:40:4:48:Infinity":8,"f:48:7:48:14":2,"s:48:22:48:98":9,"s:50:4:50:Infinity":10,"s:52:4:65:Infinity":11,"b:60:46:60:62:60:62:60:Infinity":0,"b:61:61:61:74:61:74:61:Infinity":1,"f:65:7:65:14":3,"s:65:22:65:87":12,"s:67:4:67:Infinity":13}}}
,"C:\\Users\\José Ryan\\IdeaProjects\\projeto-eq15\\MI-server\\src\\controllers\\organizations\\invites\\cancelInviteController.ts": {"path":"C:\\Users\\José Ryan\\IdeaProjects\\projeto-eq15\\MI-server\\src\\controllers\\organizations\\invites\\cancelInviteController.ts","statementMap":{"0":{"start":{"line":9,"column":12},"end":{"line":9,"column":null}},"1":{"start":{"line":15,"column":2},"end":{"line":15,"column":null}},"2":{"start":{"line":17,"column":17},"end":{"line":17,"column":null}},"3":{"start":{"line":19,"column":2},"end":{"line":24,"column":null}},"4":{"start":{"line":24,"column":20},"end":{"line":24,"column":96}},"5":{"start":{"line":26,"column":2},"end":{"line":57,"column":null}},"6":{"start":{"line":27,"column":4},"end":{"line":27,"column":null}},"7":{"start":{"line":29,"column":4},"end":{"line":37,"column":null}},"8":{"start":{"line":37,"column":22},"end":{"line":37,"column":98}},"9":{"start":{"line":39,"column":4},"end":{"line":39,"column":null}},"10":{"start":{"line":41,"column":4},"end":{"line":54,"column":null}},"11":{"start":{"line":54,"column":22},"end":{"line":54,"column":87}},"12":{"start":{"line":56,"column":4},"end":{"line":56,"column":null}}},"fnMap":{"0":{"name":"cancelInviteController","decl":{"start":{"line":11,"column":22},"end":{"line":11,"column":null}},"loc":{"start":{"line":14,"column":17},"end":{"line":58,"column":null}},"line":14},"1":{"name":"(anonymous_1)","decl":{"start":{"line":24,"column":5},"end":{"line":24,"column":12}},"loc":{"start":{"line":24,"column":20},"end":{"line":24,"column":96}},"line":24},"2":{"name":"(anonymous_2)","decl":{"start":{"line":37,"column":7},"end":{"line":37,"column":14}},"loc":{"start":{"line":37,"column":22},"end":{"line":37,"column":98}},"line":37},"3":{"name":"(anonymous_3)","decl":{"start":{"line":54,"column":7},"end":{"line":54,"column":14}},"loc":{"start":{"line":54,"column":22},"end":{"line":54,"column":87}},"line":54}},"branchMap":{"0":{"loc":{"start":{"line":49,"column":21},"end":{"line":49,"column":null}},"type":"cond-expr","locations":[{"start":{"line":49,"column":46},"end":{"line":49,"column":62}},{"start":{"line":49,"column":62},"end":{"line":49,"column":null}}],"line":49},"1":{"loc":{"start":{"line":50,"column":21},"end":{"line":50,"column":null}},"type":"cond-expr","locations":[{"start":{"line":50,"column":61},"end":{"line":50,"column":74}},{"start":{"line":50,"column":74},"end":{"line":50,"column":null}}],"line":50}},"s":{"0":15,"1":4,"2":4,"3":4,"4":0,"5":4,"6":4,"7":1,"8":0,"9":1,"10":3,"11":0,"12":3},"f":{"0":4,"1":0,"2":0,"3":0},"b":{"0":[3,0],"1":[3,0]},"meta":{"lastBranch":2,"lastFunction":4,"lastStatement":13,"seen":{"s:9:12:9:Infinity":0,"f:11:22:11:Infinity":0,"s:15:2:15:Infinity":1,"s:17:17:17:Infinity":2,"s:19:2:24:Infinity":3,"f:24:5:24:12":1,"s:24:20:24:96":4,"s:26:2:57:Infinity":5,"s:27:4:27:Infinity":6,"s:29:4:37:Infinity":7,"f:37:7:37:14":2,"s:37:22:37:98":8,"s:39:4:39:Infinity":9,"s:41:4:54:Infinity":10,"b:49:46:49:62:49:62:49:Infinity":0,"b:50:61:50:74:50:74:50:Infinity":1,"f:54:7:54:14":3,"s:54:22:54:87":11,"s:56:4:56:Infinity":12}}}
,"C:\\Users\\José Ryan\\IdeaProjects\\projeto-eq15\\MI-server\\src\\controllers\\organizations\\invites\\inviteUserController.ts": {"path":"C:\\Users\\José Ryan\\IdeaProjects\\projeto-eq15\\MI-server\\src\\controllers\\organizations\\invites\\inviteUserController.ts","statementMap":{"0":{"start":{"line":9,"column":12},"end":{"line":9,"column":null}},"1":{"start":{"line":15,"column":2},"end":{"line":15,"column":null}},"2":{"start":{"line":17,"column":17},"end":{"line":17,"column":null}},"3":{"start":{"line":18,"column":17},"end":{"line":18,"column":null}},"4":{"start":{"line":20,"column":2},"end":{"line":25,"column":null}},"5":{"start":{"line":25,"column":20},"end":{"line":25,"column":96}},"6":{"start":{"line":27,"column":2},"end":{"line":62,"column":null}},"7":{"start":{"line":28,"column":19},"end":{"line":32,"column":null}},"8":{"start":{"line":34,"column":4},"end":{"line":42,"column":null}},"9":{"start":{"line":42,"column":22},"end":{"line":42,"column":98}},"10":{"start":{"line":44,"column":4},"end":{"line":44,"column":null}},"11":{"start":{"line":46,"column":4},"end":{"line":59,"column":null}},"12":{"start":{"line":59,"column":22},"end":{"line":59,"column":87}},"13":{"start":{"line":61,"column":4},"end":{"line":61,"column":null}}},"fnMap":{"0":{"name":"inviteUserController","decl":{"start":{"line":11,"column":22},"end":{"line":11,"column":null}},"loc":{"start":{"line":14,"column":17},"end":{"line":63,"column":null}},"line":14},"1":{"name":"(anonymous_1)","decl":{"start":{"line":25,"column":5},"end":{"line":25,"column":12}},"loc":{"start":{"line":25,"column":20},"end":{"line":25,"column":96}},"line":25},"2":{"name":"(anonymous_2)","decl":{"start":{"line":42,"column":7},"end":{"line":42,"column":14}},"loc":{"start":{"line":42,"column":22},"end":{"line":42,"column":98}},"line":42},"3":{"name":"(anonymous_3)","decl":{"start":{"line":59,"column":7},"end":{"line":59,"column":14}},"loc":{"start":{"line":59,"column":22},"end":{"line":59,"column":87}},"line":59}},"branchMap":{"0":{"loc":{"start":{"line":54,"column":21},"end":{"line":54,"column":null}},"type":"cond-expr","locations":[{"start":{"line":54,"column":46},"end":{"line":54,"column":62}},{"start":{"line":54,"column":62},"end":{"line":54,"column":null}}],"line":54},"1":{"loc":{"start":{"line":55,"column":21},"end":{"line":55,"column":null}},"type":"cond-expr","locations":[{"start":{"line":55,"column":61},"end":{"line":55,"column":74}},{"start":{"line":55,"column":74},"end":{"line":55,"column":null}}],"line":55}},"s":{"0":15,"1":20,"2":20,"3":20,"4":20,"5":0,"6":20,"7":20,"8":15,"9":0,"10":15,"11":5,"12":0,"13":5},"f":{"0":20,"1":0,"2":0,"3":0},"b":{"0":[5,0],"1":[5,0]},"meta":{"lastBranch":2,"lastFunction":4,"lastStatement":14,"seen":{"s:9:12:9:Infinity":0,"f:11:22:11:Infinity":0,"s:15:2:15:Infinity":1,"s:17:17:17:Infinity":2,"s:18:17:18:Infinity":3,"s:20:2:25:Infinity":4,"f:25:5:25:12":1,"s:25:20:25:96":5,"s:27:2:62:Infinity":6,"s:28:19:32:Infinity":7,"s:34:4:42:Infinity":8,"f:42:7:42:14":2,"s:42:22:42:98":9,"s:44:4:44:Infinity":10,"s:46:4:59:Infinity":11,"b:54:46:54:62:54:62:54:Infinity":0,"b:55:61:55:74:55:74:55:Infinity":1,"f:59:7:59:14":3,"s:59:22:59:87":12,"s:61:4:61:Infinity":13}}}
,"C:\\Users\\José Ryan\\IdeaProjects\\projeto-eq15\\MI-server\\src\\controllers\\organizations\\invites\\listMyInvitesController.ts": {"path":"C:\\Users\\José Ryan\\IdeaProjects\\projeto-eq15\\MI-server\\src\\controllers\\organizations\\invites\\listMyInvitesController.ts","statementMap":{"0":{"start":{"line":9,"column":12},"end":{"line":9,"column":null}},"1":{"start":{"line":15,"column":2},"end":{"line":15,"column":null}},"2":{"start":{"line":17,"column":2},"end":{"line":22,"column":null}},"3":{"start":{"line":22,"column":20},"end":{"line":22,"column":96}},"4":{"start":{"line":24,"column":2},"end":{"line":55,"column":null}},"5":{"start":{"line":25,"column":20},"end":{"line":25,"column":null}},"6":{"start":{"line":27,"column":4},"end":{"line":35,"column":null}},"7":{"start":{"line":35,"column":22},"end":{"line":35,"column":98}},"8":{"start":{"line":37,"column":4},"end":{"line":37,"column":null}},"9":{"start":{"line":39,"column":4},"end":{"line":52,"column":null}},"10":{"start":{"line":52,"column":22},"end":{"line":52,"column":87}},"11":{"start":{"line":54,"column":4},"end":{"line":54,"column":null}}},"fnMap":{"0":{"name":"listMyInvitesController","decl":{"start":{"line":11,"column":22},"end":{"line":11,"column":null}},"loc":{"start":{"line":14,"column":17},"end":{"line":56,"column":null}},"line":14},"1":{"name":"(anonymous_1)","decl":{"start":{"line":22,"column":5},"end":{"line":22,"column":12}},"loc":{"start":{"line":22,"column":20},"end":{"line":22,"column":96}},"line":22},"2":{"name":"(anonymous_2)","decl":{"start":{"line":35,"column":7},"end":{"line":35,"column":14}},"loc":{"start":{"line":35,"column":22},"end":{"line":35,"column":98}},"line":35},"3":{"name":"(anonymous_3)","decl":{"start":{"line":52,"column":7},"end":{"line":52,"column":14}},"loc":{"start":{"line":52,"column":22},"end":{"line":52,"column":87}},"line":52}},"branchMap":{"0":{"loc":{"start":{"line":47,"column":21},"end":{"line":47,"column":null}},"type":"cond-expr","locations":[{"start":{"line":47,"column":46},"end":{"line":47,"column":62}},{"start":{"line":47,"column":62},"end":{"line":47,"column":null}}],"line":47},"1":{"loc":{"start":{"line":48,"column":21},"end":{"line":48,"column":null}},"type":"cond-expr","locations":[{"start":{"line":48,"column":61},"end":{"line":48,"column":74}},{"start":{"line":48,"column":74},"end":{"line":48,"column":null}}],"line":48}},"s":{"0":15,"1":1,"2":1,"3":0,"4":1,"5":1,"6":1,"7":0,"8":1,"9":0,"10":0,"11":0},"f":{"0":1,"1":0,"2":0,"3":0},"b":{"0":[0,0],"1":[0,0]},"meta":{"lastBranch":2,"lastFunction":4,"lastStatement":12,"seen":{"s:9:12:9:Infinity":0,"f:11:22:11:Infinity":0,"s:15:2:15:Infinity":1,"s:17:2:22:Infinity":2,"f:22:5:22:12":1,"s:22:20:22:96":3,"s:24:2:55:Infinity":4,"s:25:20:25:Infinity":5,"s:27:4:35:Infinity":6,"f:35:7:35:14":2,"s:35:22:35:98":7,"s:37:4:37:Infinity":8,"s:39:4:52:Infinity":9,"b:47:46:47:62:47:62:47:Infinity":0,"b:48:61:48:74:48:74:48:Infinity":1,"f:52:7:52:14":3,"s:52:22:52:87":10,"s:54:4:54:Infinity":11}}}
,"C:\\Users\\José Ryan\\IdeaProjects\\projeto-eq15\\MI-server\\src\\controllers\\organizations\\invites\\pendingInviteCountController.ts": {"path":"C:\\Users\\José Ryan\\IdeaProjects\\projeto-eq15\\MI-server\\src\\controllers\\organizations\\invites\\pendingInviteCountController.ts","statementMap":{"0":{"start":{"line":7,"column":12},"end":{"line":7,"column":null}},"1":{"start":{"line":13,"column":2},"end":{"line":13,"column":null}},"2":{"start":{"line":15,"column":2},"end":{"line":20,"column":null}},"3":{"start":{"line":16,"column":19},"end":{"line":16,"column":null}},"4":{"start":{"line":17,"column":4},"end":{"line":17,"column":null}},"5":{"start":{"line":19,"column":4},"end":{"line":19,"column":null}}},"fnMap":{"0":{"name":"pendingInviteCountController","decl":{"start":{"line":9,"column":22},"end":{"line":9,"column":null}},"loc":{"start":{"line":12,"column":17},"end":{"line":21,"column":null}},"line":12}},"branchMap":{},"s":{"0":15,"1":1,"2":1,"3":1,"4":1,"5":0},"f":{"0":1},"b":{},"meta":{"lastBranch":0,"lastFunction":1,"lastStatement":6,"seen":{"s:7:12:7:Infinity":0,"f:9:22:9:Infinity":0,"s:13:2:13:Infinity":1,"s:15:2:20:Infinity":2,"s:16:19:16:Infinity":3,"s:17:4:17:Infinity":4,"s:19:4:19:Infinity":5}}}
,"C:\\Users\\José Ryan\\IdeaProjects\\projeto-eq15\\MI-server\\src\\controllers\\organizations\\invites\\respondInviteController.ts": {"path":"C:\\Users\\José Ryan\\IdeaProjects\\projeto-eq15\\MI-server\\src\\controllers\\organizations\\invites\\respondInviteController.ts","statementMap":{"0":{"start":{"line":9,"column":12},"end":{"line":9,"column":null}},"1":{"start":{"line":15,"column":2},"end":{"line":15,"column":null}},"2":{"start":{"line":17,"column":17},"end":{"line":17,"column":null}},"3":{"start":{"line":18,"column":17},"end":{"line":18,"column":null}},"4":{"start":{"line":20,"column":2},"end":{"line":25,"column":null}},"5":{"start":{"line":25,"column":20},"end":{"line":25,"column":96}},"6":{"start":{"line":27,"column":2},"end":{"line":62,"column":null}},"7":{"start":{"line":28,"column":4},"end":{"line":32,"column":null}},"8":{"start":{"line":34,"column":4},"end":{"line":42,"column":null}},"9":{"start":{"line":42,"column":22},"end":{"line":42,"column":98}},"10":{"start":{"line":44,"column":4},"end":{"line":44,"column":null}},"11":{"start":{"line":46,"column":4},"end":{"line":59,"column":null}},"12":{"start":{"line":59,"column":22},"end":{"line":59,"column":87}},"13":{"start":{"line":61,"column":4},"end":{"line":61,"column":null}}},"fnMap":{"0":{"name":"respondInviteController","decl":{"start":{"line":11,"column":22},"end":{"line":11,"column":null}},"loc":{"start":{"line":14,"column":17},"end":{"line":63,"column":null}},"line":14},"1":{"name":"(anonymous_1)","decl":{"start":{"line":25,"column":5},"end":{"line":25,"column":12}},"loc":{"start":{"line":25,"column":20},"end":{"line":25,"column":96}},"line":25},"2":{"name":"(anonymous_2)","decl":{"start":{"line":42,"column":7},"end":{"line":42,"column":14}},"loc":{"start":{"line":42,"column":22},"end":{"line":42,"column":98}},"line":42},"3":{"name":"(anonymous_3)","decl":{"start":{"line":59,"column":7},"end":{"line":59,"column":14}},"loc":{"start":{"line":59,"column":22},"end":{"line":59,"column":87}},"line":59}},"branchMap":{"0":{"loc":{"start":{"line":54,"column":21},"end":{"line":54,"column":null}},"type":"cond-expr","locations":[{"start":{"line":54,"column":46},"end":{"line":54,"column":62}},{"start":{"line":54,"column":62},"end":{"line":54,"column":null}}],"line":54},"1":{"loc":{"start":{"line":55,"column":21},"end":{"line":55,"column":null}},"type":"cond-expr","locations":[{"start":{"line":55,"column":61},"end":{"line":55,"column":74}},{"start":{"line":55,"column":74},"end":{"line":55,"column":null}}],"line":55}},"s":{"0":15,"1":12,"2":12,"3":12,"4":12,"5":0,"6":12,"7":12,"8":9,"9":0,"10":9,"11":3,"12":0,"13":3},"f":{"0":12,"1":0,"2":0,"3":0},"b":{"0":[3,0],"1":[3,0]},"meta":{"lastBranch":2,"lastFunction":4,"lastStatement":14,"seen":{"s:9:12:9:Infinity":0,"f:11:22:11:Infinity":0,"s:15:2:15:Infinity":1,"s:17:17:17:Infinity":2,"s:18:17:18:Infinity":3,"s:20:2:25:Infinity":4,"f:25:5:25:12":1,"s:25:20:25:96":5,"s:27:2:62:Infinity":6,"s:28:4:32:Infinity":7,"s:34:4:42:Infinity":8,"f:42:7:42:14":2,"s:42:22:42:98":9,"s:44:4:44:Infinity":10,"s:46:4:59:Infinity":11,"b:54:46:54:62:54:62:54:Infinity":0,"b:55:61:55:74:55:74:55:Infinity":1,"f:59:7:59:14":3,"s:59:22:59:87":12,"s:61:4:61:Infinity":13}}}
,"C:\\Users\\José Ryan\\IdeaProjects\\projeto-eq15\\MI-server\\src\\controllers\\organizations\\materials\\listOrgMaterialsController.ts": {"path":"C:\\Users\\José Ryan\\IdeaProjects\\projeto-eq15\\MI-server\\src\\controllers\\organizations\\materials\\listOrgMaterialsController.ts","statementMap":{"0":{"start":{"line":9,"column":12},"end":{"line":9,"column":null}},"1":{"start":{"line":15,"column":2},"end":{"line":15,"column":null}},"2":{"start":{"line":17,"column":17},"end":{"line":17,"column":null}},"3":{"start":{"line":19,"column":2},"end":{"line":24,"column":null}},"4":{"start":{"line":24,"column":20},"end":{"line":24,"column":96}},"5":{"start":{"line":26,"column":2},"end":{"line":60,"column":null}},"6":{"start":{"line":27,"column":22},"end":{"line":30,"column":null}},"7":{"start":{"line":32,"column":4},"end":{"line":40,"column":null}},"8":{"start":{"line":40,"column":22},"end":{"line":40,"column":98}},"9":{"start":{"line":42,"column":4},"end":{"line":42,"column":null}},"10":{"start":{"line":44,"column":4},"end":{"line":57,"column":null}},"11":{"start":{"line":57,"column":22},"end":{"line":57,"column":87}},"12":{"start":{"line":59,"column":4},"end":{"line":59,"column":null}}},"fnMap":{"0":{"name":"listOrgMaterialsController","decl":{"start":{"line":11,"column":22},"end":{"line":11,"column":null}},"loc":{"start":{"line":14,"column":17},"end":{"line":61,"column":null}},"line":14},"1":{"name":"(anonymous_1)","decl":{"start":{"line":24,"column":5},"end":{"line":24,"column":12}},"loc":{"start":{"line":24,"column":20},"end":{"line":24,"column":96}},"line":24},"2":{"name":"(anonymous_2)","decl":{"start":{"line":40,"column":7},"end":{"line":40,"column":14}},"loc":{"start":{"line":40,"column":22},"end":{"line":40,"column":98}},"line":40},"3":{"name":"(anonymous_3)","decl":{"start":{"line":57,"column":7},"end":{"line":57,"column":14}},"loc":{"start":{"line":57,"column":22},"end":{"line":57,"column":87}},"line":57}},"branchMap":{"0":{"loc":{"start":{"line":52,"column":21},"end":{"line":52,"column":null}},"type":"cond-expr","locations":[{"start":{"line":52,"column":46},"end":{"line":52,"column":62}},{"start":{"line":52,"column":62},"end":{"line":52,"column":null}}],"line":52},"1":{"loc":{"start":{"line":53,"column":21},"end":{"line":53,"column":null}},"type":"cond-expr","locations":[{"start":{"line":53,"column":61},"end":{"line":53,"column":74}},{"start":{"line":53,"column":74},"end":{"line":53,"column":null}}],"line":53}},"s":{"0":15,"1":3,"2":3,"3":3,"4":0,"5":3,"6":3,"7":1,"8":0,"9":1,"10":2,"11":0,"12":2},"f":{"0":3,"1":0,"2":0,"3":0},"b":{"0":[2,0],"1":[2,0]},"meta":{"lastBranch":2,"lastFunction":4,"lastStatement":13,"seen":{"s:9:12:9:Infinity":0,"f:11:22:11:Infinity":0,"s:15:2:15:Infinity":1,"s:17:17:17:Infinity":2,"s:19:2:24:Infinity":3,"f:24:5:24:12":1,"s:24:20:24:96":4,"s:26:2:60:Infinity":5,"s:27:22:30:Infinity":6,"s:32:4:40:Infinity":7,"f:40:7:40:14":2,"s:40:22:40:98":8,"s:42:4:42:Infinity":9,"s:44:4:57:Infinity":10,"b:52:46:52:62:52:62:52:Infinity":0,"b:53:61:53:74:53:74:53:Infinity":1,"f:57:7:57:14":3,"s:57:22:57:87":11,"s:59:4:59:Infinity":12}}}
,"C:\\Users\\José Ryan\\IdeaProjects\\projeto-eq15\\MI-server\\src\\controllers\\organizations\\materials\\uploadOrgMaterialController.ts": {"path":"C:\\Users\\José Ryan\\IdeaProjects\\projeto-eq15\\MI-server\\src\\controllers\\organizations\\materials\\uploadOrgMaterialController.ts","statementMap":{"0":{"start":{"line":11,"column":12},"end":{"line":11,"column":null}},"1":{"start":{"line":14,"column":27},"end":{"line":14,"column":null}},"2":{"start":{"line":15,"column":2},"end":{"line":17,"column":null}},"3":{"start":{"line":16,"column":4},"end":{"line":16,"column":null}},"4":{"start":{"line":18,"column":2},"end":{"line":18,"column":null}},"5":{"start":{"line":34,"column":2},"end":{"line":34,"column":null}},"6":{"start":{"line":36,"column":2},"end":{"line":85,"column":null}},"7":{"start":{"line":37,"column":22},"end":{"line":37,"column":null}},"8":{"start":{"line":39,"column":4},"end":{"line":39,"column":null}},"9":{"start":{"line":41,"column":42},"end":{"line":41,"column":null}},"10":{"start":{"line":42,"column":42},"end":{"line":42,"column":null}},"11":{"start":{"line":43,"column":42},"end":{"line":43,"column":null}},"12":{"start":{"line":46,"column":4},"end":{"line":60,"column":null}},"13":{"start":{"line":47,"column":6},"end":{"line":59,"column":null}},"14":{"start":{"line":48,"column":8},"end":{"line":50,"column":null}},"15":{"start":{"line":49,"column":10},"end":{"line":49,"column":null}},"16":{"start":{"line":52,"column":8},"end":{"line":58,"column":null}},"17":{"start":{"line":53,"column":10},"end":{"line":53,"column":null}},"18":{"start":{"line":54,"column":10},"end":{"line":54,"column":null}},"19":{"start":{"line":55,"column":10},"end":{"line":55,"column":null}},"20":{"start":{"line":57,"column":10},"end":{"line":57,"column":null}},"21":{"start":{"line":62,"column":4},"end":{"line":67,"column":null}},"22":{"start":{"line":63,"column":6},"end":{"line":66,"column":null}},"23":{"start":{"line":69,"column":26},"end":{"line":71,"column":null}},"24":{"start":{"line":73,"column":15},"end":{"line":80,"column":null}},"25":{"start":{"line":82,"column":4},"end":{"line":82,"column":null}},"26":{"start":{"line":84,"column":4},"end":{"line":84,"column":null}}},"fnMap":{"0":{"name":"collectBuffer","decl":{"start":{"line":13,"column":15},"end":{"line":13,"column":29}},"loc":{"start":{"line":13,"column":77},"end":{"line":19,"column":null}},"line":13},"1":{"name":"uploadOrgMaterialController","decl":{"start":{"line":30,"column":22},"end":{"line":30,"column":null}},"loc":{"start":{"line":33,"column":17},"end":{"line":86,"column":null}},"line":33}},"branchMap":{"0":{"loc":{"start":{"line":16,"column":16},"end":{"line":16,"column":67}},"type":"cond-expr","locations":[{"start":{"line":16,"column":41},"end":{"line":16,"column":49}},{"start":{"line":16,"column":49},"end":{"line":16,"column":67}}],"line":16},"1":{"loc":{"start":{"line":47,"column":6},"end":{"line":59,"column":null}},"type":"if","locations":[{"start":{"line":47,"column":6},"end":{"line":59,"column":null}},{"start":{"line":51,"column":13},"end":{"line":59,"column":null}}],"line":47},"2":{"loc":{"start":{"line":48,"column":8},"end":{"line":50,"column":null}},"type":"if","locations":[{"start":{"line":48,"column":8},"end":{"line":50,"column":null}},{"start":{},"end":{}}],"line":48},"3":{"loc":{"start":{"line":52,"column":8},"end":{"line":58,"column":null}},"type":"if","locations":[{"start":{"line":52,"column":8},"end":{"line":58,"column":null}},{"start":{"line":56,"column":15},"end":{"line":58,"column":null}}],"line":52},"4":{"loc":{"start":{"line":53,"column":29},"end":{"line":53,"column":null}},"type":"binary-expr","locations":[{"start":{"line":53,"column":29},"end":{"line":53,"column":46}},{"start":{"line":53,"column":46},"end":{"line":53,"column":null}}],"line":53},"5":{"loc":{"start":{"line":62,"column":4},"end":{"line":67,"column":null}},"type":"if","locations":[{"start":{"line":62,"column":4},"end":{"line":67,"column":null}},{"start":{},"end":{}}],"line":62},"6":{"loc":{"start":{"line":62,"column":8},"end":{"line":62,"column":55}},"type":"binary-expr","locations":[{"start":{"line":62,"column":8},"end":{"line":62,"column":23}},{"start":{"line":62,"column":23},"end":{"line":62,"column":44}},{"start":{"line":62,"column":44},"end":{"line":62,"column":55}}],"line":62},"7":{"loc":{"start":{"line":69,"column":26},"end":{"line":71,"column":null}},"type":"cond-expr","locations":[{"start":{"line":70,"column":8},"end":{"line":70,"column":null}},{"start":{"line":71,"column":8},"end":{"line":71,"column":null}}],"line":69},"8":{"loc":{"start":{"line":71,"column":8},"end":{"line":71,"column":null}},"type":"binary-expr","locations":[{"start":{"line":71,"column":8},"end":{"line":71,"column":58}},{"start":{"line":71,"column":58},"end":{"line":71,"column":null}}],"line":71}},"s":{"0":15,"1":1,"2":1,"3":1,"4":1,"5":2,"6":2,"7":2,"8":2,"9":1,"10":1,"11":1,"12":1,"13":2,"14":1,"15":1,"16":1,"17":1,"18":1,"19":1,"20":0,"21":1,"22":0,"23":1,"24":2,"25":1,"26":1},"f":{"0":1,"1":2},"b":{"0":[1,0],"1":[1,1],"2":[1,0],"3":[1,0],"4":[1,0],"5":[0,1],"6":[1,1,1],"7":[1,0],"8":[0,0]},"meta":{"lastBranch":9,"lastFunction":2,"lastStatement":27,"seen":{"s:11:12:11:Infinity":0,"f:13:15:13:29":0,"s:14:27:14:Infinity":1,"s:15:2:17:Infinity":2,"s:16:4:16:Infinity":3,"b:16:41:16:49:16:49:16:67":0,"s:18:2:18:Infinity":4,"f:30:22:30:Infinity":1,"s:34:2:34:Infinity":5,"s:36:2:85:Infinity":6,"s:37:22:37:Infinity":7,"s:39:4:39:Infinity":8,"s:41:42:41:Infinity":9,"s:42:42:42:Infinity":10,"s:43:42:43:Infinity":11,"s:46:4:60:Infinity":12,"b:47:6:59:Infinity:51:13:59:Infinity":1,"s:47:6:59:Infinity":13,"b:48:8:50:Infinity:undefined:undefined:undefined:undefined":2,"s:48:8:50:Infinity":14,"s:49:10:49:Infinity":15,"b:52:8:58:Infinity:56:15:58:Infinity":3,"s:52:8:58:Infinity":16,"s:53:10:53:Infinity":17,"b:53:29:53:46:53:46:53:Infinity":4,"s:54:10:54:Infinity":18,"s:55:10:55:Infinity":19,"s:57:10:57:Infinity":20,"b:62:4:67:Infinity:undefined:undefined:undefined:undefined":5,"s:62:4:67:Infinity":21,"b:62:8:62:23:62:23:62:44:62:44:62:55":6,"s:63:6:66:Infinity":22,"s:69:26:71:Infinity":23,"b:70:8:70:Infinity:71:8:71:Infinity":7,"b:71:8:71:58:71:58:71:Infinity":8,"s:73:15:80:Infinity":24,"s:82:4:82:Infinity":25,"s:84:4:84:Infinity":26}}}
,"C:\\Users\\José Ryan\\IdeaProjects\\projeto-eq15\\MI-server\\src\\controllers\\organizations\\members\\leaveOrganizationController.ts": {"path":"C:\\Users\\José Ryan\\IdeaProjects\\projeto-eq15\\MI-server\\src\\controllers\\organizations\\members\\leaveOrganizationController.ts","statementMap":{"0":{"start":{"line":9,"column":12},"end":{"line":9,"column":null}},"1":{"start":{"line":15,"column":2},"end":{"line":15,"column":null}},"2":{"start":{"line":17,"column":17},"end":{"line":17,"column":null}},"3":{"start":{"line":19,"column":2},"end":{"line":24,"column":null}},"4":{"start":{"line":24,"column":20},"end":{"line":24,"column":96}},"5":{"start":{"line":26,"column":2},"end":{"line":57,"column":null}},"6":{"start":{"line":27,"column":4},"end":{"line":27,"column":null}},"7":{"start":{"line":29,"column":4},"end":{"line":37,"column":null}},"8":{"start":{"line":37,"column":22},"end":{"line":37,"column":98}},"9":{"start":{"line":39,"column":4},"end":{"line":39,"column":null}},"10":{"start":{"line":41,"column":4},"end":{"line":54,"column":null}},"11":{"start":{"line":54,"column":22},"end":{"line":54,"column":87}},"12":{"start":{"line":56,"column":4},"end":{"line":56,"column":null}}},"fnMap":{"0":{"name":"leaveOrganizationController","decl":{"start":{"line":11,"column":22},"end":{"line":11,"column":null}},"loc":{"start":{"line":14,"column":17},"end":{"line":58,"column":null}},"line":14},"1":{"name":"(anonymous_1)","decl":{"start":{"line":24,"column":5},"end":{"line":24,"column":12}},"loc":{"start":{"line":24,"column":20},"end":{"line":24,"column":96}},"line":24},"2":{"name":"(anonymous_2)","decl":{"start":{"line":37,"column":7},"end":{"line":37,"column":14}},"loc":{"start":{"line":37,"column":22},"end":{"line":37,"column":98}},"line":37},"3":{"name":"(anonymous_3)","decl":{"start":{"line":54,"column":7},"end":{"line":54,"column":14}},"loc":{"start":{"line":54,"column":22},"end":{"line":54,"column":87}},"line":54}},"branchMap":{"0":{"loc":{"start":{"line":49,"column":21},"end":{"line":49,"column":null}},"type":"cond-expr","locations":[{"start":{"line":49,"column":46},"end":{"line":49,"column":62}},{"start":{"line":49,"column":62},"end":{"line":49,"column":null}}],"line":49},"1":{"loc":{"start":{"line":50,"column":21},"end":{"line":50,"column":null}},"type":"cond-expr","locations":[{"start":{"line":50,"column":61},"end":{"line":50,"column":74}},{"start":{"line":50,"column":74},"end":{"line":50,"column":null}}],"line":50}},"s":{"0":15,"1":3,"2":3,"3":3,"4":0,"5":3,"6":3,"7":1,"8":0,"9":1,"10":2,"11":0,"12":2},"f":{"0":3,"1":0,"2":0,"3":0},"b":{"0":[2,0],"1":[2,0]},"meta":{"lastBranch":2,"lastFunction":4,"lastStatement":13,"seen":{"s:9:12:9:Infinity":0,"f:11:22:11:Infinity":0,"s:15:2:15:Infinity":1,"s:17:17:17:Infinity":2,"s:19:2:24:Infinity":3,"f:24:5:24:12":1,"s:24:20:24:96":4,"s:26:2:57:Infinity":5,"s:27:4:27:Infinity":6,"s:29:4:37:Infinity":7,"f:37:7:37:14":2,"s:37:22:37:98":8,"s:39:4:39:Infinity":9,"s:41:4:54:Infinity":10,"b:49:46:49:62:49:62:49:Infinity":0,"b:50:61:50:74:50:74:50:Infinity":1,"f:54:7:54:14":3,"s:54:22:54:87":11,"s:56:4:56:Infinity":12}}}
,"C:\\Users\\José Ryan\\IdeaProjects\\projeto-eq15\\MI-server\\src\\controllers\\organizations\\members\\listOrgMembersController.ts": {"path":"C:\\Users\\José Ryan\\IdeaProjects\\projeto-eq15\\MI-server\\src\\controllers\\organizations\\members\\listOrgMembersController.ts","statementMap":{"0":{"start":{"line":9,"column":12},"end":{"line":9,"column":null}},"1":{"start":{"line":15,"column":2},"end":{"line":15,"column":null}},"2":{"start":{"line":17,"column":17},"end":{"line":17,"column":null}},"3":{"start":{"line":19,"column":2},"end":{"line":24,"column":null}},"4":{"start":{"line":24,"column":20},"end":{"line":24,"column":96}},"5":{"start":{"line":26,"column":2},"end":{"line":60,"column":null}},"6":{"start":{"line":27,"column":20},"end":{"line":30,"column":null}},"7":{"start":{"line":32,"column":4},"end":{"line":40,"column":null}},"8":{"start":{"line":40,"column":22},"end":{"line":40,"column":98}},"9":{"start":{"line":42,"column":4},"end":{"line":42,"column":null}},"10":{"start":{"line":44,"column":4},"end":{"line":57,"column":null}},"11":{"start":{"line":57,"column":22},"end":{"line":57,"column":87}},"12":{"start":{"line":59,"column":4},"end":{"line":59,"column":null}}},"fnMap":{"0":{"name":"listOrgMembersController","decl":{"start":{"line":11,"column":22},"end":{"line":11,"column":null}},"loc":{"start":{"line":14,"column":17},"end":{"line":61,"column":null}},"line":14},"1":{"name":"(anonymous_1)","decl":{"start":{"line":24,"column":5},"end":{"line":24,"column":12}},"loc":{"start":{"line":24,"column":20},"end":{"line":24,"column":96}},"line":24},"2":{"name":"(anonymous_2)","decl":{"start":{"line":40,"column":7},"end":{"line":40,"column":14}},"loc":{"start":{"line":40,"column":22},"end":{"line":40,"column":98}},"line":40},"3":{"name":"(anonymous_3)","decl":{"start":{"line":57,"column":7},"end":{"line":57,"column":14}},"loc":{"start":{"line":57,"column":22},"end":{"line":57,"column":87}},"line":57}},"branchMap":{"0":{"loc":{"start":{"line":52,"column":21},"end":{"line":52,"column":null}},"type":"cond-expr","locations":[{"start":{"line":52,"column":46},"end":{"line":52,"column":62}},{"start":{"line":52,"column":62},"end":{"line":52,"column":null}}],"line":52},"1":{"loc":{"start":{"line":53,"column":21},"end":{"line":53,"column":null}},"type":"cond-expr","locations":[{"start":{"line":53,"column":61},"end":{"line":53,"column":74}},{"start":{"line":53,"column":74},"end":{"line":53,"column":null}}],"line":53}},"s":{"0":15,"1":3,"2":3,"3":3,"4":0,"5":3,"6":3,"7":1,"8":0,"9":1,"10":2,"11":0,"12":2},"f":{"0":3,"1":0,"2":0,"3":0},"b":{"0":[2,0],"1":[2,0]},"meta":{"lastBranch":2,"lastFunction":4,"lastStatement":13,"seen":{"s:9:12:9:Infinity":0,"f:11:22:11:Infinity":0,"s:15:2:15:Infinity":1,"s:17:17:17:Infinity":2,"s:19:2:24:Infinity":3,"f:24:5:24:12":1,"s:24:20:24:96":4,"s:26:2:60:Infinity":5,"s:27:20:30:Infinity":6,"s:32:4:40:Infinity":7,"f:40:7:40:14":2,"s:40:22:40:98":8,"s:42:4:42:Infinity":9,"s:44:4:57:Infinity":10,"b:52:46:52:62:52:62:52:Infinity":0,"b:53:61:53:74:53:74:53:Infinity":1,"f:57:7:57:14":3,"s:57:22:57:87":11,"s:59:4:59:Infinity":12}}}
,"C:\\Users\\José Ryan\\IdeaProjects\\projeto-eq15\\MI-server\\src\\controllers\\organizations\\members\\removeMemberController.ts": {"path":"C:\\Users\\José Ryan\\IdeaProjects\\projeto-eq15\\MI-server\\src\\controllers\\organizations\\members\\removeMemberController.ts","statementMap":{"0":{"start":{"line":9,"column":12},"end":{"line":9,"column":null}},"1":{"start":{"line":15,"column":2},"end":{"line":15,"column":null}},"2":{"start":{"line":17,"column":17},"end":{"line":17,"column":null}},"3":{"start":{"line":19,"column":2},"end":{"line":24,"column":null}},"4":{"start":{"line":24,"column":20},"end":{"line":24,"column":96}},"5":{"start":{"line":26,"column":2},"end":{"line":61,"column":null}},"6":{"start":{"line":27,"column":4},"end":{"line":31,"column":null}},"7":{"start":{"line":33,"column":4},"end":{"line":41,"column":null}},"8":{"start":{"line":41,"column":22},"end":{"line":41,"column":98}},"9":{"start":{"line":43,"column":4},"end":{"line":43,"column":null}},"10":{"start":{"line":45,"column":4},"end":{"line":58,"column":null}},"11":{"start":{"line":58,"column":22},"end":{"line":58,"column":87}},"12":{"start":{"line":60,"column":4},"end":{"line":60,"column":null}}},"fnMap":{"0":{"name":"removeMemberController","decl":{"start":{"line":11,"column":22},"end":{"line":11,"column":null}},"loc":{"start":{"line":14,"column":17},"end":{"line":62,"column":null}},"line":14},"1":{"name":"(anonymous_1)","decl":{"start":{"line":24,"column":5},"end":{"line":24,"column":12}},"loc":{"start":{"line":24,"column":20},"end":{"line":24,"column":96}},"line":24},"2":{"name":"(anonymous_2)","decl":{"start":{"line":41,"column":7},"end":{"line":41,"column":14}},"loc":{"start":{"line":41,"column":22},"end":{"line":41,"column":98}},"line":41},"3":{"name":"(anonymous_3)","decl":{"start":{"line":58,"column":7},"end":{"line":58,"column":14}},"loc":{"start":{"line":58,"column":22},"end":{"line":58,"column":87}},"line":58}},"branchMap":{"0":{"loc":{"start":{"line":53,"column":21},"end":{"line":53,"column":null}},"type":"cond-expr","locations":[{"start":{"line":53,"column":46},"end":{"line":53,"column":62}},{"start":{"line":53,"column":62},"end":{"line":53,"column":null}}],"line":53},"1":{"loc":{"start":{"line":54,"column":21},"end":{"line":54,"column":null}},"type":"cond-expr","locations":[{"start":{"line":54,"column":61},"end":{"line":54,"column":74}},{"start":{"line":54,"column":74},"end":{"line":54,"column":null}}],"line":54}},"s":{"0":15,"1":4,"2":4,"3":4,"4":0,"5":4,"6":4,"7":1,"8":0,"9":1,"10":3,"11":0,"12":3},"f":{"0":4,"1":0,"2":0,"3":0},"b":{"0":[3,0],"1":[3,0]},"meta":{"lastBranch":2,"lastFunction":4,"lastStatement":13,"seen":{"s:9:12:9:Infinity":0,"f:11:22:11:Infinity":0,"s:15:2:15:Infinity":1,"s:17:17:17:Infinity":2,"s:19:2:24:Infinity":3,"f:24:5:24:12":1,"s:24:20:24:96":4,"s:26:2:61:Infinity":5,"s:27:4:31:Infinity":6,"s:33:4:41:Infinity":7,"f:41:7:41:14":2,"s:41:22:41:98":8,"s:43:4:43:Infinity":9,"s:45:4:58:Infinity":10,"b:53:46:53:62:53:62:53:Infinity":0,"b:54:61:54:74:54:74:54:Infinity":1,"f:58:7:58:14":3,"s:58:22:58:87":11,"s:60:4:60:Infinity":12}}}
,"C:\\Users\\José Ryan\\IdeaProjects\\projeto-eq15\\MI-server\\src\\controllers\\resources\\materials\\pdf\\materialPdfAllListController.ts": {"path":"C:\\Users\\José Ryan\\IdeaProjects\\projeto-eq15\\MI-server\\src\\controllers\\resources\\materials\\pdf\\materialPdfAllListController.ts","statementMap":{"0":{"start":{"line":10,"column":12},"end":{"line":10,"column":null}},"1":{"start":{"line":25,"column":2},"end":{"line":25,"column":null}},"2":{"start":{"line":27,"column":2},"end":{"line":35,"column":null}},"3":{"start":{"line":28,"column":4},"end":{"line":28,"column":null}},"4":{"start":{"line":30,"column":19},"end":{"line":30,"column":null}},"5":{"start":{"line":32,"column":4},"end":{"line":32,"column":null}},"6":{"start":{"line":34,"column":4},"end":{"line":34,"column":null}}},"fnMap":{"0":{"name":"materialPdfAllListController","decl":{"start":{"line":21,"column":22},"end":{"line":21,"column":null}},"loc":{"start":{"line":24,"column":17},"end":{"line":36,"column":null}},"line":24}},"branchMap":{},"s":{"0":15,"1":2,"2":2,"3":2,"4":2,"5":1,"6":1},"f":{"0":2},"b":{},"meta":{"lastBranch":0,"lastFunction":1,"lastStatement":7,"seen":{"s:10:12:10:Infinity":0,"f:21:22:21:Infinity":0,"s:25:2:25:Infinity":1,"s:27:2:35:Infinity":2,"s:28:4:28:Infinity":3,"s:30:19:30:Infinity":4,"s:32:4:32:Infinity":5,"s:34:4:34:Infinity":6}}}
,"C:\\Users\\José Ryan\\IdeaProjects\\projeto-eq15\\MI-server\\src\\controllers\\resources\\materials\\pdf\\materialPdfChatController.ts": {"path":"C:\\Users\\José Ryan\\IdeaProjects\\projeto-eq15\\MI-server\\src\\controllers\\resources\\materials\\pdf\\materialPdfChatController.ts","statementMap":{"0":{"start":{"line":13,"column":22},"end":{"line":13,"column":null}},"1":{"start":{"line":15,"column":12},"end":{"line":15,"column":null}},"2":{"start":{"line":28,"column":2},"end":{"line":28,"column":null}},"3":{"start":{"line":30,"column":23},"end":{"line":30,"column":null}},"4":{"start":{"line":31,"column":23},"end":{"line":31,"column":null}},"5":{"start":{"line":33,"column":2},"end":{"line":49,"column":null}},"6":{"start":{"line":49,"column":20},"end":{"line":49,"column":96}},"7":{"start":{"line":51,"column":2},"end":{"line":104,"column":null}},"8":{"start":{"line":52,"column":4},"end":{"line":52,"column":null}},"9":{"start":{"line":54,"column":19},"end":{"line":58,"column":null}},"10":{"start":{"line":60,"column":4},"end":{"line":83,"column":null}},"11":{"start":{"line":83,"column":22},"end":{"line":83,"column":98}},"12":{"start":{"line":85,"column":4},"end":{"line":85,"column":null}},"13":{"start":{"line":87,"column":4},"end":{"line":101,"column":null}},"14":{"start":{"line":101,"column":22},"end":{"line":101,"column":87}},"15":{"start":{"line":103,"column":4},"end":{"line":103,"column":null}}},"fnMap":{"0":{"name":"materialPdfChatController","decl":{"start":{"line":24,"column":22},"end":{"line":24,"column":null}},"loc":{"start":{"line":27,"column":17},"end":{"line":105,"column":null}},"line":27},"1":{"name":"(anonymous_1)","decl":{"start":{"line":49,"column":5},"end":{"line":49,"column":12}},"loc":{"start":{"line":49,"column":20},"end":{"line":49,"column":96}},"line":49},"2":{"name":"(anonymous_2)","decl":{"start":{"line":83,"column":7},"end":{"line":83,"column":14}},"loc":{"start":{"line":83,"column":22},"end":{"line":83,"column":98}},"line":83},"3":{"name":"(anonymous_3)","decl":{"start":{"line":101,"column":7},"end":{"line":101,"column":14}},"loc":{"start":{"line":101,"column":22},"end":{"line":101,"column":87}},"line":101}},"branchMap":{"0":{"loc":{"start":{"line":96,"column":24},"end":{"line":96,"column":null}},"type":"cond-expr","locations":[{"start":{"line":96,"column":49},"end":{"line":96,"column":65}},{"start":{"line":96,"column":65},"end":{"line":96,"column":null}}],"line":96},"1":{"loc":{"start":{"line":97,"column":24},"end":{"line":97,"column":null}},"type":"cond-expr","locations":[{"start":{"line":97,"column":64},"end":{"line":97,"column":77}},{"start":{"line":97,"column":77},"end":{"line":97,"column":null}}],"line":97}},"s":{"0":15,"1":15,"2":0,"3":0,"4":0,"5":0,"6":0,"7":0,"8":0,"9":0,"10":0,"11":0,"12":0,"13":0,"14":0,"15":0},"f":{"0":0,"1":0,"2":0,"3":0},"b":{"0":[0,0],"1":[0,0]},"meta":{"lastBranch":2,"lastFunction":4,"lastStatement":16,"seen":{"s:13:22:13:Infinity":0,"s:15:12:15:Infinity":1,"f:24:22:24:Infinity":0,"s:28:2:28:Infinity":2,"s:30:23:30:Infinity":3,"s:31:23:31:Infinity":4,"s:33:2:49:Infinity":5,"f:49:5:49:12":1,"s:49:20:49:96":6,"s:51:2:104:Infinity":7,"s:52:4:52:Infinity":8,"s:54:19:58:Infinity":9,"s:60:4:83:Infinity":10,"f:83:7:83:14":2,"s:83:22:83:98":11,"s:85:4:85:Infinity":12,"s:87:4:101:Infinity":13,"b:96:49:96:65:96:65:96:Infinity":0,"b:97:64:97:77:97:77:97:Infinity":1,"f:101:7:101:14":3,"s:101:22:101:87":14,"s:103:4:103:Infinity":15}}}
,"C:\\Users\\José Ryan\\IdeaProjects\\projeto-eq15\\MI-server\\src\\controllers\\resources\\materials\\pdf\\materialPdfDetailController.ts": {"path":"C:\\Users\\José Ryan\\IdeaProjects\\projeto-eq15\\MI-server\\src\\controllers\\resources\\materials\\pdf\\materialPdfDetailController.ts","statementMap":{"0":{"start":{"line":11,"column":12},"end":{"line":11,"column":null}},"1":{"start":{"line":29,"column":2},"end":{"line":29,"column":null}},"2":{"start":{"line":31,"column":2},"end":{"line":51,"column":null}},"3":{"start":{"line":32,"column":19},"end":{"line":32,"column":null}},"4":{"start":{"line":34,"column":19},"end":{"line":46,"column":null}},"5":{"start":{"line":37,"column":24},"end":{"line":37,"column":null}},"6":{"start":{"line":38,"column":24},"end":{"line":38,"column":null}},"7":{"start":{"line":39,"column":8},"end":{"line":44,"column":null}},"8":{"start":{"line":40,"column":10},"end":{"line":43,"column":null}},"9":{"start":{"line":48,"column":4},"end":{"line":48,"column":null}},"10":{"start":{"line":50,"column":4},"end":{"line":50,"column":null}}},"fnMap":{"0":{"name":"materialPdfDetailController","decl":{"start":{"line":25,"column":22},"end":{"line":25,"column":null}},"loc":{"start":{"line":28,"column":17},"end":{"line":52,"column":null}},"line":28},"1":{"name":"(anonymous_1)","decl":{"start":{"line":35,"column":23},"end":{"line":35,"column":null}},"loc":{"start":{"line":36,"column":20},"end":{"line":45,"column":null}},"line":36}},"branchMap":{"0":{"loc":{"start":{"line":38,"column":24},"end":{"line":38,"column":null}},"type":"binary-expr","locations":[{"start":{"line":38,"column":24},"end":{"line":38,"column":59}},{"start":{"line":38,"column":59},"end":{"line":38,"column":null}}],"line":38},"1":{"loc":{"start":{"line":39,"column":8},"end":{"line":44,"column":null}},"type":"if","locations":[{"start":{"line":39,"column":8},"end":{"line":44,"column":null}},{"start":{},"end":{}}],"line":39},"2":{"loc":{"start":{"line":39,"column":12},"end":{"line":39,"column":68}},"type":"binary-expr","locations":[{"start":{"line":39,"column":12},"end":{"line":39,"column":46}},{"start":{"line":39,"column":46},"end":{"line":39,"column":58}},{"start":{"line":39,"column":58},"end":{"line":39,"column":68}}],"line":39}},"s":{"0":15,"1":8,"2":8,"3":8,"4":8,"5":6,"6":6,"7":6,"8":1,"9":5,"10":3},"f":{"0":8,"1":6},"b":{"0":[6,5],"1":[1,5],"2":[6,5,3]},"meta":{"lastBranch":3,"lastFunction":2,"lastStatement":11,"seen":{"s:11:12:11:Infinity":0,"f:25:22:25:Infinity":0,"s:29:2:29:Infinity":1,"s:31:2:51:Infinity":2,"s:32:19:32:Infinity":3,"s:34:19:46:Infinity":4,"f:35:23:35:Infinity":1,"s:37:24:37:Infinity":5,"s:38:24:38:Infinity":6,"b:38:24:38:59:38:59:38:Infinity":0,"b:39:8:44:Infinity:undefined:undefined:undefined:undefined":1,"s:39:8:44:Infinity":7,"b:39:12:39:46:39:46:39:58:39:58:39:68":2,"s:40:10:43:Infinity":8,"s:48:4:48:Infinity":9,"s:50:4:50:Infinity":10}}}
,"C:\\Users\\José Ryan\\IdeaProjects\\projeto-eq15\\MI-server\\src\\controllers\\resources\\materials\\pdf\\materialPdfHabilidadesListController.ts": {"path":"C:\\Users\\José Ryan\\IdeaProjects\\projeto-eq15\\MI-server\\src\\controllers\\resources\\materials\\pdf\\materialPdfHabilidadesListController.ts","statementMap":{"0":{"start":{"line":8,"column":12},"end":{"line":8,"column":null}},"1":{"start":{"line":22,"column":2},"end":{"line":22,"column":null}},"2":{"start":{"line":24,"column":2},"end":{"line":29,"column":null}},"3":{"start":{"line":25,"column":19},"end":{"line":25,"column":null}},"4":{"start":{"line":26,"column":4},"end":{"line":26,"column":null}},"5":{"start":{"line":28,"column":4},"end":{"line":28,"column":null}}},"fnMap":{"0":{"name":"materialPdfHabilidadesListController","decl":{"start":{"line":18,"column":22},"end":{"line":18,"column":null}},"loc":{"start":{"line":21,"column":17},"end":{"line":30,"column":null}},"line":21}},"branchMap":{},"s":{"0":15,"1":3,"2":3,"3":3,"4":3,"5":0},"f":{"0":3},"b":{},"meta":{"lastBranch":0,"lastFunction":1,"lastStatement":6,"seen":{"s:8:12:8:Infinity":0,"f:18:22:18:Infinity":0,"s:22:2:22:Infinity":1,"s:24:2:29:Infinity":2,"s:25:19:25:Infinity":3,"s:26:4:26:Infinity":4,"s:28:4:28:Infinity":5}}}
,"C:\\Users\\José Ryan\\IdeaProjects\\projeto-eq15\\MI-server\\src\\controllers\\resources\\materials\\pdf\\materialPdfListByUserController.ts": {"path":"C:\\Users\\José Ryan\\IdeaProjects\\projeto-eq15\\MI-server\\src\\controllers\\resources\\materials\\pdf\\materialPdfListByUserController.ts","statementMap":{"0":{"start":{"line":10,"column":12},"end":{"line":10,"column":null}},"1":{"start":{"line":33,"column":2},"end":{"line":33,"column":null}},"2":{"start":{"line":35,"column":2},"end":{"line":43,"column":null}},"3":{"start":{"line":36,"column":4},"end":{"line":36,"column":null}},"4":{"start":{"line":38,"column":22},"end":{"line":38,"column":null}},"5":{"start":{"line":40,"column":4},"end":{"line":40,"column":null}},"6":{"start":{"line":42,"column":4},"end":{"line":42,"column":null}}},"fnMap":{"0":{"name":"materialPdfListByUserController","decl":{"start":{"line":29,"column":22},"end":{"line":29,"column":null}},"loc":{"start":{"line":32,"column":17},"end":{"line":44,"column":null}},"line":32}},"branchMap":{},"s":{"0":15,"1":2,"2":2,"3":2,"4":2,"5":1,"6":1},"f":{"0":2},"b":{},"meta":{"lastBranch":0,"lastFunction":1,"lastStatement":7,"seen":{"s:10:12:10:Infinity":0,"f:29:22:29:Infinity":0,"s:33:2:33:Infinity":1,"s:35:2:43:Infinity":2,"s:36:4:36:Infinity":3,"s:38:22:38:Infinity":4,"s:40:4:40:Infinity":5,"s:42:4:42:Infinity":6}}}
,"C:\\Users\\José Ryan\\IdeaProjects\\projeto-eq15\\MI-server\\src\\controllers\\resources\\materials\\pdf\\materialPdfPendingListController.ts": {"path":"C:\\Users\\José Ryan\\IdeaProjects\\projeto-eq15\\MI-server\\src\\controllers\\resources\\materials\\pdf\\materialPdfPendingListController.ts","statementMap":{"0":{"start":{"line":10,"column":12},"end":{"line":10,"column":null}},"1":{"start":{"line":26,"column":2},"end":{"line":26,"column":null}},"2":{"start":{"line":28,"column":2},"end":{"line":39,"column":null}},"3":{"start":{"line":29,"column":4},"end":{"line":29,"column":null}},"4":{"start":{"line":31,"column":22},"end":{"line":34,"column":null}},"5":{"start":{"line":36,"column":4},"end":{"line":36,"column":null}},"6":{"start":{"line":38,"column":4},"end":{"line":38,"column":null}}},"fnMap":{"0":{"name":"materialPdfPendingListController","decl":{"start":{"line":22,"column":22},"end":{"line":22,"column":null}},"loc":{"start":{"line":25,"column":17},"end":{"line":40,"column":null}},"line":25}},"branchMap":{},"s":{"0":15,"1":2,"2":2,"3":2,"4":2,"5":1,"6":1},"f":{"0":2},"b":{},"meta":{"lastBranch":0,"lastFunction":1,"lastStatement":7,"seen":{"s:10:12:10:Infinity":0,"f:22:22:22:Infinity":0,"s:26:2:26:Infinity":1,"s:28:2:39:Infinity":2,"s:29:4:29:Infinity":3,"s:31:22:34:Infinity":4,"s:36:4:36:Infinity":5,"s:38:4:38:Infinity":6}}}
,"C:\\Users\\José Ryan\\IdeaProjects\\projeto-eq15\\MI-server\\src\\controllers\\resources\\materials\\pdf\\materialPdfPresignedUrlController.ts": {"path":"C:\\Users\\José Ryan\\IdeaProjects\\projeto-eq15\\MI-server\\src\\controllers\\resources\\materials\\pdf\\materialPdfPresignedUrlController.ts","statementMap":{"0":{"start":{"line":12,"column":12},"end":{"line":12,"column":null}},"1":{"start":{"line":27,"column":2},"end":{"line":27,"column":null}},"2":{"start":{"line":29,"column":2},"end":{"line":49,"column":null}},"3":{"start":{"line":30,"column":4},"end":{"line":30,"column":null}},"4":{"start":{"line":32,"column":19},"end":{"line":32,"column":null}},"5":{"start":{"line":34,"column":19},"end":{"line":44,"column":null}},"6":{"start":{"line":37,"column":8},"end":{"line":42,"column":null}},"7":{"start":{"line":38,"column":10},"end":{"line":41,"column":null}},"8":{"start":{"line":46,"column":4},"end":{"line":46,"column":null}},"9":{"start":{"line":48,"column":4},"end":{"line":48,"column":null}}},"fnMap":{"0":{"name":"materialPdfPresignedUrlController","decl":{"start":{"line":23,"column":22},"end":{"line":23,"column":null}},"loc":{"start":{"line":26,"column":17},"end":{"line":50,"column":null}},"line":26},"1":{"name":"(anonymous_1)","decl":{"start":{"line":35,"column":23},"end":{"line":35,"column":null}},"loc":{"start":{"line":36,"column":20},"end":{"line":43,"column":null}},"line":36}},"branchMap":{"0":{"loc":{"start":{"line":37,"column":8},"end":{"line":42,"column":null}},"type":"if","locations":[{"start":{"line":37,"column":8},"end":{"line":42,"column":null}},{"start":{},"end":{}}],"line":37}},"s":{"0":15,"1":3,"2":3,"3":3,"4":3,"5":3,"6":2,"7":1,"8":1,"9":2},"f":{"0":3,"1":2},"b":{"0":[1,1]},"meta":{"lastBranch":1,"lastFunction":2,"lastStatement":10,"seen":{"s:12:12:12:Infinity":0,"f:23:22:23:Infinity":0,"s:27:2:27:Infinity":1,"s:29:2:49:Infinity":2,"s:30:4:30:Infinity":3,"s:32:19:32:Infinity":4,"s:34:19:44:Infinity":5,"f:35:23:35:Infinity":1,"b:37:8:42:Infinity:undefined:undefined:undefined:undefined":0,"s:37:8:42:Infinity":6,"s:38:10:41:Infinity":7,"s:46:4:46:Infinity":8,"s:48:4:48:Infinity":9}}}
,"C:\\Users\\José Ryan\\IdeaProjects\\projeto-eq15\\MI-server\\src\\controllers\\resources\\materials\\pdf\\materialPdfPublicListController.ts": {"path":"C:\\Users\\José Ryan\\IdeaProjects\\projeto-eq15\\MI-server\\src\\controllers\\resources\\materials\\pdf\\materialPdfPublicListController.ts","statementMap":{"0":{"start":{"line":8,"column":12},"end":{"line":8,"column":null}},"1":{"start":{"line":22,"column":2},"end":{"line":22,"column":null}},"2":{"start":{"line":24,"column":2},"end":{"line":29,"column":null}},"3":{"start":{"line":25,"column":19},"end":{"line":25,"column":null}},"4":{"start":{"line":26,"column":4},"end":{"line":26,"column":null}},"5":{"start":{"line":28,"column":4},"end":{"line":28,"column":null}}},"fnMap":{"0":{"name":"materialPdfPublicListController","decl":{"start":{"line":18,"column":22},"end":{"line":18,"column":null}},"loc":{"start":{"line":21,"column":17},"end":{"line":30,"column":null}},"line":21}},"branchMap":{},"s":{"0":15,"1":6,"2":6,"3":6,"4":6,"5":0},"f":{"0":6},"b":{},"meta":{"lastBranch":0,"lastFunction":1,"lastStatement":6,"seen":{"s:8:12:8:Infinity":0,"f:18:22:18:Infinity":0,"s:22:2:22:Infinity":1,"s:24:2:29:Infinity":2,"s:25:19:25:Infinity":3,"s:26:4:26:Infinity":4,"s:28:4:28:Infinity":5}}}
,"C:\\Users\\José Ryan\\IdeaProjects\\projeto-eq15\\MI-server\\src\\controllers\\resources\\materials\\pdf\\materialPdfPublicPresignedUrlController.ts": {"path":"C:\\Users\\José Ryan\\IdeaProjects\\projeto-eq15\\MI-server\\src\\controllers\\resources\\materials\\pdf\\materialPdfPublicPresignedUrlController.ts","statementMap":{"0":{"start":{"line":10,"column":12},"end":{"line":10,"column":null}},"1":{"start":{"line":25,"column":2},"end":{"line":25,"column":null}},"2":{"start":{"line":27,"column":2},"end":{"line":42,"column":null}},"3":{"start":{"line":28,"column":19},"end":{"line":28,"column":null}},"4":{"start":{"line":30,"column":19},"end":{"line":37,"column":null}},"5":{"start":{"line":33,"column":8},"end":{"line":35,"column":null}},"6":{"start":{"line":34,"column":10},"end":{"line":34,"column":null}},"7":{"start":{"line":39,"column":4},"end":{"line":39,"column":null}},"8":{"start":{"line":41,"column":4},"end":{"line":41,"column":null}}},"fnMap":{"0":{"name":"materialPdfPublicPresignedUrlController","decl":{"start":{"line":21,"column":22},"end":{"line":21,"column":null}},"loc":{"start":{"line":24,"column":17},"end":{"line":43,"column":null}},"line":24},"1":{"name":"(anonymous_1)","decl":{"start":{"line":31,"column":23},"end":{"line":31,"column":null}},"loc":{"start":{"line":32,"column":20},"end":{"line":36,"column":null}},"line":32}},"branchMap":{"0":{"loc":{"start":{"line":33,"column":8},"end":{"line":35,"column":null}},"type":"if","locations":[{"start":{"line":33,"column":8},"end":{"line":35,"column":null}},{"start":{},"end":{}}],"line":33}},"s":{"0":15,"1":2,"2":2,"3":2,"4":2,"5":2,"6":1,"7":1,"8":1},"f":{"0":2,"1":2},"b":{"0":[1,1]},"meta":{"lastBranch":1,"lastFunction":2,"lastStatement":9,"seen":{"s:10:12:10:Infinity":0,"f:21:22:21:Infinity":0,"s:25:2:25:Infinity":1,"s:27:2:42:Infinity":2,"s:28:19:28:Infinity":3,"s:30:19:37:Infinity":4,"f:31:23:31:Infinity":1,"b:33:8:35:Infinity:undefined:undefined:undefined:undefined":0,"s:33:8:35:Infinity":5,"s:34:10:34:Infinity":6,"s:39:4:39:Infinity":7,"s:41:4:41:Infinity":8}}}
[...]
e":54,"column":23},"end":{"line":54,"column":null}},"17":{"start":{"line":56,"column":15},"end":{"line":56,"column":null}},"18":{"start":{"line":59,"column":2},"end":{"line":65,"column":null}},"19":{"start":{"line":68,"column":2},"end":{"line":73,"column":null}},"20":{"start":{"line":70,"column":4},"end":{"line":72,"column":null}},"21":{"start":{"line":71,"column":6},"end":{"line":71,"column":null}},"22":{"start":{"line":76,"column":50},"end":{"line":76,"column":null}},"23":{"start":{"line":78,"column":2},"end":{"line":78,"column":null}},"24":{"start":{"line":80,"column":2},"end":{"line":80,"column":null}}},"fnMap":{"0":{"name":"createUserService","decl":{"start":{"line":20,"column":22},"end":{"line":20,"column":null}},"loc":{"start":{"line":22,"column":18},"end":{"line":81,"column":null}},"line":22},"1":{"name":"(anonymous_1)","decl":{"start":{"line":35,"column":76},"end":{"line":35,"column":83}},"loc":{"start":{"line":36,"column":8},"end":{"line":36,"column":null}},"line":36},"2":{"name":"(anonymous_2)","decl":{"start":{"line":70,"column":65},"end":{"line":70,"column":72}},"loc":{"start":{"line":71,"column":6},"end":{"line":71,"column":null}},"line":71}},"branchMap":{"0":{"loc":{"start":{"line":29,"column":2},"end":{"line":44,"column":null}},"type":"if","locations":[{"start":{"line":29,"column":2},"end":{"line":44,"column":null}},{"start":{},"end":{}}],"line":29},"1":{"loc":{"start":{"line":31,"column":4},"end":{"line":41,"column":null}},"type":"if","locations":[{"start":{"line":31,"column":4},"end":{"line":41,"column":null}},{"start":{},"end":{}}],"line":31},"2":{"loc":{"start":{"line":48,"column":21},"end":{"line":48,"column":null}},"type":"cond-expr","locations":[{"start":{"line":48,"column":39},"end":{"line":48,"column":61}},{"start":{"line":48,"column":61},"end":{"line":48,"column":null}}],"line":48},"3":{"loc":{"start":{"line":68,"column":2},"end":{"line":73,"column":null}},"type":"if","locations":[{"start":{"line":68,"column":2},"end":{"line":73,"column":null}},{"start":{},"end":{}}],"line":68}},"s":{"0":16,"1":246,"2":246,"3":246,"4":246,"5":19,"6":11,"7":11,"8":11,"9":0,"10":11,"11":11,"12":8,"13":227,"14":227,"15":246,"16":246,"17":227,"18":227,"19":227,"20":22,"21":0,"22":227,"23":227,"24":227},"f":{"0":246,"1":0,"2":0},"b":{"0":[19,227],"1":[11,8],"2":[22,205],"3":[22,205]},"meta":{"lastBranch":4,"lastFunction":3,"lastStatement":25,"seen":{"s:18:29:18:Infinity":0,"f:20:22:20:Infinity":0,"s:23:36:23:Infinity":1,"s:25:2:25:Infinity":2,"s:28:19:28:Infinity":3,"b:29:2:44:Infinity:undefined:undefined:undefined:undefined":0,"s:29:2:44:Infinity":4,"b:31:4:41:Infinity:undefined:undefined:undefined:undefined":1,"s:31:4:41:Infinity":5,"s:32:27:32:Infinity":6,"s:33:22:33:Infinity":7,"s:35:6:37:Infinity":8,"f:35:76:35:83":1,"s:36:8:36:Infinity":9,"s:39:54:39:Infinity":10,"s:40:6:40:Infinity":11,"s:43:4:43:Infinity":12,"s:47:26:47:Infinity":13,"s:48:21:48:Infinity":14,"b:48:39:48:61:48:61:48:Infinity":2,"s:51:24:51:Infinity":15,"s:54:23:54:Infinity":16,"s:56:15:56:Infinity":17,"s:59:2:65:Infinity":18,"b:68:2:73:Infinity:undefined:undefined:undefined:undefined":3,"s:68:2:73:Infinity":19,"s:70:4:72:Infinity":20,"f:70:65:70:72":2,"s:71:6:71:Infinity":21,"s:76:50:76:Infinity":22,"s:78:2:78:Infinity":23,"s:80:2:80:Infinity":24}}}
,"C:\\Users\\José Ryan\\IdeaProjects\\projeto-eq15\\MI-server\\src\\utils\\authorizeByRole.ts": {"path":"C:\\Users\\José Ryan\\IdeaProjects\\projeto-eq15\\MI-server\\src\\utils\\authorizeByRole.ts","statementMap":{"0":{"start":{"line":18,"column":2},"end":{"line":20,"column":null}},"1":{"start":{"line":19,"column":4},"end":{"line":19,"column":null}}},"fnMap":{"0":{"name":"authorizeByRole","decl":{"start":{"line":17,"column":16},"end":{"line":17,"column":32}},"loc":{"start":{"line":17,"column":89},"end":{"line":21,"column":null}},"line":17}},"branchMap":{"0":{"loc":{"start":{"line":18,"column":2},"end":{"line":20,"column":null}},"type":"if","locations":[{"start":{"line":18,"column":2},"end":{"line":20,"column":null}},{"start":{},"end":{}}],"line":18}},"s":{"0":105,"1":24},"f":{"0":105},"b":{"0":[24,81]},"meta":{"lastBranch":1,"lastFunction":1,"lastStatement":2,"seen":{"f:17:16:17:32":0,"b:18:2:20:Infinity:undefined:undefined:undefined:undefined":0,"s:18:2:20:Infinity":0,"s:19:4:19:Infinity":1}}}
,"C:\\Users\\José Ryan\\IdeaProjects\\projeto-eq15\\MI-server\\src\\utils\\hash.ts": {"path":"C:\\Users\\José Ryan\\IdeaProjects\\projeto-eq15\\MI-server\\src\\utils\\hash.ts","statementMap":{"0":{"start":{"line":4,"column":20},"end":{"line":4,"column":null}},"1":{"start":{"line":7,"column":2},"end":{"line":7,"column":null}},"2":{"start":{"line":14,"column":2},"end":{"line":14,"column":null}}},"fnMap":{"0":{"name":"hashPassword","decl":{"start":{"line":6,"column":22},"end":{"line":6,"column":35}},"loc":{"start":{"line":6,"column":70},"end":{"line":8,"column":null}},"line":6},"1":{"name":"comparePassword","decl":{"start":{"line":10,"column":22},"end":{"line":10,"column":null}},"loc":{"start":{"line":13,"column":20},"end":{"line":15,"column":null}},"line":13}},"branchMap":{"0":{"loc":{"start":{"line":4,"column":27},"end":{"line":4,"column":63}},"type":"binary-expr","locations":[{"start":{"line":4,"column":27},"end":{"line":4,"column":61}},{"start":{"line":4,"column":61},"end":{"line":4,"column":63}}],"line":4}},"s":{"0":15,"1":226,"2":179},"f":{"0":226,"1":179},"b":{"0":[15,0]},"meta":{"lastBranch":1,"lastFunction":2,"lastStatement":3,"seen":{"s:4:20:4:Infinity":0,"b:4:27:4:61:4:61:4:63":0,"f:6:22:6:35":0,"s:7:2:7:Infinity":1,"f:10:22:10:Infinity":1,"s:14:2:14:Infinity":2}}}
,"C:\\Users\\José Ryan\\IdeaProjects\\projeto-eq15\\MI-server\\src\\utils\\http.ts": {"path":"C:\\Users\\José Ryan\\IdeaProjects\\projeto-eq15\\MI-server\\src\\utils\\http.ts","statementMap":{"0":{"start":{"line":30,"column":2},"end":{"line":30,"column":null}},"1":{"start":{"line":31,"column":2},"end":{"line":31,"column":null}},"2":{"start":{"line":48,"column":2},"end":{"line":48,"column":null}},"3":{"start":{"line":49,"column":2},"end":{"line":49,"column":null}}},"fnMap":{"0":{"name":"httpResponse","decl":{"start":{"line":24,"column":16},"end":{"line":24,"column":32}},"loc":{"start":{"line":29,"column":33},"end":{"line":32,"column":null}},"line":29},"1":{"name":"httpError","decl":{"start":{"line":47,"column":16},"end":{"line":47,"column":26}},"loc":{"start":{"line":47,"column":71},"end":{"line":50,"column":null}},"line":47}},"branchMap":{},"s":{"0":557,"1":557,"2":85,"3":85},"f":{"0":557,"1":85},"b":{},"meta":{"lastBranch":0,"lastFunction":2,"lastStatement":4,"seen":{"f:24:16:24:32":0,"s:30:2:30:Infinity":0,"s:31:2:31:Infinity":1,"f:47:16:47:26":1,"s:48:2:48:Infinity":2,"s:49:2:49:Infinity":3}}}
,"C:\\Users\\José Ryan\\IdeaProjects\\projeto-eq15\\MI-server\\src\\utils\\statusCode.ts": {"path":"C:\\Users\\José Ryan\\IdeaProjects\\projeto-eq15\\MI-server\\src\\utils\\statusCode.ts","statementMap":{"0":{"start":{"line":4,"column":26},"end":{"line":16,"column":null}}},"fnMap":{},"branchMap":{},"s":{"0":35},"f":{},"b":{},"meta":{"lastBranch":0,"lastFunction":0,"lastStatement":1,"seen":{"s:4:26:16:Infinity":0}}}
,"C:\\Users\\José Ryan\\IdeaProjects\\projeto-eq15\\MI-server\\src\\utils\\time.ts": {"path":"C:\\Users\\José Ryan\\IdeaProjects\\projeto-eq15\\MI-server\\src\\utils\\time.ts","statementMap":{"0":{"start":{"line":12,"column":15},"end":{"line":12,"column":null}},"1":{"start":{"line":13,"column":16},"end":{"line":13,"column":null}},"2":{"start":{"line":15,"column":44},"end":{"line":20,"column":null}},"3":{"start":{"line":22,"column":8},"end":{"line":22,"column":null}},"4":{"start":{"line":23,"column":2},"end":{"line":23,"column":null}}},"fnMap":{"0":{"name":"parseDurationToDate","decl":{"start":{"line":11,"column":16},"end":{"line":11,"column":36}},"loc":{"start":{"line":11,"column":60},"end":{"line":24,"column":null}},"line":11}},"branchMap":{"0":{"loc":{"start":{"line":22,"column":14},"end":{"line":22,"column":51}},"type":"binary-expr","locations":[{"start":{"line":22,"column":14},"end":{"line":22,"column":33}},{"start":{"line":22,"column":33},"end":{"line":22,"column":51}}],"line":22}},"s":{"0":184,"1":184,"2":184,"3":184,"4":184},"f":{"0":184},"b":{"0":[184,1]},"meta":{"lastBranch":1,"lastFunction":1,"lastStatement":5,"seen":{"f:11:16:11:36":0,"s:12:15:12:Infinity":0,"s:13:16:13:Infinity":1,"s:15:44:20:Infinity":2,"s:22:8:22:Infinity":3,"b:22:14:22:33:22:33:22:51":0,"s:23:2:23:Infinity":4}}}
,"C:\\Users\\José Ryan\\IdeaProjects\\projeto-eq15\\MI-server\\src\\utils\\validateRequest.ts": {"path":"C:\\Users\\José Ryan\\IdeaProjects\\projeto-eq15\\MI-server\\src\\utils\\validateRequest.ts","statementMap":{"0":{"start":{"line":20,"column":2},"end":{"line":20,"column":null}}},"fnMap":{"0":{"name":"validateRequest","decl":{"start":{"line":19,"column":16},"end":{"line":19,"column":35}},"loc":{"start":{"line":19,"column":75},"end":{"line":21,"column":null}},"line":19}},"branchMap":{},"s":{"0":356},"f":{"0":356},"b":{},"meta":{"lastBranch":0,"lastFunction":1,"lastStatement":1,"seen":{"f:19:16:19:35":0,"s:20:2:20:Infinity":0}}}
,"C:\\Users\\José Ryan\\IdeaProjects\\projeto-eq15\\MI-server\\src\\utils\\validateUUID.ts": {"path":"C:\\Users\\José Ryan\\IdeaProjects\\projeto-eq15\\MI-server\\src\\utils\\validateUUID.ts","statementMap":{"0":{"start":{"line":6,"column":22},"end":{"line":6,"column":null}},"1":{"start":{"line":14,"column":2},"end":{"line":16,"column":null}},"2":{"start":{"line":15,"column":4},"end":{"line":15,"column":null}},"3":{"start":{"line":18,"column":2},"end":{"line":20,"column":null}},"4":{"start":{"line":19,"column":4},"end":{"line":19,"column":null}}},"fnMap":{"0":{"name":"validateUserId","decl":{"start":{"line":13,"column":16},"end":{"line":13,"column":31}},"loc":{"start":{"line":13,"column":92},"end":{"line":21,"column":null}},"line":13}},"branchMap":{"0":{"loc":{"start":{"line":14,"column":2},"end":{"line":16,"column":null}},"type":"if","locations":[{"start":{"line":14,"column":2},"end":{"line":16,"column":null}},{"start":{},"end":{}}],"line":14},"1":{"loc":{"start":{"line":14,"column":6},"end":{"line":14,"column":47}},"type":"binary-expr","locations":[{"start":{"line":14,"column":6},"end":{"line":14,"column":25}},{"start":{"line":14,"column":25},"end":{"line":14,"column":47}}],"line":14},"2":{"loc":{"start":{"line":18,"column":2},"end":{"line":20,"column":null}},"type":"if","locations":[{"start":{"line":18,"column":2},"end":{"line":20,"column":null}},{"start":{},"end":{}}],"line":18}},"s":{"0":16,"1":6,"2":2,"3":4,"4":2},"f":{"0":6},"b":{"0":[2,4],"1":[6,5],"2":[2,2]},"meta":{"lastBranch":3,"lastFunction":1,"lastStatement":5,"seen":{"s:6:22:6:Infinity":0,"f:13:16:13:31":0,"b:14:2:16:Infinity:undefined:undefined:undefined:undefined":0,"s:14:2:16:Infinity":1,"b:14:6:14:25:14:25:14:47":1,"s:15:4:15:Infinity":2,"b:18:2:20:Infinity:undefined:undefined:undefined:undefined":2,"s:18:2:20:Infinity":3,"s:19:4:19:Infinity":4}}}
,"C:\\Users\\José Ryan\\IdeaProjects\\projeto-eq15\\MI-server\\src\\workers\\vectorizeWorker.ts": {"path":"C:\\Users\\José Ryan\\IdeaProjects\\projeto-eq15\\MI-server\\src\\workers\\vectorizeWorker.ts","statementMap":{"0":{"start":{"line":13,"column":7},"end":{"line":13,"column":null}},"1":{"start":{"line":15,"column":22},"end":{"line":15,"column":null}},"2":{"start":{"line":16,"column":22},"end":{"line":16,"column":null}},"3":{"start":{"line":17,"column":22},"end":{"line":17,"column":null}},"4":{"start":{"line":19,"column":15},"end":{"line":19,"column":null}},"5":{"start":{"line":24,"column":27},"end":{"line":24,"column":null}},"6":{"start":{"line":25,"column":14},"end":{"line":25,"column":null}},"7":{"start":{"line":26,"column":2},"end":{"line":30,"column":null}},"8":{"start":{"line":27,"column":16},"end":{"line":27,"column":null}},"9":{"start":{"line":28,"column":4},"end":{"line":28,"column":null}},"10":{"start":{"line":29,"column":4},"end":{"line":29,"column":null}},"11":{"start":{"line":31,"column":2},"end":{"line":31,"column":null}},"12":{"start":{"line":31,"column":28},"end":{"line":31,"column":41}},"13":{"start":{"line":35,"column":17},"end":{"line":35,"column":null}},"14":{"start":{"line":36,"column":26},"end":{"line":36,"column":null}},"15":{"start":{"line":37,"column":2},"end":{"line":39,"column":null}},"16":{"start":{"line":38,"column":4},"end":{"line":38,"column":null}},"17":{"start":{"line":40,"column":2},"end":{"line":40,"column":null}},"18":{"start":{"line":44,"column":19},"end":{"line":47,"column":null}},"19":{"start":{"line":48,"column":2},"end":{"line":48,"column":null}},"20":{"start":{"line":48,"column":32},"end":{"line":48,"column":43}},"21":{"start":{"line":54,"column":37},"end":{"line":54,"column":null}},"22":{"start":{"line":55,"column":2},"end":{"line":55,"column":null}},"23":{"start":{"line":57,"column":2},"end":{"line":60,"column":null}},"24":{"start":{"line":62,"column":2},"end":{"line":112,"column":null}},"25":{"start":{"line":63,"column":22},"end":{"line":63,"column":null}},"26":{"start":{"line":64,"column":22},"end":{"line":64,"column":null}},"27":{"start":{"line":66,"column":4},"end":{"line":73,"column":null}},"28":{"start":{"line":67,"column":6},"end":{"line":67,"column":null}},"29":{"start":{"line":68,"column":6},"end":{"line":71,"column":null}},"30":{"start":{"line":72,"column":6},"end":{"line":72,"column":null}},"31":{"start":{"line":75,"column":19},"end":{"line":75,"column":null}},"32":{"start":{"line":76,"column":4},"end":{"line":76,"column":null}},"33":{"start":{"line":78,"column":19},"end":{"line":78,"column":null}},"34":{"start":{"line":81,"column":4},"end":{"line":83,"column":null}},"35":{"start":{"line":86,"column":4},"end":{"line":98,"column":null}},"36":{"start":{"line":86,"column":17},"end":{"line":86,"column":20}},"37":{"start":{"line":87,"column":25},"end":{"line":87,"column":null}},"38":{"start":{"line":88,"column":25},"end":{"line":88,"column":null}},"39":{"start":{"line":90,"column":6},"end":{"line":97,"column":null}},"40":{"start":{"line":92,"column":45},"end":{"line":96,"column":10}},"41":{"start":{"line":100,"column":4},"end":{"line":103,"column":null}},"42":{"start":{"line":105,"column":4},"end":{"line":105,"column":null}},"43":{"start":{"line":107,"column":4},"end":{"line":110,"column":null}},"44":{"start":{"line":111,"column":4},"end":{"line":111,"column":null}},"45":{"start":{"line":118,"column":2},"end":{"line":118,"column":null}},"46":{"start":{"line":119,"column":2},"end":{"line":119,"column":null}},"47":{"start":{"line":121,"column":17},"end":{"line":127,"column":null}},"48":{"start":{"line":129,"column":2},"end":{"line":131,"column":null}},"49":{"start":{"line":130,"column":4},"end":{"line":130,"column":null}},"50":{"start":{"line":132,"column":2},"end":{"line":134,"column":null}},"51":{"start":{"line":133,"column":4},"end":{"line":133,"column":null}},"52":{"start":{"line":136,"column":2},"end":{"line":136,"column":null}},"53":{"start":{"line":139,"column":0},"end":{"line":142,"column":null}},"54":{"start":{"line":140,"column":2},"end":{"line":140,"column":null}},"55":{"start":{"line":141,"column":2},"end":{"line":141,"column":null}}},"fnMap":{"0":{"name":"chunkText","decl":{"start":{"line":23,"column":9},"end":{"line":23,"column":19}},"loc":{"start":{"line":23,"column":43},"end":{"line":32,"column":null}},"line":23},"1":{"name":"(anonymous_1)","decl":{"start":{"line":31,"column":16},"end":{"line":31,"column":23}},"loc":{"start":{"line":31,"column":28},"end":{"line":31,"column":41}},"line":31},"2":{"name":"downloadPdfBuffer","decl":{"start":{"line":34,"column":15},"end":{"line":34,"column":33}},"loc":{"start":{"line":34,"column":70},"end":{"line":41,"column":null}},"line":34},"3":{"name":"embedBatch","decl":{"start":{"line":43,"column":15},"end":{"line":43,"column":26}},"loc":{"start":{"line":43,"column":64},"end":{"line":49,"column":null}},"line":43},"4":{"name":"(anonymous_4)","decl":{"start":{"line":48,"column":23},"end":{"line":48,"column":27}},"loc":{"start":{"line":48,"column":32},"end":{"line":48,"column":43}},"line":48},"5":{"name":"processJob","decl":{"start":{"line":53,"column":15},"end":{"line":53,"column":26}},"loc":{"start":{"line":53,"column":68},"end":{"line":113,"column":null}},"line":53},"6":{"name":"(anonymous_6)","decl":{"start":{"line":92,"column":22},"end":{"line":92,"column":27}},"loc":{"start":{"line":92,"column":45},"end":{"line":96,"column":10}},"line":92},"7":{"name":"(anonymous_7)","decl":{"start":{"line":110,"column":7},"end":{"line":110,"column":19}},"loc":{"start":{"line":110,"column":19},"end":{"line":110,"column":21}},"line":110},"8":{"name":"main","decl":{"start":{"line":117,"column":15},"end":{"line":117,"column":37}},"loc":{"start":{"line":117,"column":37},"end":{"line":137,"column":null}},"line":117},"9":{"name":"(anonymous_9)","decl":{"start":{"line":129,"column":12},"end":{"line":129,"column":25}},"loc":{"start":{"line":130,"column":4},"end":{"line":130,"column":null}},"line":130},"10":{"name":"(anonymous_10)","decl":{"start":{"line":132,"column":12},"end":{"line":132,"column":23}},"loc":{"start":{"line":133,"column":4},"end":{"line":133,"column":null}},"line":133},"11":{"name":"(anonymous_11)","decl":{"start":{"line":139,"column":7},"end":{"line":139,"column":13}},"loc":{"start":{"line":139,"column":20},"end":{"line":142,"column":1}},"line":139}},"branchMap":{"0":{"loc":{"start":{"line":38,"column":15},"end":{"line":38,"column":66}},"type":"cond-expr","locations":[{"start":{"line":38,"column":40},"end":{"line":38,"column":48}},{"start":{"line":38,"column":48},"end":{"line":38,"column":66}}],"line":38},"1":{"loc":{"start":{"line":66,"column":4},"end":{"line":73,"column":null}},"type":"if","locations":[{"start":{"line":66,"column":4},"end":{"line":73,"column":null}},{"start":{},"end":{}}],"line":66}},"s":{"0":0,"1":0,"2":0,"3":0,"4":0,"5":0,"6":0,"7":0,"8":0,"9":0,"10":0,"11":0,"12":0,"13":0,"14":0,"15":0,"16":0,"17":0,"18":0,"19":0,"20":0,"21":0,"22":0,"23":0,"24":0,"25":0,"26":0,"27":0,"28":0,"29":0,"30":0,"31":0,"32":0,"33":0,"34":0,"35":0,"36":0,"37":0,"38":0,"39":0,"40":0,"41":0,"42":0,"43":0,"44":0,"45":0,"46":0,"47":0,"48":0,"49":0,"50":0,"51":0,"52":0,"53":0,"54":0,"55":0},"f":{"0":0,"1":0,"2":0,"3":0,"4":0,"5":0,"6":0,"7":0,"8":0,"9":0,"10":0,"11":0},"b":{"0":[0,0],"1":[0,0]},"meta":{"lastBranch":2,"lastFunction":12,"lastStatement":56,"seen":{"s:13:7:13:Infinity":0,"s:15:22:15:Infinity":1,"s:16:22:16:Infinity":2,"s:17:22:17:Infinity":3,"s:19:15:19:Infinity":4,"f:23:9:23:19":0,"s:24:27:24:Infinity":5,"s:25:14:25:Infinity":6,"s:26:2:30:Infinity":7,"s:27:16:27:Infinity":8,"s:28:4:28:Infinity":9,"s:29:4:29:Infinity":10,"s:31:2:31:Infinity":11,"f:31:16:31:23":1,"s:31:28:31:41":12,"f:34:15:34:33":2,"s:35:17:35:Infinity":13,"s:36:26:36:Infinity":14,"s:37:2:39:Infinity":15,"s:38:4:38:Infinity":16,"b:38:40:38:48:38:48:38:66":0,"s:40:2:40:Infinity":17,"f:43:15:43:26":3,"s:44:19:47:Infinity":18,"s:48:2:48:Infinity":19,"f:48:23:48:27":4,"s:48:32:48:43":20,"f:53:15:53:26":5,"s:54:37:54:Infinity":21,"s:55:2:55:Infinity":22,"s:57:2:60:Infinity":23,"s:62:2:112:Infinity":24,"s:63:22:63:Infinity":25,"s:64:22:64:Infinity":26,"b:66:4:73:Infinity:undefined:undefined:undefined:undefined":1,"s:66:4:73:Infinity":27,"s:67:6:67:Infinity":28,"s:68:6:71:Infinity":29,"s:72:6:72:Infinity":30,"s:75:19:75:Infinity":31,"s:76:4:76:Infinity":32,"s:78:19:78:Infinity":33,"s:81:4:83:Infinity":34,"s:86:4:98:Infinity":35,"s:86:17:86:20":36,"s:87:25:87:Infinity":37,"s:88:25:88:Infinity":38,"s:90:6:97:Infinity":39,"f:92:22:92:27":6,"s:92:45:96:10":40,"s:100:4:103:Infinity":41,"s:105:4:105:Infinity":42,"s:107:4:110:Infinity":43,"f:110:7:110:19":7,"s:111:4:111:Infinity":44,"f:117:15:117:37":8,"s:118:2:118:Infinity":45,"s:119:2:119:Infinity":46,"s:121:17:127:Infinity":47,"s:129:2:131:Infinity":48,"f:129:12:129:25":9,"s:130:4:130:Infinity":49,"s:132:2:134:Infinity":50,"f:132:12:132:23":10,"s:133:4:133:Infinity":51,"s:136:2:136:Infinity":52,"s:139:0:142:Infinity":53,"f:139:7:139:13":11,"s:140:2:140:Infinity":54,"s:141:2:141:Infinity":55}}}
}
