{"C:\\Users\\José Ryan\\IdeaProjects\\projeto-eq15\\front\\src\\index.css": {"path":"C:\\Users\\José Ryan\\IdeaProjects\\projeto-eq15\\front\\src\\index.css","statementMap":{},"fnMap":{},"branchMap":{},"s":{},"f":{},"b":{},"meta":{"lastBranch":0,"lastFunction":0,"lastStatement":0,"seen":{},"fnNames":{}}}
,"C:\\Users\\José Ryan\\IdeaProjects\\projeto-eq15\\front\\src\\app\\Router.tsx": {"path":"C:\\Users\\José Ryan\\IdeaProjects\\projeto-eq15\\front\\src\\app\\Router.tsx","statementMap":{"0":{"start":{"line":27,"column":10},"end":{"line":27,"column":null}},"1":{"start":{"line":28,"column":2},"end":{"line":28,"column":null}},"2":{"start":{"line":33,"column":10},"end":{"line":33,"column":null}},"3":{"start":{"line":34,"column":2},"end":{"line":34,"column":null}},"4":{"start":{"line":39,"column":27},"end":{"line":39,"column":null}},"5":{"start":{"line":40,"column":2},"end":{"line":40,"column":null}},"6":{"start":{"line":40,"column":24},"end":{"line":40,"column":null}},"7":{"start":{"line":41,"column":2},"end":{"line":41,"column":null}},"8":{"start":{"line":41,"column":30},"end":{"line":41,"column":null}},"9":{"start":{"line":42,"column":2},"end":{"line":42,"column":null}},"10":{"start":{"line":47,"column":27},"end":{"line":47,"column":null}},"11":{"start":{"line":48,"column":2},"end":{"line":48,"column":null}},"12":{"start":{"line":48,"column":24},"end":{"line":48,"column":null}},"13":{"start":{"line":49,"column":2},"end":{"line":49,"column":null}},"14":{"start":{"line":49,"column":60},"end":{"line":49,"column":null}},"15":{"start":{"line":50,"column":2},"end":{"line":50,"column":null}},"16":{"start":{"line":55,"column":27},"end":{"line":55,"column":null}},"17":{"start":{"line":56,"column":2},"end":{"line":56,"column":null}},"18":{"start":{"line":56,"column":24},"end":{"line":56,"column":null}},"19":{"start":{"line":57,"column":2},"end":{"line":57,"column":null}},"20":{"start":{"line":57,"column":33},"end":{"line":57,"column":null}},"21":{"start":{"line":58,"column":2},"end":{"line":58,"column":null}},"22":{"start":{"line":64,"column":2},"end":{"line":197,"column":null}}},"fnMap":{"0":{"name":"PublicRoute","decl":{"start":{"line":26,"column":9},"end":{"line":26,"column":21}},"loc":{"start":{"line":26,"column":66},"end":{"line":29,"column":null}},"line":26},"1":{"name":"PrivateRoute","decl":{"start":{"line":32,"column":9},"end":{"line":32,"column":22}},"loc":{"start":{"line":32,"column":67},"end":{"line":35,"column":null}},"line":32},"2":{"name":"AdminRoute","decl":{"start":{"line":38,"column":9},"end":{"line":38,"column":20}},"loc":{"start":{"line":38,"column":65},"end":{"line":43,"column":null}},"line":38},"3":{"name":"ProfessorRoute","decl":{"start":{"line":46,"column":9},"end":{"line":46,"column":24}},"loc":{"start":{"line":46,"column":69},"end":{"line":51,"column":null}},"line":46},"4":{"name":"UploadRoute","decl":{"start":{"line":54,"column":9},"end":{"line":54,"column":21}},"loc":{"start":{"line":54,"column":66},"end":{"line":59,"column":null}},"line":54},"5":{"name":"Router","decl":{"start":{"line":63,"column":16},"end":{"line":63,"column":25}},"loc":{"start":{"line":63,"column":25},"end":{"line":199,"column":null}},"line":63}},"branchMap":{"0":{"loc":{"start":{"line":28,"column":9},"end":{"line":28,"column":null}},"type":"cond-expr","locations":[{"start":{"line":28,"column":27},"end":{"line":28,"column":60}},{"start":{"line":28,"column":57},"end":{"line":28,"column":null}}],"line":28},"1":{"loc":{"start":{"line":34,"column":9},"end":{"line":34,"column":null}},"type":"cond-expr","locations":[{"start":{"line":34,"column":27},"end":{"line":34,"column":46}},{"start":{"line":34,"column":45},"end":{"line":34,"column":null}}],"line":34},"2":{"loc":{"start":{"line":40,"column":2},"end":{"line":40,"column":null}},"type":"if","locations":[{"start":{"line":40,"column":2},"end":{"line":40,"column":null}},{"start":{},"end":{}}],"line":40},"3":{"loc":{"start":{"line":41,"column":2},"end":{"line":41,"column":null}},"type":"if","locations":[{"start":{"line":41,"column":2},"end":{"line":41,"column":null}},{"start":{},"end":{}}],"line":41},"4":{"loc":{"start":{"line":48,"column":2},"end":{"line":48,"column":null}},"type":"if","locations":[{"start":{"line":48,"column":2},"end":{"line":48,"column":null}},{"start":{},"end":{}}],"line":48},"5":{"loc":{"start":{"line":49,"column":2},"end":{"line":49,"column":null}},"type":"if","locations":[{"start":{"line":49,"column":2},"end":{"line":49,"column":null}},{"start":{},"end":{}}],"line":49},"6":{"loc":{"start":{"line":49,"column":6},"end":{"line":49,"column":60}},"type":"binary-expr","locations":[{"start":{"line":49,"column":6},"end":{"line":49,"column":36}},{"start":{"line":49,"column":36},"end":{"line":49,"column":60}}],"line":49},"7":{"loc":{"start":{"line":56,"column":2},"end":{"line":56,"column":null}},"type":"if","locations":[{"start":{"line":56,"column":2},"end":{"line":56,"column":null}},{"start":{},"end":{}}],"line":56},"8":{"loc":{"start":{"line":57,"column":2},"end":{"line":57,"column":null}},"type":"if","locations":[{"start":{"line":57,"column":2},"end":{"line":57,"column":null}},{"start":{},"end":{}}],"line":57}},"s":{"0":3,"1":3,"2":1,"3":1,"4":2,"5":2,"6":0,"7":2,"8":1,"9":1,"10":2,"11":2,"12":0,"13":2,"14":1,"15":1,"16":2,"17":2,"18":1,"19":1,"20":0,"21":1,"22":9},"f":{"0":3,"1":1,"2":2,"3":2,"4":2,"5":9},"b":{"0":[1,2],"1":[0,1],"2":[0,2],"3":[1,1],"4":[0,2],"5":[1,1],"6":[2,1],"7":[1,1],"8":[0,1]},"meta":{"lastBranch":9,"lastFunction":6,"lastStatement":23,"seen":{"f:26:9:26:21":0,"s:27:10:27:Infinity":0,"s:28:2:28:Infinity":1,"b:28:27:28:60:28:57:28:Infinity":0,"f:32:9:32:22":1,"s:33:10:33:Infinity":2,"s:34:2:34:Infinity":3,"b:34:27:34:46:34:45:34:Infinity":1,"f:38:9:38:20":2,"s:39:27:39:Infinity":4,"b:40:2:40:Infinity:undefined:undefined:undefined:undefined":2,"s:40:2:40:Infinity":5,"s:40:24:40:Infinity":6,"b:41:2:41:Infinity:undefined:undefined:undefined:undefined":3,"s:41:2:41:Infinity":7,"s:41:30:41:Infinity":8,"s:42:2:42:Infinity":9,"f:46:9:46:24":3,"s:47:27:47:Infinity":10,"b:48:2:48:Infinity:undefined:undefined:undefined:undefined":4,"s:48:2:48:Infinity":11,"s:48:24:48:Infinity":12,"b:49:2:49:Infinity:undefined:undefined:undefined:undefined":5,"s:49:2:49:Infinity":13,"b:49:6:49:36:49:36:49:60":6,"s:49:60:49:Infinity":14,"s:50:2:50:Infinity":15,"f:54:9:54:21":4,"s:55:27:55:Infinity":16,"b:56:2:56:Infinity:undefined:undefined:undefined:undefined":7,"s:56:2:56:Infinity":17,"s:56:24:56:Infinity":18,"b:57:2:57:Infinity:undefined:undefined:undefined:undefined":8,"s:57:2:57:Infinity":19,"s:57:33:57:Infinity":20,"s:58:2:58:Infinity":21,"f:63:16:63:25":5,"s:64:2:197:Infinity":22},"fnNames":{}}}
,"C:\\Users\\José Ryan\\IdeaProjects\\projeto-eq15\\front\\src\\components\\AppShell.tsx": {"path":"C:\\Users\\José Ryan\\IdeaProjects\\projeto-eq15\\front\\src\\components\\AppShell.tsx","statementMap":{"0":{"start":{"line":27,"column":29},"end":{"line":37,"column":null}},"1":{"start":{"line":28,"column":91},"end":{"line":28,"column":96}},"2":{"start":{"line":29,"column":86},"end":{"line":29,"column":114}},"3":{"start":{"line":30,"column":92},"end":{"line":30,"column":96}},"4":{"start":{"line":31,"column":92},"end":{"line":31,"column":96}},"5":{"start":{"line":32,"column":92},"end":{"line":32,"column":96}},"6":{"start":{"line":33,"column":86},"end":{"line":33,"column":106}},"7":{"start":{"line":34,"column":86},"end":{"line":34,"column":106}},"8":{"start":{"line":35,"column":86},"end":{"line":35,"column":106}},"9":{"start":{"line":36,"column":86},"end":{"line":36,"column":106}},"10":{"start":{"line":39,"column":42},"end":{"line":44,"column":null}},"11":{"start":{"line":47,"column":2},"end":{"line":47,"column":null}},"12":{"start":{"line":47,"column":64},"end":{"line":47,"column":89}},"13":{"start":{"line":53,"column":8},"end":{"line":53,"column":null}},"14":{"start":{"line":54,"column":10},"end":{"line":54,"column":null}},"15":{"start":{"line":56,"column":16},"end":{"line":56,"column":null}},"16":{"start":{"line":56,"column":43},"end":{"line":56,"column":58}},"17":{"start":{"line":58,"column":2},"end":{"line":82,"column":null}},"18":{"start":{"line":62,"column":23},"end":{"line":62,"column":null}},"19":{"start":{"line":63,"column":8},"end":{"line":79,"column":null}},"20":{"start":{"line":66,"column":27},"end":{"line":66,"column":null}},"21":{"start":{"line":89,"column":15},"end":{"line":89,"column":null}},"22":{"start":{"line":90,"column":8},"end":{"line":90,"column":null}},"23":{"start":{"line":92,"column":2},"end":{"line":98,"column":null}},"24":{"start":{"line":94,"column":6},"end":{"line":94,"column":null}},"25":{"start":{"line":94,"column":66},"end":{"line":94,"column":null}},"26":{"start":{"line":96,"column":4},"end":{"line":96,"column":null}},"27":{"start":{"line":97,"column":4},"end":{"line":97,"column":null}},"28":{"start":{"line":97,"column":17},"end":{"line":97,"column":null}},"29":{"start":{"line":100,"column":2},"end":{"line":136,"column":null}},"30":{"start":{"line":103,"column":23},"end":{"line":103,"column":null}},"31":{"start":{"line":103,"column":38},"end":{"line":103,"column":40}},"32":{"start":{"line":152,"column":16},"end":{"line":152,"column":null}},"33":{"start":{"line":153,"column":8},"end":{"line":153,"column":null}},"34":{"start":{"line":154,"column":25},"end":{"line":154,"column":null}},"35":{"start":{"line":156,"column":16},"end":{"line":156,"column":null}},"36":{"start":{"line":157,"column":23},"end":{"line":157,"column":null}},"37":{"start":{"line":160,"column":4},"end":{"line":160,"column":null}},"38":{"start":{"line":161,"column":4},"end":{"line":161,"column":null}},"39":{"start":{"line":165,"column":4},"end":{"line":165,"column":null}},"40":{"start":{"line":166,"column":4},"end":{"line":167,"column":null}},"41":{"start":{"line":166,"column":24},"end":{"line":166,"column":null}},"42":{"start":{"line":167,"column":9},"end":{"line":167,"column":null}},"43":{"start":{"line":170,"column":8},"end":{"line":170,"column":null}},"44":{"start":{"line":172,"column":2},"end":{"line":258,"column":null}},"45":{"start":{"line":178,"column":33},"end":{"line":178,"column":48}},"46":{"start":{"line":189,"column":33},"end":{"line":189,"column":null}},"47":{"start":{"line":212,"column":31},"end":{"line":212,"column":null}},"48":{"start":{"line":238,"column":31},"end":{"line":238,"column":null}}},"fnMap":{"0":{"name":"(anonymous_0)","decl":{"start":{"line":28,"column":79},"end":{"line":28,"column":91}},"loc":{"start":{"line":28,"column":91},"end":{"line":28,"column":96}},"line":28},"1":{"name":"(anonymous_1)","decl":{"start":{"line":29,"column":79},"end":{"line":29,"column":86}},"loc":{"start":{"line":29,"column":86},"end":{"line":29,"column":114}},"line":29},"2":{"name":"(anonymous_2)","decl":{"start":{"line":30,"column":79},"end":{"line":30,"column":86}},"loc":{"start":{"line":30,"column":92},"end":{"line":30,"column":96}},"line":30},"3":{"name":"(anonymous_3)","decl":{"start":{"line":31,"column":79},"end":{"line":31,"column":86}},"loc":{"start":{"line":31,"column":92},"end":{"line":31,"column":96}},"line":31},"4":{"name":"(anonymous_4)","decl":{"start":{"line":32,"column":79},"end":{"line":32,"column":86}},"loc":{"start":{"line":32,"column":92},"end":{"line":32,"column":96}},"line":32},"5":{"name":"(anonymous_5)","decl":{"start":{"line":33,"column":79},"end":{"line":33,"column":86}},"loc":{"start":{"line":33,"column":86},"end":{"line":33,"column":106}},"line":33},"6":{"name":"(anonymous_6)","decl":{"start":{"line":34,"column":79},"end":{"line":34,"column":86}},"loc":{"start":{"line":34,"column":86},"end":{"line":34,"column":106}},"line":34},"7":{"name":"(anonymous_7)","decl":{"start":{"line":35,"column":79},"end":{"line":35,"column":86}},"loc":{"start":{"line":35,"column":86},"end":{"line":35,"column":106}},"line":35},"8":{"name":"(anonymous_8)","decl":{"start":{"line":36,"column":79},"end":{"line":36,"column":86}},"loc":{"start":{"line":36,"column":86},"end":{"line":36,"column":106}},"line":36},"9":{"name":"getInitials","decl":{"start":{"line":46,"column":9},"end":{"line":46,"column":21}},"loc":{"start":{"line":46,"column":43},"end":{"line":48,"column":null}},"line":46},"10":{"name":"(anonymous_10)","decl":{"start":{"line":47,"column":53},"end":{"line":47,"column":58}},"loc":{"start":{"line":47,"column":64},"end":{"line":47,"column":89}},"line":47},"11":{"name":"Sidebar","decl":{"start":{"line":52,"column":9},"end":{"line":52,"column":17}},"loc":{"start":{"line":52,"column":54},"end":{"line":84,"column":null}},"line":52},"12":{"name":"(anonymous_12)","decl":{"start":{"line":56,"column":26},"end":{"line":56,"column":34}},"loc":{"start":{"line":56,"column":43},"end":{"line":56,"column":58}},"line":56},"13":{"name":"(anonymous_13)","decl":{"start":{"line":61,"column":13},"end":{"line":61,"column":18}},"loc":{"start":{"line":61,"column":48},"end":{"line":81,"column":7}},"line":61},"14":{"name":"(anonymous_14)","decl":{"start":{"line":66,"column":12},"end":{"line":66,"column":27}},"loc":{"start":{"line":66,"column":27},"end":{"line":66,"column":null}},"line":66},"15":{"name":"UserMenu","decl":{"start":{"line":88,"column":9},"end":{"line":88,"column":18}},"loc":{"start":{"line":88,"column":96},"end":{"line":138,"column":null}},"line":88},"16":{"name":"(anonymous_16)","decl":{"start":{"line":92,"column":2},"end":{"line":92,"column":18}},"loc":{"start":{"line":92,"column":18},"end":{"line":98,"column":5}},"line":92},"17":{"name":"handleClick","decl":{"start":{"line":93,"column":13},"end":{"line":93,"column":25}},"loc":{"start":{"line":93,"column":40},"end":{"line":95,"column":null}},"line":93},"18":{"name":"(anonymous_18)","decl":{"start":{"line":97,"column":4},"end":{"line":97,"column":17}},"loc":{"start":{"line":97,"column":17},"end":{"line":97,"column":null}},"line":97},"19":{"name":"(anonymous_19)","decl":{"start":{"line":103,"column":8},"end":{"line":103,"column":23}},"loc":{"start":{"line":103,"column":23},"end":{"line":103,"column":null}},"line":103},"20":{"name":"(anonymous_20)","decl":{"start":{"line":103,"column":23},"end":{"line":103,"column":32}},"loc":{"start":{"line":103,"column":38},"end":{"line":103,"column":40}},"line":103},"21":{"name":"AppShell","decl":{"start":{"line":151,"column":16},"end":{"line":151,"column":25}},"loc":{"start":{"line":151,"column":99},"end":{"line":260,"column":null}},"line":151},"22":{"name":"handleLogout","decl":{"start":{"line":159,"column":11},"end":{"line":159,"column":26}},"loc":{"start":{"line":159,"column":26},"end":{"line":162,"column":null}},"line":159},"23":{"name":"handleSubmit","decl":{"start":{"line":164,"column":11},"end":{"line":164,"column":24}},"loc":{"start":{"line":164,"column":44},"end":{"line":168,"column":null}},"line":164},"24":{"name":"(anonymous_24)","decl":{"start":{"line":178,"column":18},"end":{"line":178,"column":33}},"loc":{"start":{"line":178,"column":33},"end":{"line":178,"column":48}},"line":178},"25":{"name":"(anonymous_25)","decl":{"start":{"line":189,"column":16},"end":{"line":189,"column":27}},"loc":{"start":{"line":189,"column":33},"end":{"line":189,"column":null}},"line":189},"26":{"name":"(anonymous_26)","decl":{"start":{"line":212,"column":16},"end":{"line":212,"column":31}},"loc":{"start":{"line":212,"column":31},"end":{"line":212,"column":null}},"line":212},"27":{"name":"(anonymous_27)","decl":{"start":{"line":238,"column":16},"end":{"line":238,"column":31}},"loc":{"start":{"line":238,"column":31},"end":{"line":238,"column":null}},"line":238}},"branchMap":{"0":{"loc":{"start":{"line":47,"column":9},"end":{"line":47,"column":null}},"type":"binary-expr","locations":[{"start":{"line":47,"column":9},"end":{"line":47,"column":103}},{"start":{"line":47,"column":103},"end":{"line":47,"column":null}}],"line":47},"1":{"loc":{"start":{"line":47,"column":64},"end":{"line":47,"column":89}},"type":"binary-expr","locations":[{"start":{"line":47,"column":64},"end":{"line":47,"column":87}},{"start":{"line":47,"column":87},"end":{"line":47,"column":89}}],"line":47},"2":{"loc":{"start":{"line":62,"column":23},"end":{"line":62,"column":null}},"type":"cond-expr","locations":[{"start":{"line":62,"column":36},"end":{"line":62,"column":55}},{"start":{"line":62,"column":55},"end":{"line":62,"column":null}}],"line":62},"3":{"loc":{"start":{"line":67,"column":26},"end":{"line":67,"column":null}},"type":"cond-expr","locations":[{"start":{"line":67,"column":35},"end":{"line":67,"column":44}},{"start":{"line":67,"column":44},"end":{"line":67,"column":null}}],"line":67},"4":{"loc":{"start":{"line":72,"column":14},"end":{"line":74,"column":null}},"type":"cond-expr","locations":[{"start":{"line":73,"column":18},"end":{"line":73,"column":null}},{"start":{"line":74,"column":18},"end":{"line":74,"column":null}}],"line":72},"5":{"loc":{"start":{"line":94,"column":6},"end":{"line":94,"column":null}},"type":"if","locations":[{"start":{"line":94,"column":6},"end":{"line":94,"column":null}},{"start":{},"end":{}}],"line":94},"6":{"loc":{"start":{"line":94,"column":10},"end":{"line":94,"column":66}},"type":"binary-expr","locations":[{"start":{"line":94,"column":10},"end":{"line":94,"column":25}},{"start":{"line":94,"column":25},"end":{"line":94,"column":66}}],"line":94},"7":{"loc":{"start":{"line":115,"column":7},"end":{"line":136,"column":null}},"type":"binary-expr","locations":[{"start":{"line":115,"column":7},"end":{"line":115,"column":null}},{"start":{"line":116,"column":8},"end":{"line":136,"column":null}}],"line":115},"8":{"loc":{"start":{"line":156,"column":16},"end":{"line":156,"column":null}},"type":"binary-expr","locations":[{"start":{"line":156,"column":16},"end":{"line":156,"column":31}},{"start":{"line":156,"column":31},"end":{"line":156,"column":null}}],"line":156},"9":{"loc":{"start":{"line":157,"column":23},"end":{"line":157,"column":null}},"type":"binary-expr","locations":[{"start":{"line":157,"column":23},"end":{"line":157,"column":41}},{"start":{"line":157,"column":41},"end":{"line":157,"column":null}}],"line":157},"10":{"loc":{"start":{"line":166,"column":4},"end":{"line":167,"column":null}},"type":"if","locations":[{"start":{"line":166,"column":4},"end":{"line":167,"column":null}},{"start":{"line":167,"column":9},"end":{"line":167,"column":null}}],"line":166},"11":{"loc":{"start":{"line":210,"column":13},"end":{"line":220,"column":null}},"type":"binary-expr","locations":[{"start":{"line":210,"column":13},"end":{"line":210,"column":null}},{"start":{"line":211,"column":14},"end":{"line":220,"column":null}}],"line":210},"12":{"loc":{"start":{"line":225,"column":13},"end":{"line":245,"column":null}},"type":"cond-expr","locations":[{"start":{"line":226,"column":14},"end":{"line":237,"column":15}},{"start":{"line":237,"column":14},"end":{"line":245,"column":null}}],"line":225}},"s":{"0":15,"1":292,"2":292,"3":292,"4":292,"5":292,"6":292,"7":292,"8":292,"9":292,"10":15,"11":290,"12":580,"13":292,"14":292,"15":292,"16":2628,"17":292,"18":1726,"19":1726,"20":0,"21":290,"22":290,"23":290,"24":54,"25":52,"26":69,"27":69,"28":69,"29":290,"30":1,"31":1,"32":292,"33":292,"34":292,"35":292,"36":292,"37":1,"38":1,"39":0,"40":0,"41":0,"42":0,"43":292,"44":292,"45":0,"46":7,"47":0,"48":0},"f":{"0":292,"1":292,"2":292,"3":292,"4":292,"5":292,"6":292,"7":292,"8":292,"9":290,"10":580,"11":292,"12":2628,"13":1726,"14":0,"15":290,"16":69,"17":54,"18":69,"19":1,"20":1,"21":292,"22":1,"23":0,"24":0,"25":7,"26":0,"27":0},"b":{"0":[290,0],"1":[580,0],"2":[292,1434],"3":[290,1436],"4":[290,1436],"5":[52,2],"6":[54,54],"7":[290,1],"8":[292,265],"9":[292,265],"10":[0,0],"11":[292,284],"12":[286,6]},"meta":{"lastBranch":13,"lastFunction":28,"lastStatement":49,"seen":{"s:27:29:37:Infinity":0,"f:28:79:28:91":0,"s:28:91:28:96":1,"f:29:79:29:86":1,"s:29:86:29:114":2,"f:30:79:30:86":2,"s:30:92:30:96":3,"f:31:79:31:86":3,"s:31:92:31:96":4,"f:32:79:32:86":4,"s:32:92:32:96":5,"f:33:79:33:86":5,"s:33:86:33:106":6,"f:34:79:34:86":6,"s:34:86:34:106":7,"f:35:79:35:86":7,"s:35:86:35:106":8,"f:36:79:36:86":8,"s:36:86:36:106":9,"s:39:42:44:Infinity":10,"f:46:9:46:21":9,"s:47:2:47:Infinity":11,"b:47:9:47:103:47:103:47:Infinity":0,"f:47:53:47:58":10,"s:47:64:47:89":12,"b:47:64:47:87:47:87:47:89":1,"f:52:9:52:17":11,"s:53:8:53:Infinity":13,"s:54:10:54:Infinity":14,"s:56:16:56:Infinity":15,"f:56:26:56:34":12,"s:56:43:56:58":16,"s:58:2:82:Infinity":17,"f:61:13:61:18":13,"s:62:23:62:Infinity":18,"b:62:36:62:55:62:55:62:Infinity":2,"s:63:8:79:Infinity":19,"f:66:12:66:27":14,"s:66:27:66:Infinity":20,"b:67:35:67:44:67:44:67:Infinity":3,"b:73:18:73:Infinity:74:18:74:Infinity":4,"f:88:9:88:18":15,"s:89:15:89:Infinity":21,"s:90:8:90:Infinity":22,"s:92:2:98:Infinity":23,"f:92:2:92:18":16,"f:93:13:93:25":17,"b:94:6:94:Infinity:undefined:undefined:undefined:undefined":5,"s:94:6:94:Infinity":24,"b:94:10:94:25:94:25:94:66":6,"s:94:66:94:Infinity":25,"s:96:4:96:Infinity":26,"s:97:4:97:Infinity":27,"f:97:4:97:17":18,"s:97:17:97:Infinity":28,"s:100:2:136:Infinity":29,"f:103:8:103:23":19,"s:103:23:103:Infinity":30,"f:103:23:103:32":20,"s:103:38:103:40":31,"b:115:7:115:Infinity:116:8:136:Infinity":7,"f:151:16:151:25":21,"s:152:16:152:Infinity":32,"s:153:8:153:Infinity":33,"s:154:25:154:Infinity":34,"s:156:16:156:Infinity":35,"b:156:16:156:31:156:31:156:Infinity":8,"s:157:23:157:Infinity":36,"b:157:23:157:41:157:41:157:Infinity":9,"f:159:11:159:26":22,"s:160:4:160:Infinity":37,"s:161:4:161:Infinity":38,"f:164:11:164:24":23,"s:165:4:165:Infinity":39,"b:166:4:167:Infinity:167:9:167:Infinity":10,"s:166:4:167:Infinity":40,"s:166:24:166:Infinity":41,"s:167:9:167:Infinity":42,"s:170:8:170:Infinity":43,"s:172:2:258:Infinity":44,"f:178:18:178:33":24,"s:178:33:178:48":45,"f:189:16:189:27":25,"s:189:33:189:Infinity":46,"b:210:13:210:Infinity:211:14:220:Infinity":11,"f:212:16:212:31":26,"s:212:31:212:Infinity":47,"b:226:14:237:15:237:14:245:Infinity":12,"f:238:16:238:31":27,"s:238:31:238:Infinity":48},"fnNames":{}}}
,"C:\\Users\\José Ryan\\IdeaProjects\\projeto-eq15\\front\\src\\components\\HabilidadeFilter.tsx": {"path":"C:\\Users\\José Ryan\\IdeaProjects\\projeto-eq15\\front\\src\\components\\HabilidadeFilter.tsx","statementMap":{"0":{"start":{"line":23,"column":24},"end":{"line":23,"column":null}},"1":{"start":{"line":33,"column":16},"end":{"line":33,"column":null}},"2":{"start":{"line":34,"column":15},"end":{"line":34,"column":null}},"3":{"start":{"line":35,"column":20},"end":{"line":35,"column":null}},"4":{"start":{"line":36,"column":8},"end":{"line":36,"column":null}},"5":{"start":{"line":38,"column":27},"end":{"line":38,"column":null}},"6":{"start":{"line":41,"column":8},"end":{"line":47,"column":null}},"7":{"start":{"line":42,"column":14},"end":{"line":42,"column":null}},"8":{"start":{"line":43,"column":4},"end":{"line":46,"column":null}},"9":{"start":{"line":44,"column":21},"end":{"line":44,"column":42}},"10":{"start":{"line":45,"column":22},"end":{"line":45,"column":61}},"11":{"start":{"line":50,"column":2},"end":{"line":56,"column":null}},"12":{"start":{"line":52,"column":6},"end":{"line":52,"column":null}},"13":{"start":{"line":52,"column":84},"end":{"line":52,"column":null}},"14":{"start":{"line":54,"column":4},"end":{"line":54,"column":null}},"15":{"start":{"line":55,"column":4},"end":{"line":55,"column":null}},"16":{"start":{"line":55,"column":17},"end":{"line":55,"column":null}},"17":{"start":{"line":59,"column":2},"end":{"line":59,"column":null}},"18":{"start":{"line":59,"column":20},"end":{"line":59,"column":36}},"19":{"start":{"line":62,"column":4},"end":{"line":62,"column":null}},"20":{"start":{"line":63,"column":4},"end":{"line":63,"column":null}},"21":{"start":{"line":64,"column":4},"end":{"line":64,"column":null}},"22":{"start":{"line":68,"column":4},"end":{"line":81,"column":null}},"23":{"start":{"line":69,"column":6},"end":{"line":69,"column":null}},"24":{"start":{"line":70,"column":6},"end":{"line":70,"column":null}},"25":{"start":{"line":71,"column":6},"end":{"line":71,"column":null}},"26":{"start":{"line":71,"column":26},"end":{"line":71,"column":65}},"27":{"start":{"line":72,"column":11},"end":{"line":81,"column":null}},"28":{"start":{"line":73,"column":6},"end":{"line":73,"column":null}},"29":{"start":{"line":74,"column":6},"end":{"line":74,"column":null}},"30":{"start":{"line":74,"column":26},"end":{"line":74,"column":44}},"31":{"start":{"line":75,"column":11},"end":{"line":81,"column":null}},"32":{"start":{"line":76,"column":6},"end":{"line":76,"column":null}},"33":{"start":{"line":77,"column":21},"end":{"line":77,"column":null}},"34":{"start":{"line":78,"column":6},"end":{"line":78,"column":null}},"35":{"start":{"line":78,"column":18},"end":{"line":78,"column":null}},"36":{"start":{"line":79,"column":11},"end":{"line":81,"column":null}},"37":{"start":{"line":80,"column":6},"end":{"line":80,"column":null}},"38":{"start":{"line":84,"column":2},"end":{"line":189,"column":null}},"39":{"start":{"line":109,"column":31},"end":{"line":109,"column":57}},"40":{"start":{"line":109,"column":57},"end":{"line":109,"column":71}},"41":{"start":{"line":110,"column":27},"end":{"line":110,"column":null}},"42":{"start":{"line":135,"column":16},"end":{"line":150,"column":null}},"43":{"start":{"line":138,"column":40},"end":{"line":138,"column":null}},"44":{"start":{"line":139,"column":35},"end":{"line":139,"column":null}},"45":{"start":{"line":161,"column":12},"end":{"line":174,"column":null}},"46":{"start":{"line":168,"column":31},"end":{"line":168,"column":null}}},"fnMap":{"0":{"name":"HabilidadeFilter","decl":{"start":{"line":25,"column":16},"end":{"line":25,"column":33}},"loc":{"start":{"line":32,"column":26},"end":{"line":191,"column":null}},"line":32},"1":{"name":"(anonymous_1)","decl":{"start":{"line":41,"column":22},"end":{"line":41,"column":36}},"loc":{"start":{"line":41,"column":36},"end":{"line":47,"column":5}},"line":41},"2":{"name":"(anonymous_2)","decl":{"start":{"line":44,"column":7},"end":{"line":44,"column":15}},"loc":{"start":{"line":44,"column":21},"end":{"line":44,"column":42}},"line":44},"3":{"name":"(anonymous_3)","decl":{"start":{"line":45,"column":7},"end":{"line":45,"column":15}},"loc":{"start":{"line":45,"column":22},"end":{"line":45,"column":61}},"line":45},"4":{"name":"(anonymous_4)","decl":{"start":{"line":50,"column":2},"end":{"line":50,"column":18}},"loc":{"start":{"line":50,"column":18},"end":{"line":56,"column":5}},"line":50},"5":{"name":"handleClickOutside","decl":{"start":{"line":51,"column":13},"end":{"line":51,"column":32}},"loc":{"start":{"line":51,"column":47},"end":{"line":53,"column":null}},"line":51},"6":{"name":"(anonymous_6)","decl":{"start":{"line":55,"column":4},"end":{"line":55,"column":17}},"loc":{"start":{"line":55,"column":17},"end":{"line":55,"column":null}},"line":55},"7":{"name":"(anonymous_7)","decl":{"start":{"line":59,"column":2},"end":{"line":59,"column":18}},"loc":{"start":{"line":59,"column":18},"end":{"line":59,"column":39}},"line":59},"8":{"name":"selectSuggestion","decl":{"start":{"line":61,"column":11},"end":{"line":61,"column":28}},"loc":{"start":{"line":61,"column":48},"end":{"line":65,"column":null}},"line":61},"9":{"name":"handleKeyDown","decl":{"start":{"line":67,"column":11},"end":{"line":67,"column":25}},"loc":{"start":{"line":67,"column":67},"end":{"line":82,"column":null}},"line":67},"10":{"name":"(anonymous_10)","decl":{"start":{"line":71,"column":6},"end":{"line":71,"column":20}},"loc":{"start":{"line":71,"column":26},"end":{"line":71,"column":65}},"line":71},"11":{"name":"(anonymous_11)","decl":{"start":{"line":74,"column":6},"end":{"line":74,"column":20}},"loc":{"start":{"line":74,"column":26},"end":{"line":74,"column":44}},"line":74},"12":{"name":"(anonymous_12)","decl":{"start":{"line":109,"column":12},"end":{"line":109,"column":23}},"loc":{"start":{"line":109,"column":29},"end":{"line":109,"column":null}},"line":109},"13":{"name":"(anonymous_13)","decl":{"start":{"line":110,"column":12},"end":{"line":110,"column":27}},"loc":{"start":{"line":110,"column":27},"end":{"line":110,"column":null}},"line":110},"14":{"name":"(anonymous_14)","decl":{"start":{"line":134,"column":26},"end":{"line":134,"column":31}},"loc":{"start":{"line":135,"column":16},"end":{"line":150,"column":null}},"line":135},"15":{"name":"(anonymous_15)","decl":{"start":{"line":138,"column":20},"end":{"line":138,"column":40}},"loc":{"start":{"line":138,"column":40},"end":{"line":138,"column":null}},"line":138},"16":{"name":"(anonymous_16)","decl":{"start":{"line":139,"column":20},"end":{"line":139,"column":35}},"loc":{"start":{"line":139,"column":35},"end":{"line":139,"column":null}},"line":139},"17":{"name":"(anonymous_17)","decl":{"start":{"line":160,"column":20},"end":{"line":160,"column":25}},"loc":{"start":{"line":161,"column":12},"end":{"line":174,"column":null}},"line":161},"18":{"name":"(anonymous_18)","decl":{"start":{"line":168,"column":16},"end":{"line":168,"column":31}},"loc":{"start":{"line":168,"column":31},"end":{"line":168,"column":null}},"line":168}},"branchMap":{"0":{"loc":{"start":{"line":38,"column":27},"end":{"line":38,"column":null}},"type":"binary-expr","locations":[{"start":{"line":38,"column":27},"end":{"line":38,"column":50}},{"start":{"line":38,"column":50},"end":{"line":38,"column":null}}],"line":38},"1":{"loc":{"start":{"line":45,"column":22},"end":{"line":45,"column":61}},"type":"cond-expr","locations":[{"start":{"line":45,"column":26},"end":{"line":45,"column":56}},{"start":{"line":45,"column":56},"end":{"line":45,"column":61}}],"line":45},"2":{"loc":{"start":{"line":52,"column":6},"end":{"line":52,"column":null}},"type":"if","locations":[{"start":{"line":52,"column":6},"end":{"line":52,"column":null}},{"start":{},"end":{}}],"line":52},"3":{"loc":{"start":{"line":52,"column":10},"end":{"line":52,"column":84}},"type":"binary-expr","locations":[{"start":{"line":52,"column":10},"end":{"line":52,"column":34}},{"start":{"line":52,"column":34},"end":{"line":52,"column":84}}],"line":52},"4":{"loc":{"start":{"line":68,"column":4},"end":{"line":81,"column":null}},"type":"if","locations":[{"start":{"line":68,"column":4},"end":{"line":81,"column":null}},{"start":{"line":72,"column":11},"end":{"line":81,"column":null}}],"line":68},"5":{"loc":{"start":{"line":72,"column":11},"end":{"line":81,"column":null}},"type":"if","locations":[{"start":{"line":72,"column":11},"end":{"line":81,"column":null}},{"start":{"line":75,"column":11},"end":{"line":81,"column":null}}],"line":72},"6":{"loc":{"start":{"line":75,"column":11},"end":{"line":81,"column":null}},"type":"if","locations":[{"start":{"line":75,"column":11},"end":{"line":81,"column":null}},{"start":{"line":79,"column":11},"end":{"line":81,"column":null}}],"line":75},"7":{"loc":{"start":{"line":78,"column":6},"end":{"line":78,"column":null}},"type":"if","locations":[{"start":{"line":78,"column":6},"end":{"line":78,"column":null}},{"start":{},"end":{}}],"line":78},"8":{"loc":{"start":{"line":79,"column":11},"end":{"line":81,"column":null}},"type":"if","locations":[{"start":{"line":79,"column":11},"end":{"line":81,"column":null}},{"start":{},"end":{}}],"line":79},"9":{"loc":{"start":{"line":92,"column":9},"end":{"line":100,"column":null}},"type":"binary-expr","locations":[{"start":{"line":92,"column":9},"end":{"line":92,"column":null}},{"start":{"line":93,"column":10},"end":{"line":100,"column":null}}],"line":92},"10":{"loc":{"start":{"line":121,"column":9},"end":{"line":155,"column":null}},"type":"binary-expr","locations":[{"start":{"line":121,"column":9},"end":{"line":121,"column":null}},{"start":{"line":122,"column":10},"end":{"line":155,"column":null}}],"line":121},"11":{"loc":{"start":{"line":127,"column":13},"end":{"line":151,"column":null}},"type":"cond-expr","locations":[{"start":{"line":128,"column":14},"end":{"line":134,"column":26}},{"start":{"line":134,"column":14},"end":{"line":151,"column":null}}],"line":127},"12":{"loc":{"start":{"line":129,"column":17},"end":{"line":131,"column":null}},"type":"cond-expr","locations":[{"start":{"line":130,"column":20},"end":{"line":130,"column":null}},{"start":{"line":131,"column":20},"end":{"line":131,"column":null}}],"line":129},"13":{"loc":{"start":{"line":142,"column":22},"end":{"line":144,"column":null}},"type":"cond-expr","locations":[{"start":{"line":143,"column":26},"end":{"line":143,"column":null}},{"start":{"line":144,"column":26},"end":{"line":144,"column":null}}],"line":142},"14":{"loc":{"start":{"line":158,"column":7},"end":{"line":176,"column":null}},"type":"binary-expr","locations":[{"start":{"line":158,"column":7},"end":{"line":158,"column":null}},{"start":{"line":159,"column":8},"end":{"line":176,"column":null}}],"line":158}},"s":{"0":3,"1":38,"2":38,"3":38,"4":38,"5":38,"6":38,"7":15,"8":15,"9":32,"10":31,"11":38,"12":9,"13":5,"14":10,"15":10,"16":10,"17":38,"18":18,"19":2,"20":2,"21":2,"22":6,"23":1,"24":1,"25":1,"26":1,"27":5,"28":0,"29":0,"30":0,"31":5,"32":1,"33":1,"34":1,"35":1,"36":4,"37":0,"38":38,"39":4,"40":4,"41":3,"42":44,"43":1,"44":1,"45":1,"46":1},"f":{"0":38,"1":15,"2":32,"3":31,"4":10,"5":9,"6":10,"7":18,"8":2,"9":6,"10":1,"11":0,"12":4,"13":3,"14":44,"15":1,"16":1,"17":1,"18":1},"b":{"0":[38,37],"1":[12,19],"2":[5,4],"3":[9,9],"4":[1,5],"5":[0,5],"6":[1,4],"7":[1,0],"8":[0,4],"9":[38,1],"10":[38,18],"11":[2,16],"12":[2,0],"13":[16,28],"14":[38,1]},"meta":{"lastBranch":15,"lastFunction":19,"lastStatement":47,"seen":{"s:23:24:23:Infinity":0,"f:25:16:25:33":0,"s:33:16:33:Infinity":1,"s:34:15:34:Infinity":2,"s:35:20:35:Infinity":3,"s:36:8:36:Infinity":4,"s:38:27:38:Infinity":5,"b:38:27:38:50:38:50:38:Infinity":0,"s:41:8:47:Infinity":6,"f:41:22:41:36":1,"s:42:14:42:Infinity":7,"s:43:4:46:Infinity":8,"f:44:7:44:15":2,"s:44:21:44:42":9,"f:45:7:45:15":3,"s:45:22:45:61":10,"b:45:26:45:56:45:56:45:61":1,"s:50:2:56:Infinity":11,"f:50:2:50:18":4,"f:51:13:51:32":5,"b:52:6:52:Infinity:undefined:undefined:undefined:undefined":2,"s:52:6:52:Infinity":12,"b:52:10:52:34:52:34:52:84":3,"s:52:84:52:Infinity":13,"s:54:4:54:Infinity":14,"s:55:4:55:Infinity":15,"f:55:4:55:17":6,"s:55:17:55:Infinity":16,"s:59:2:59:Infinity":17,"f:59:2:59:18":7,"s:59:20:59:36":18,"f:61:11:61:28":8,"s:62:4:62:Infinity":19,"s:63:4:63:Infinity":20,"s:64:4:64:Infinity":21,"f:67:11:67:25":9,"b:68:4:81:Infinity:72:11:81:Infinity":4,"s:68:4:81:Infinity":22,"s:69:6:69:Infinity":23,"s:70:6:70:Infinity":24,"s:71:6:71:Infinity":25,"f:71:6:71:20":10,"s:71:26:71:65":26,"b:72:11:81:Infinity:75:11:81:Infinity":5,"s:72:11:81:Infinity":27,"s:73:6:73:Infinity":28,"s:74:6:74:Infinity":29,"f:74:6:74:20":11,"s:74:26:74:44":30,"b:75:11:81:Infinity:79:11:81:Infinity":6,"s:75:11:81:Infinity":31,"s:76:6:76:Infinity":32,"s:77:21:77:Infinity":33,"b:78:6:78:Infinity:undefined:undefined:undefined:undefined":7,"s:78:6:78:Infinity":34,"s:78:18:78:Infinity":35,"b:79:11:81:Infinity:undefined:undefined:undefined:undefined":8,"s:79:11:81:Infinity":36,"s:80:6:80:Infinity":37,"s:84:2:189:Infinity":38,"b:92:9:92:Infinity:93:10:100:Infinity":9,"f:109:12:109:23":12,"s:109:31:109:57":39,"s:109:57:109:71":40,"f:110:12:110:27":13,"s:110:27:110:Infinity":41,"b:121:9:121:Infinity:122:10:155:Infinity":10,"b:128:14:134:26:134:14:151:Infinity":11,"b:130:20:130:Infinity:131:20:131:Infinity":12,"f:134:26:134:31":14,"s:135:16:150:Infinity":42,"f:138:20:138:40":15,"s:138:40:138:Infinity":43,"f:139:20:139:35":16,"s:139:35:139:Infinity":44,"b:143:26:143:Infinity:144:26:144:Infinity":13,"b:158:7:158:Infinity:159:8:176:Infinity":14,"f:160:20:160:25":17,"s:161:12:174:Infinity":45,"f:168:16:168:31":18,"s:168:31:168:Infinity":46},"fnNames":{}}}
,"C:\\Users\\José Ryan\\IdeaProjects\\projeto-eq15\\front\\src\\components\\HabilidadesBncc.tsx": {"path":"C:\\Users\\José Ryan\\IdeaProjects\\projeto-eq15\\front\\src\\components\\HabilidadesBncc.tsx","statementMap":{"0":{"start":{"line":16,"column":2},"end":{"line":16,"column":null}},"1":{"start":{"line":16,"column":28},"end":{"line":16,"column":null}},"2":{"start":{"line":18,"column":16},"end":{"line":18,"column":null}},"3":{"start":{"line":19,"column":15},"end":{"line":19,"column":null}},"4":{"start":{"line":21,"column":2},"end":{"line":50,"column":null}},"5":{"start":{"line":31,"column":10},"end":{"line":38,"column":null}}},"fnMap":{"0":{"name":"HabilidadesBncc","decl":{"start":{"line":15,"column":16},"end":{"line":15,"column":32}},"loc":{"start":{"line":15,"column":99},"end":{"line":52,"column":null}},"line":15},"1":{"name":"(anonymous_1)","decl":{"start":{"line":30,"column":15},"end":{"line":30,"column":20}},"loc":{"start":{"line":31,"column":10},"end":{"line":38,"column":null}},"line":31}},"branchMap":{"0":{"loc":{"start":{"line":15,"column":47},"end":{"line":15,"column":56}},"type":"default-arg","locations":[{"start":{"line":15,"column":53},"end":{"line":15,"column":56}}],"line":15},"1":{"loc":{"start":{"line":15,"column":56},"end":{"line":15,"column":99}},"type":"default-arg","locations":[{"start":{"line":15,"column":68},"end":{"line":15,"column":99}}],"line":15},"2":{"loc":{"start":{"line":16,"column":2},"end":{"line":16,"column":null}},"type":"if","locations":[{"start":{"line":16,"column":2},"end":{"line":16,"column":null}},{"start":{},"end":{}}],"line":16},"3":{"loc":{"start":{"line":18,"column":16},"end":{"line":18,"column":null}},"type":"cond-expr","locations":[{"start":{"line":18,"column":26},"end":{"line":18,"column":54}},{"start":{"line":18,"column":54},"end":{"line":18,"column":null}}],"line":18},"4":{"loc":{"start":{"line":23,"column":7},"end":{"line":29,"column":7}},"type":"binary-expr","locations":[{"start":{"line":23,"column":7},"end":{"line":23,"column":null}},{"start":{"line":24,"column":8},"end":{"line":29,"column":7}}],"line":23},"5":{"loc":{"start":{"line":40,"column":9},"end":{"line":49,"column":null}},"type":"binary-expr","locations":[{"start":{"line":40,"column":9},"end":{"line":40,"column":null}},{"start":{"line":41,"column":10},"end":{"line":49,"column":null}}],"line":40}},"s":{"0":13,"1":1,"2":12,"3":13,"4":13,"5":18},"f":{"0":13,"1":18},"b":{"0":[13],"1":[13],"2":[1,12],"3":[7,5],"4":[13,5],"5":[13,1]},"meta":{"lastBranch":6,"lastFunction":2,"lastStatement":6,"seen":{"f:15:16:15:32":0,"b:15:53:15:56":0,"b:15:68:15:99":1,"b:16:2:16:Infinity:undefined:undefined:undefined:undefined":2,"s:16:2:16:Infinity":0,"s:16:28:16:Infinity":1,"s:18:16:18:Infinity":2,"b:18:26:18:54:18:54:18:Infinity":3,"s:19:15:19:Infinity":3,"s:21:2:50:Infinity":4,"b:23:7:23:Infinity:24:8:29:7":4,"f:30:15:30:20":1,"s:31:10:38:Infinity":5,"b:40:9:40:Infinity:41:10:49:Infinity":5},"fnNames":{}}}
,"C:\\Users\\José Ryan\\IdeaProjects\\projeto-eq15\\front\\src\\components\\Logo.tsx": {"path":"C:\\Users\\José Ryan\\IdeaProjects\\projeto-eq15\\front\\src\\components\\Logo.tsx","statementMap":{"0":{"start":{"line":12,"column":2},"end":{"line":32,"column":null}}},"fnMap":{"0":{"name":"Logo","decl":{"start":{"line":11,"column":16},"end":{"line":11,"column":21}},"loc":{"start":{"line":11,"column":69},"end":{"line":34,"column":null}},"line":11}},"branchMap":{"0":{"loc":{"start":{"line":11,"column":23},"end":{"line":11,"column":40}},"type":"default-arg","locations":[{"start":{"line":11,"column":33},"end":{"line":11,"column":40}}],"line":11},"1":{"loc":{"start":{"line":11,"column":40},"end":{"line":11,"column":69}},"type":"default-arg","locations":[{"start":{"line":11,"column":52},"end":{"line":11,"column":69}}],"line":11},"2":{"loc":{"start":{"line":26,"column":9},"end":{"line":31,"column":null}},"type":"binary-expr","locations":[{"start":{"line":26,"column":9},"end":{"line":26,"column":null}},{"start":{"line":27,"column":10},"end":{"line":31,"column":null}}],"line":26}},"s":{"0":455},"f":{"0":455},"b":{"0":[455],"1":[455],"2":[455,162]},"meta":{"lastBranch":3,"lastFunction":1,"lastStatement":1,"seen":{"f:11:16:11:21":0,"b:11:33:11:40":0,"b:11:52:11:69":1,"s:12:2:32:Infinity":0,"b:26:9:26:Infinity:27:10:31:Infinity":2},"fnNames":{}}}
,"C:\\Users\\José Ryan\\IdeaProjects\\projeto-eq15\\front\\src\\components\\ResourceCard.tsx": {"path":"C:\\Users\\José Ryan\\IdeaProjects\\projeto-eq15\\front\\src\\components\\ResourceCard.tsx","statementMap":{"0":{"start":{"line":12,"column":24},"end":{"line":19,"column":null}},"1":{"start":{"line":22,"column":13},"end":{"line":22,"column":null}},"2":{"start":{"line":23,"column":2},"end":{"line":23,"column":null}},"3":{"start":{"line":23,"column":15},"end":{"line":23,"column":18}},"4":{"start":{"line":23,"column":40},"end":{"line":23,"column":null}},"5":{"start":{"line":24,"column":2},"end":{"line":24,"column":null}},"6":{"start":{"line":28,"column":2},"end":{"line":28,"column":null}},"7":{"start":{"line":28,"column":27},"end":{"line":28,"column":null}},"8":{"start":{"line":29,"column":2},"end":{"line":29,"column":null}},"9":{"start":{"line":33,"column":2},"end":{"line":33,"column":null}},"10":{"start":{"line":36,"column":95},"end":{"line":40,"column":null}},"11":{"start":{"line":65,"column":8},"end":{"line":65,"column":null}},"12":{"start":{"line":66,"column":21},"end":{"line":66,"column":null}},"13":{"start":{"line":68,"column":2},"end":{"line":155,"column":null}},"14":{"start":{"line":70,"column":21},"end":{"line":70,"column":null}},"15":{"start":{"line":73,"column":26},"end":{"line":73,"column":109}},"16":{"start":{"line":73,"column":68},"end":{"line":73,"column":88}},"17":{"start":{"line":73,"column":88},"end":{"line":73,"column":107}},"18":{"start":{"line":143,"column":30},"end":{"line":143,"column":51}},"19":{"start":{"line":143,"column":51},"end":{"line":143,"column":60}}},"fnMap":{"0":{"name":"gradientFor","decl":{"start":{"line":21,"column":9},"end":{"line":21,"column":21}},"loc":{"start":{"line":21,"column":43},"end":{"line":25,"column":null}},"line":21},"1":{"name":"formatBytes","decl":{"start":{"line":27,"column":9},"end":{"line":27,"column":21}},"loc":{"start":{"line":27,"column":44},"end":{"line":30,"column":null}},"line":27},"2":{"name":"formatDate","decl":{"start":{"line":32,"column":9},"end":{"line":32,"column":20}},"loc":{"start":{"line":32,"column":41},"end":{"line":34,"column":null}},"line":32},"3":{"name":"ResourceCard","decl":{"start":{"line":62,"column":16},"end":{"line":62,"column":29}},"loc":{"start":{"line":64,"column":22},"end":{"line":157,"column":null}},"line":64},"4":{"name":"(anonymous_4)","decl":{"start":{"line":70,"column":6},"end":{"line":70,"column":21}},"loc":{"start":{"line":70,"column":21},"end":{"line":70,"column":null}},"line":70},"5":{"name":"(anonymous_5)","decl":{"start":{"line":73,"column":6},"end":{"line":73,"column":18}},"loc":{"start":{"line":73,"column":24},"end":{"line":73,"column":null}},"line":73},"6":{"name":"(anonymous_6)","decl":{"start":{"line":143,"column":12},"end":{"line":143,"column":22}},"loc":{"start":{"line":143,"column":28},"end":{"line":143,"column":null}},"line":143}},"branchMap":{"0":{"loc":{"start":{"line":28,"column":2},"end":{"line":28,"column":null}},"type":"if","locations":[{"start":{"line":28,"column":2},"end":{"line":28,"column":null}},{"start":{},"end":{}}],"line":28},"1":{"loc":{"start":{"line":66,"column":21},"end":{"line":66,"column":null}},"type":"cond-expr","locations":[{"start":{"line":66,"column":30},"end":{"line":66,"column":53}},{"start":{"line":66,"column":53},"end":{"line":66,"column":null}}],"line":66},"2":{"loc":{"start":{"line":73,"column":26},"end":{"line":73,"column":109}},"type":"if","locations":[{"start":{"line":73,"column":26},"end":{"line":73,"column":109}},{"start":{},"end":{}}],"line":73},"3":{"loc":{"start":{"line":73,"column":30},"end":{"line":73,"column":66}},"type":"binary-expr","locations":[{"start":{"line":73,"column":30},"end":{"line":73,"column":51}},{"start":{"line":73,"column":51},"end":{"line":73,"column":66}}],"line":73},"4":{"loc":{"start":{"line":83,"column":15},"end":{"line":83,"column":null}},"type":"cond-expr","locations":[{"start":{"line":83,"column":30},"end":{"line":83,"column":42}},{"start":{"line":83,"column":42},"end":{"line":83,"column":null}}],"line":83},"5":{"loc":{"start":{"line":83,"column":68},"end":{"line":83,"column":79}},"type":"binary-expr","locations":[{"start":{"line":83,"column":68},"end":{"line":83,"column":74}},{"start":{"line":83,"column":74},"end":{"line":83,"column":79}}],"line":83},"6":{"loc":{"start":{"line":85,"column":9},"end":{"line":90,"column":null}},"type":"cond-expr","locations":[{"start":{"line":86,"column":10},"end":{"line":88,"column":11}},{"start":{"line":88,"column":10},"end":{"line":90,"column":null}}],"line":85},"7":{"loc":{"start":{"line":94,"column":9},"end":{"line":98,"column":null}},"type":"binary-expr","locations":[{"start":{"line":94,"column":9},"end":{"line":94,"column":null}},{"start":{"line":95,"column":10},"end":{"line":98,"column":null}}],"line":94},"8":{"loc":{"start":{"line":118,"column":9},"end":{"line":123,"column":null}},"type":"binary-expr","locations":[{"start":{"line":118,"column":9},"end":{"line":118,"column":null}},{"start":{"line":119,"column":10},"end":{"line":123,"column":null}}],"line":118},"9":{"loc":{"start":{"line":126,"column":9},"end":{"line":126,"column":null}},"type":"binary-expr","locations":[{"start":{"line":126,"column":9},"end":{"line":126,"column":24}},{"start":{"line":126,"column":24},"end":{"line":126,"column":50}},{"start":{"line":126,"column":50},"end":{"line":126,"column":null}}],"line":126},"10":{"loc":{"start":{"line":128,"column":9},"end":{"line":132,"column":null}},"type":"binary-expr","locations":[{"start":{"line":128,"column":9},"end":{"line":128,"column":null}},{"start":{"line":129,"column":10},"end":{"line":132,"column":null}}],"line":128},"11":{"loc":{"start":{"line":136,"column":11},"end":{"line":136,"column":null}},"type":"binary-expr","locations":[{"start":{"line":136,"column":11},"end":{"line":136,"column":32}},{"start":{"line":136,"column":32},"end":{"line":136,"column":null}}],"line":136},"12":{"loc":{"start":{"line":137,"column":11},"end":{"line":137,"column":null}},"type":"binary-expr","locations":[{"start":{"line":137,"column":11},"end":{"line":137,"column":32}},{"start":{"line":137,"column":32},"end":{"line":137,"column":45}},{"start":{"line":137,"column":45},"end":{"line":137,"column":null}}],"line":137},"13":{"loc":{"start":{"line":138,"column":11},"end":{"line":138,"column":null}},"type":"binary-expr","locations":[{"start":{"line":138,"column":11},"end":{"line":138,"column":24}},{"start":{"line":138,"column":24},"end":{"line":138,"column":null}}],"line":138},"14":{"loc":{"start":{"line":141,"column":9},"end":{"line":152,"column":null}},"type":"binary-expr","locations":[{"start":{"line":141,"column":9},"end":{"line":141,"column":null}},{"start":{"line":142,"column":10},"end":{"line":152,"column":null}}],"line":141}},"s":{"0":3,"1":74,"2":74,"3":74,"4":178,"5":74,"6":68,"7":67,"8":1,"9":66,"10":3,"11":74,"12":74,"13":74,"14":1,"15":1,"16":1,"17":1,"18":1,"19":1},"f":{"0":74,"1":68,"2":66,"3":74,"4":1,"5":1,"6":1},"b":{"0":[67,1],"1":[1,73],"2":[1,0],"3":[1,0],"4":[0,74],"5":[74,0],"6":[0,74],"7":[74,1],"8":[74,1],"9":[74,66,0],"10":[74,67],"11":[74,68],"12":[74,68,66],"13":[74,66],"14":[74,67]},"meta":{"lastBranch":15,"lastFunction":7,"lastStatement":20,"seen":{"s:12:24:19:Infinity":0,"f:21:9:21:21":0,"s:22:13:22:Infinity":1,"s:23:2:23:Infinity":2,"s:23:15:23:18":3,"s:23:40:23:Infinity":4,"s:24:2:24:Infinity":5,"f:27:9:27:21":1,"b:28:2:28:Infinity:undefined:undefined:undefined:undefined":0,"s:28:2:28:Infinity":6,"s:28:27:28:Infinity":7,"s:29:2:29:Infinity":8,"f:32:9:32:20":2,"s:33:2:33:Infinity":9,"s:36:95:40:Infinity":10,"f:62:16:62:29":3,"s:65:8:65:Infinity":11,"s:66:21:66:Infinity":12,"b:66:30:66:53:66:53:66:Infinity":1,"s:68:2:155:Infinity":13,"f:70:6:70:21":4,"s:70:21:70:Infinity":14,"f:73:6:73:18":5,"b:73:26:73:109:undefined:undefined:undefined:undefined":2,"s:73:26:73:109":15,"b:73:30:73:51:73:51:73:66":3,"s:73:68:73:88":16,"s:73:88:73:107":17,"b:83:30:83:42:83:42:83:Infinity":4,"b:83:68:83:74:83:74:83:79":5,"b:86:10:88:11:88:10:90:Infinity":6,"b:94:9:94:Infinity:95:10:98:Infinity":7,"b:118:9:118:Infinity:119:10:123:Infinity":8,"b:126:9:126:24:126:24:126:50:126:50:126:Infinity":9,"b:128:9:128:Infinity:129:10:132:Infinity":10,"b:136:11:136:32:136:32:136:Infinity":11,"b:137:11:137:32:137:32:137:45:137:45:137:Infinity":12,"b:138:11:138:24:138:24:138:Infinity":13,"b:141:9:141:Infinity:142:10:152:Infinity":14,"f:143:12:143:22":6,"s:143:30:143:51":18,"s:143:51:143:60":19},"fnNames":{}}}
,"C:\\Users\\José Ryan\\IdeaProjects\\projeto-eq15\\front\\src\\components\\ThemeToggle.tsx": {"path":"C:\\Users\\José Ryan\\IdeaProjects\\projeto-eq15\\front\\src\\components\\ThemeToggle.tsx","statementMap":{"0":{"start":{"line":11,"column":17},"end":{"line":11,"column":null}},"1":{"start":{"line":13,"column":2},"end":{"line":20,"column":null}}},"fnMap":{"0":{"name":"ThemeToggle","decl":{"start":{"line":10,"column":16},"end":{"line":10,"column":28}},"loc":{"start":{"line":10,"column":66},"end":{"line":22,"column":null}},"line":10}},"branchMap":{"0":{"loc":{"start":{"line":10,"column":30},"end":{"line":10,"column":66}},"type":"default-arg","locations":[{"start":{"line":10,"column":42},"end":{"line":10,"column":66}}],"line":10},"1":{"loc":{"start":{"line":16,"column":18},"end":{"line":16,"column":null}},"type":"cond-expr","locations":[{"start":{"line":16,"column":37},"end":{"line":16,"column":63}},{"start":{"line":16,"column":63},"end":{"line":16,"column":null}}],"line":16},"2":{"loc":{"start":{"line":19,"column":7},"end":{"line":19,"column":null}},"type":"cond-expr","locations":[{"start":{"line":19,"column":26},"end":{"line":19,"column":47}},{"start":{"line":19,"column":46},"end":{"line":19,"column":null}}],"line":19}},"s":{"0":469,"1":469},"f":{"0":469},"b":{"0":[469],"1":[1,468],"2":[1,468]},"meta":{"lastBranch":3,"lastFunction":1,"lastStatement":2,"seen":{"f:10:16:10:28":0,"b:10:42:10:66":0,"s:11:17:11:Infinity":0,"s:13:2:20:Infinity":1,"b:16:37:16:63:16:63:16:Infinity":1,"b:19:26:19:47:19:46:19:Infinity":2},"fnNames":{}}}
,"C:\\Users\\José Ryan\\IdeaProjects\\projeto-eq15\\front\\src\\components\\auth\\BrandingPanel.tsx": {"path":"C:\\Users\\José Ryan\\IdeaProjects\\projeto-eq15\\front\\src\\components\\auth\\BrandingPanel.tsx","statementMap":{"0":{"start":{"line":5,"column":2},"end":{"line":50,"column":null}},"1":{"start":{"line":36,"column":12},"end":{"line":41,"column":null}}},"fnMap":{"0":{"name":"BrandingPanel","decl":{"start":{"line":4,"column":16},"end":{"line":4,"column":32}},"loc":{"start":{"line":4,"column":32},"end":{"line":52,"column":null}},"line":4},"1":{"name":"(anonymous_1)","decl":{"start":{"line":35,"column":12},"end":{"line":35,"column":17}},"loc":{"start":{"line":36,"column":12},"end":{"line":41,"column":null}},"line":36}},"branchMap":{},"s":{"0":147,"1":441},"f":{"0":147,"1":441},"b":{},"meta":{"lastBranch":0,"lastFunction":2,"lastStatement":2,"seen":{"f:4:16:4:32":0,"s:5:2:50:Infinity":0,"f:35:12:35:17":1,"s:36:12:41:Infinity":1},"fnNames":{}}}
,"C:\\Users\\José Ryan\\IdeaProjects\\projeto-eq15\\front\\src\\context\\AuthContext.tsx": {"path":"C:\\Users\\José Ryan\\IdeaProjects\\projeto-eq15\\front\\src\\context\\AuthContext.tsx","statementMap":{"0":{"start":{"line":23,"column":6},"end":{"line":23,"column":null}},"1":{"start":{"line":26,"column":22},"end":{"line":28,"column":null}},"2":{"start":{"line":27,"column":10},"end":{"line":27,"column":null}},"3":{"start":{"line":29,"column":15},"end":{"line":32,"column":null}},"4":{"start":{"line":30,"column":16},"end":{"line":30,"column":null}},"5":{"start":{"line":31,"column":4},"end":{"line":31,"column":null}},"6":{"start":{"line":34,"column":8},"end":{"line":39,"column":null}},"7":{"start":{"line":35,"column":4},"end":{"line":35,"column":null}},"8":{"start":{"line":36,"column":4},"end":{"line":36,"column":null}},"9":{"start":{"line":37,"column":4},"end":{"line":37,"column":null}},"10":{"start":{"line":38,"column":4},"end":{"line":38,"column":null}},"11":{"start":{"line":41,"column":8},"end":{"line":47,"column":null}},"12":{"start":{"line":42,"column":4},"end":{"line":42,"column":null}},"13":{"start":{"line":43,"column":4},"end":{"line":43,"column":null}},"14":{"start":{"line":44,"column":4},"end":{"line":44,"column":null}},"15":{"start":{"line":45,"column":4},"end":{"line":45,"column":null}},"16":{"start":{"line":46,"column":4},"end":{"line":46,"column":null}},"17":{"start":{"line":50,"column":2},"end":{"line":58,"column":null}},"18":{"start":{"line":51,"column":10},"end":{"line":55,"column":null}},"19":{"start":{"line":52,"column":6},"end":{"line":54,"column":null}},"20":{"start":{"line":53,"column":8},"end":{"line":53,"column":null}},"21":{"start":{"line":56,"column":4},"end":{"line":56,"column":null}},"22":{"start":{"line":57,"column":4},"end":{"line":57,"column":null}},"23":{"start":{"line":57,"column":17},"end":{"line":57,"column":null}},"24":{"start":{"line":60,"column":2},"end":{"line":71,"column":null}},"25":{"start":{"line":76,"column":8},"end":{"line":76,"column":null}},"26":{"start":{"line":77,"column":2},"end":{"line":77,"column":null}},"27":{"start":{"line":77,"column":12},"end":{"line":77,"column":null}},"28":{"start":{"line":78,"column":2},"end":{"line":78,"column":null}}},"fnMap":{"0":{"name":"AuthProvider","decl":{"start":{"line":25,"column":16},"end":{"line":25,"column":29}},"loc":{"start":{"line":25,"column":68},"end":{"line":73,"column":null}},"line":25},"1":{"name":"(anonymous_1)","decl":{"start":{"line":26,"column":40},"end":{"line":26,"column":null}},"loc":{"start":{"line":27,"column":10},"end":{"line":27,"column":null}},"line":27},"2":{"name":"(anonymous_2)","decl":{"start":{"line":29,"column":26},"end":{"line":29,"column":58}},"loc":{"start":{"line":29,"column":58},"end":{"line":32,"column":3}},"line":29},"3":{"name":"(anonymous_3)","decl":{"start":{"line":34,"column":21},"end":{"line":34,"column":34}},"loc":{"start":{"line":34,"column":72},"end":{"line":39,"column":5}},"line":34},"4":{"name":"(anonymous_4)","decl":{"start":{"line":41,"column":23},"end":{"line":41,"column":41}},"loc":{"start":{"line":41,"column":41},"end":{"line":47,"column":5}},"line":41},"5":{"name":"(anonymous_5)","decl":{"start":{"line":50,"column":2},"end":{"line":50,"column":18}},"loc":{"start":{"line":50,"column":18},"end":{"line":58,"column":5}},"line":50},"6":{"name":"(anonymous_6)","decl":{"start":{"line":51,"column":10},"end":{"line":51,"column":27}},"loc":{"start":{"line":51,"column":47},"end":{"line":55,"column":null}},"line":51},"7":{"name":"(anonymous_7)","decl":{"start":{"line":57,"column":4},"end":{"line":57,"column":17}},"loc":{"start":{"line":57,"column":17},"end":{"line":57,"column":null}},"line":57},"8":{"name":"useAuth","decl":{"start":{"line":75,"column":16},"end":{"line":75,"column":44}},"loc":{"start":{"line":75,"column":44},"end":{"line":79,"column":null}},"line":75}},"branchMap":{"0":{"loc":{"start":{"line":31,"column":11},"end":{"line":31,"column":null}},"type":"cond-expr","locations":[{"start":{"line":31,"column":18},"end":{"line":31,"column":49}},{"start":{"line":31,"column":49},"end":{"line":31,"column":null}}],"line":31},"1":{"loc":{"start":{"line":52,"column":6},"end":{"line":54,"column":null}},"type":"if","locations":[{"start":{"line":52,"column":6},"end":{"line":54,"column":null}},{"start":{},"end":{}}],"line":52},"2":{"loc":{"start":{"line":52,"column":10},"end":{"line":52,"column":58}},"type":"binary-expr","locations":[{"start":{"line":52,"column":10},"end":{"line":52,"column":37}},{"start":{"line":52,"column":37},"end":{"line":52,"column":58}}],"line":52},"3":{"loc":{"start":{"line":65,"column":25},"end":{"line":65,"column":null}},"type":"binary-expr","locations":[{"start":{"line":65,"column":25},"end":{"line":65,"column":42}},{"start":{"line":65,"column":42},"end":{"line":65,"column":null}}],"line":65},"4":{"loc":{"start":{"line":77,"column":2},"end":{"line":77,"column":null}},"type":"if","locations":[{"start":{"line":77,"column":2},"end":{"line":77,"column":null}},{"start":{},"end":{}}],"line":77}},"s":{"0":21,"1":103,"2":96,"3":103,"4":96,"5":96,"6":103,"7":4,"8":4,"9":4,"10":4,"11":103,"12":3,"13":3,"14":3,"15":3,"16":3,"17":103,"18":96,"19":0,"20":0,"21":96,"22":96,"23":96,"24":103,"25":568,"26":568,"27":2,"28":566},"f":{"0":103,"1":96,"2":96,"3":4,"4":3,"5":96,"6":0,"7":96,"8":568},"b":{"0":[75,21],"1":[0,0],"2":[0,0],"3":[103,79],"4":[2,566]},"meta":{"lastBranch":5,"lastFunction":9,"lastStatement":29,"seen":{"s:23:6:23:Infinity":0,"f:25:16:25:29":0,"s:26:22:28:Infinity":1,"f:26:40:26:Infinity":1,"s:27:10:27:Infinity":2,"s:29:15:32:Infinity":3,"f:29:26:29:58":2,"s:30:16:30:Infinity":4,"s:31:4:31:Infinity":5,"b:31:18:31:49:31:49:31:Infinity":0,"s:34:8:39:Infinity":6,"f:34:21:34:34":3,"s:35:4:35:Infinity":7,"s:36:4:36:Infinity":8,"s:37:4:37:Infinity":9,"s:38:4:38:Infinity":10,"s:41:8:47:Infinity":11,"f:41:23:41:41":4,"s:42:4:42:Infinity":12,"s:43:4:43:Infinity":13,"s:44:4:44:Infinity":14,"s:45:4:45:Infinity":15,"s:46:4:46:Infinity":16,"s:50:2:58:Infinity":17,"f:50:2:50:18":5,"s:51:10:55:Infinity":18,"f:51:10:51:27":6,"b:52:6:54:Infinity:undefined:undefined:undefined:undefined":1,"s:52:6:54:Infinity":19,"b:52:10:52:37:52:37:52:58":2,"s:53:8:53:Infinity":20,"s:56:4:56:Infinity":21,"s:57:4:57:Infinity":22,"f:57:4:57:17":7,"s:57:17:57:Infinity":23,"s:60:2:71:Infinity":24,"b:65:25:65:42:65:42:65:Infinity":3,"f:75:16:75:44":8,"s:76:8:76:Infinity":25,"b:77:2:77:Infinity:undefined:undefined:undefined:undefined":4,"s:77:2:77:Infinity":26,"s:77:12:77:Infinity":27,"s:78:2:78:Infinity":28},"fnNames":{}}}
,"C:\\Users\\José Ryan\\IdeaProjects\\projeto-eq15\\front\\src\\context\\ThemeContext.tsx": {"path":"C:\\Users\\José Ryan\\IdeaProjects\\projeto-eq15\\front\\src\\context\\ThemeContext.tsx","statementMap":{"0":{"start":{"line":18,"column":6},"end":{"line":18,"column":null}},"1":{"start":{"line":21,"column":16},"end":{"line":23,"column":null}},"2":{"start":{"line":22,"column":11},"end":{"line":22,"column":null}},"3":{"start":{"line":25,"column":2},"end":{"line":28,"column":null}},"4":{"start":{"line":26,"column":4},"end":{"line":26,"column":null}},"5":{"start":{"line":27,"column":4},"end":{"line":27,"column":null}},"6":{"start":{"line":30,"column":8},"end":{"line":32,"column":null}},"7":{"start":{"line":31,"column":4},"end":{"line":31,"column":null}},"8":{"start":{"line":31,"column":19},"end":{"line":31,"column":52}},"9":{"start":{"line":34,"column":2},"end":{"line":37,"column":null}},"10":{"start":{"line":42,"column":8},"end":{"line":42,"column":null}},"11":{"start":{"line":43,"column":2},"end":{"line":43,"column":null}},"12":{"start":{"line":43,"column":12},"end":{"line":43,"column":null}},"13":{"start":{"line":44,"column":2},"end":{"line":44,"column":null}}},"fnMap":{"0":{"name":"ThemeProvider","decl":{"start":{"line":20,"column":16},"end":{"line":20,"column":30}},"loc":{"start":{"line":20,"column":69},"end":{"line":39,"column":null}},"line":20},"1":{"name":"(anonymous_1)","decl":{"start":{"line":21,"column":28},"end":{"line":21,"column":null}},"loc":{"start":{"line":22,"column":11},"end":{"line":22,"column":null}},"line":22},"2":{"name":"(anonymous_2)","decl":{"start":{"line":25,"column":2},"end":{"line":25,"column":18}},"loc":{"start":{"line":25,"column":18},"end":{"line":28,"column":5}},"line":25},"3":{"name":"(anonymous_3)","decl":{"start":{"line":30,"column":22},"end":{"line":30,"column":40}},"loc":{"start":{"line":30,"column":40},"end":{"line":32,"column":5}},"line":30},"4":{"name":"(anonymous_4)","decl":{"start":{"line":31,"column":4},"end":{"line":31,"column":13}},"loc":{"start":{"line":31,"column":19},"end":{"line":31,"column":52}},"line":31},"5":{"name":"useTheme","decl":{"start":{"line":41,"column":16},"end":{"line":41,"column":46}},"loc":{"start":{"line":41,"column":46},"end":{"line":45,"column":null}},"line":41}},"branchMap":{"0":{"loc":{"start":{"line":22,"column":11},"end":{"line":22,"column":null}},"type":"binary-expr","locations":[{"start":{"line":22,"column":11},"end":{"line":22,"column":61}},{"start":{"line":22,"column":61},"end":{"line":22,"column":null}}],"line":22},"1":{"loc":{"start":{"line":31,"column":19},"end":{"line":31,"column":52}},"type":"cond-expr","locations":[{"start":{"line":31,"column":35},"end":{"line":31,"column":44}},{"start":{"line":31,"column":44},"end":{"line":31,"column":52}}],"line":31},"2":{"loc":{"start":{"line":43,"column":2},"end":{"line":43,"column":null}},"type":"if","locations":[{"start":{"line":43,"column":2},"end":{"line":43,"column":null}},{"start":{},"end":{}}],"line":43}},"s":{"0":22,"1":101,"2":98,"3":101,"4":101,"5":101,"6":101,"7":3,"8":3,"9":101,"10":476,"11":476,"12":2,"13":474},"f":{"0":101,"1":98,"2":101,"3":3,"4":3,"5":476},"b":{"0":[98,97],"1":[2,1],"2":[2,474]},"meta":{"lastBranch":3,"lastFunction":6,"lastStatement":14,"seen":{"s:18:6:18:Infinity":0,"f:20:16:20:30":0,"s:21:16:23:Infinity":1,"f:21:28:21:Infinity":1,"s:22:11:22:Infinity":2,"b:22:11:22:61:22:61:22:Infinity":0,"s:25:2:28:Infinity":3,"f:25:2:25:18":2,"s:26:4:26:Infinity":4,"s:27:4:27:Infinity":5,"s:30:8:32:Infinity":6,"f:30:22:30:40":3,"s:31:4:31:Infinity":7,"f:31:4:31:13":4,"s:31:19:31:52":8,"b:31:35:31:44:31:44:31:52":1,"s:34:2:37:Infinity":9,"f:41:16:41:46":5,"s:42:8:42:Infinity":10,"b:43:2:43:Infinity:undefined:undefined:undefined:undefined":2,"s:43:2:43:Infinity":11,"s:43:12:43:Infinity":12,"s:44:2:44:Infinity":13},"fnNames":{}}}
,"C:\\Users\\José Ryan\\IdeaProjects\\projeto-eq15\\front\\src\\features\\auth\\api\\authApi.ts": {"path":"C:\\Users\\José Ryan\\IdeaProjects\\projeto-eq15\\front\\src\\features\\auth\\api\\authApi.ts","statementMap":{"0":{"start":{"line":6,"column":19},"end":{"line":6,"column":null}},"1":{"start":{"line":7,"column":2},"end":{"line":7,"column":null}},"2":{"start":{"line":11,"column":2},"end":{"line":11,"column":null}},"3":{"start":{"line":15,"column":19},"end":{"line":15,"column":null}},"4":{"start":{"line":16,"column":2},"end":{"line":16,"column":null}}},"fnMap":{"0":{"name":"loginRequest","decl":{"start":{"line":5,"column":22},"end":{"line":5,"column":35}},"loc":{"start":{"line":5,"column":82},"end":{"line":8,"column":null}},"line":5},"1":{"name":"logoutRequest","decl":{"start":{"line":10,"column":22},"end":{"line":10,"column":53}},"loc":{"start":{"line":10,"column":53},"end":{"line":12,"column":null}},"line":10},"2":{"name":"verifyEmailRequest","decl":{"start":{"line":14,"column":22},"end":{"line":14,"column":41}},"loc":{"start":{"line":14,"column":85},"end":{"line":17,"column":null}},"line":14}},"branchMap":{},"s":{"0":3,"1":2,"2":1,"3":2,"4":2},"f":{"0":3,"1":1,"2":2},"b":{},"meta":{"lastBranch":0,"lastFunction":3,"lastStatement":5,"seen":{"f:5:22:5:35":0,"s:6:19:6:Infinity":0,"s:7:2:7:Infinity":1,"f:10:22:10:53":1,"s:11:2:11:Infinity":2,"f:14:22:14:41":2,"s:15:19:15:Infinity":3,"s:16:2:16:Infinity":4},"fnNames":{}}}
,"C:\\Users\\José Ryan\\IdeaProjects\\projeto-eq15\\front\\src\\features\\auth\\hooks\\useLogin.ts": {"path":"C:\\Users\\José Ryan\\IdeaProjects\\projeto-eq15\\front\\src\\features\\auth\\hooks\\useLogin.ts","statementMap":{"0":{"start":{"line":9,"column":10},"end":{"line":9,"column":null}},"1":{"start":{"line":10,"column":8},"end":{"line":10,"column":null}},"2":{"start":{"line":12,"column":2},"end":{"line":18,"column":null}},"3":{"start":{"line":13,"column":17},"end":{"line":13,"column":null}},"4":{"start":{"line":15,"column":6},"end":{"line":15,"column":null}},"5":{"start":{"line":16,"column":6},"end":{"line":16,"column":null}}},"fnMap":{"0":{"name":"useLogin","decl":{"start":{"line":8,"column":16},"end":{"line":8,"column":27}},"loc":{"start":{"line":8,"column":27},"end":{"line":19,"column":null}},"line":8},"1":{"name":"(anonymous_1)","decl":{"start":{"line":13,"column":4},"end":{"line":13,"column":17}},"loc":{"start":{"line":13,"column":17},"end":{"line":13,"column":null}},"line":13},"2":{"name":"(anonymous_2)","decl":{"start":{"line":14,"column":4},"end":{"line":14,"column":16}},"loc":{"start":{"line":14,"column":42},"end":{"line":17,"column":null}},"line":14}},"branchMap":{},"s":{"0":58,"1":58,"2":58,"3":4,"4":2,"5":2},"f":{"0":58,"1":4,"2":2},"b":{},"meta":{"lastBranch":0,"lastFunction":3,"lastStatement":6,"seen":{"f:8:16:8:27":0,"s:9:10:9:Infinity":0,"s:10:8:10:Infinity":1,"s:12:2:18:Infinity":2,"f:13:4:13:17":1,"s:13:17:13:Infinity":3,"f:14:4:14:16":2,"s:15:6:15:Infinity":4,"s:16:6:16:Infinity":5},"fnNames":{}}}
,"C:\\Users\\José Ryan\\IdeaProjects\\projeto-eq15\\front\\src\\features\\auth\\hooks\\useVerifyEmail.ts": {"path":"C:\\Users\\José Ryan\\IdeaProjects\\projeto-eq15\\front\\src\\features\\auth\\hooks\\useVerifyEmail.ts","statementMap":{"0":{"start":{"line":6,"column":2},"end":{"line":9,"column":null}},"1":{"start":{"line":7,"column":17},"end":{"line":7,"column":null}}},"fnMap":{"0":{"name":"useVerifyEmail","decl":{"start":{"line":5,"column":16},"end":{"line":5,"column":33}},"loc":{"start":{"line":5,"column":33},"end":{"line":10,"column":null}},"line":5},"1":{"name":"(anonymous_1)","decl":{"start":{"line":7,"column":4},"end":{"line":7,"column":17}},"loc":{"start":{"line":7,"column":17},"end":{"line":7,"column":null}},"line":7}},"branchMap":{},"s":{"0":17,"1":1},"f":{"0":17,"1":1},"b":{},"meta":{"lastBranch":0,"lastFunction":2,"lastStatement":2,"seen":{"f:5:16:5:33":0,"s:6:2:9:Infinity":0,"f:7:4:7:17":1,"s:7:17:7:Infinity":1},"fnNames":{}}}
,"C:\\Users\\José Ryan\\IdeaProjects\\projeto-eq15\\front\\src\\features\\logs\\api\\logsApi.ts": {"path":"C:\\Users\\José Ryan\\IdeaProjects\\projeto-eq15\\front\\src\\features\\logs\\api\\logsApi.ts","statementMap":{"0":{"start":{"line":36,"column":16},"end":{"line":36,"column":null}},"1":{"start":{"line":37,"column":2},"end":{"line":37,"column":null}},"2":{"start":{"line":37,"column":29},"end":{"line":37,"column":null}},"3":{"start":{"line":38,"column":2},"end":{"line":38,"column":null}},"4":{"start":{"line":38,"column":29},"end":{"line":38,"column":null}},"5":{"start":{"line":39,"column":2},"end":{"line":39,"column":null}},"6":{"start":{"line":39,"column":29},"end":{"line":39,"column":null}},"7":{"start":{"line":40,"column":2},"end":{"line":40,"column":null}},"8":{"start":{"line":40,"column":29},"end":{"line":40,"column":null}},"9":{"start":{"line":41,"column":2},"end":{"line":41,"column":null}},"10":{"start":{"line":41,"column":29},"end":{"line":41,"column":null}},"11":{"start":{"line":42,"column":2},"end":{"line":42,"column":null}},"12":{"start":{"line":42,"column":29},"end":{"line":42,"column":null}},"13":{"start":{"line":43,"column":19},"end":{"line":43,"column":null}},"14":{"start":{"line":44,"column":2},"end":{"line":44,"column":null}}},"fnMap":{"0":{"name":"listInspectionLogsRequest","decl":{"start":{"line":28,"column":22},"end":{"line":28,"column":48}},"loc":{"start":{"line":35,"column":30},"end":{"line":45,"column":null}},"line":35}},"branchMap":{"0":{"loc":{"start":{"line":37,"column":2},"end":{"line":37,"column":null}},"type":"if","locations":[{"start":{"line":37,"column":2},"end":{"line":37,"column":null}},{"start":{},"end":{}}],"line":37},"1":{"loc":{"start":{"line":38,"column":2},"end":{"line":38,"column":null}},"type":"if","locations":[{"start":{"line":38,"column":2},"end":{"line":38,"column":null}},{"start":{},"end":{}}],"line":38},"2":{"loc":{"start":{"line":39,"column":2},"end":{"line":39,"column":null}},"type":"if","locations":[{"start":{"line":39,"column":2},"end":{"line":39,"column":null}},{"start":{},"end":{}}],"line":39},"3":{"loc":{"start":{"line":40,"column":2},"end":{"line":40,"column":null}},"type":"if","locations":[{"start":{"line":40,"column":2},"end":{"line":40,"column":null}},{"start":{},"end":{}}],"line":40},"4":{"loc":{"start":{"line":41,"column":2},"end":{"line":41,"column":null}},"type":"if","locations":[{"start":{"line":41,"column":2},"end":{"line":41,"column":null}},{"start":{},"end":{}}],"line":41},"5":{"loc":{"start":{"line":42,"column":2},"end":{"line":42,"column":null}},"type":"if","locations":[{"start":{"line":42,"column":2},"end":{"line":42,"column":null}},{"start":{},"end":{}}],"line":42}},"s":{"0":24,"1":24,"2":1,"3":24,"4":16,"5":24,"6":1,"7":24,"8":1,"9":24,"10":23,"11":24,"12":23,"13":24,"14":23},"f":{"0":24},"b":{"0":[1,23],"1":[16,8],"2":[1,23],"3":[1,23],"4":[23,1],"5":[23,1]},"meta":{"lastBranch":6,"lastFunction":1,"lastStatement":15,"seen":{"f:28:22:28:48":0,"s:36:16:36:Infinity":0,"b:37:2:37:Infinity:undefined:undefined:undefined:undefined":0,"s:37:2:37:Infinity":1,"s:37:29:37:Infinity":2,"b:38:2:38:Infinity:undefined:undefined:undefined:undefined":1,"s:38:2:38:Infinity":3,"s:38:29:38:Infinity":4,"b:39:2:39:Infinity:undefined:undefined:undefined:undefined":2,"s:39:2:39:Infinity":5,"s:39:29:39:Infinity":6,"b:40:2:40:Infinity:undefined:undefined:undefined:undefined":3,"s:40:2:40:Infinity":7,"s:40:29:40:Infinity":8,"b:41:2:41:Infinity:undefined:undefined:undefined:undefined":4,"s:41:2:41:Infinity":9,"s:41:29:41:Infinity":10,"b:42:2:42:Infinity:undefined:undefined:undefined:undefined":5,"s:42:2:42:Infinity":11,"s:42:29:42:Infinity":12,"s:43:19:43:Infinity":13,"s:44:2:44:Infinity":14},"fnNames":{}}}
,"C:\\Users\\José Ryan\\IdeaProjects\\projeto-eq15\\front\\src\\features\\logs\\hooks\\useInspectionLogs.ts": {"path":"C:\\Users\\José Ryan\\IdeaProjects\\projeto-eq15\\front\\src\\features\\logs\\hooks\\useInspectionLogs.ts","statementMap":{"0":{"start":{"line":15,"column":2},"end":{"line":18,"column":null}},"1":{"start":{"line":17,"column":4},"end":{"line":17,"column":null}}},"fnMap":{"0":{"name":"useInspectionLogs","decl":{"start":{"line":14,"column":16},"end":{"line":14,"column":34}},"loc":{"start":{"line":14,"column":68},"end":{"line":19,"column":null}},"line":14},"1":{"name":"(anonymous_1)","decl":{"start":{"line":17,"column":4},"end":{"line":17,"column":20}},"loc":{"start":{"line":17,"column":4},"end":{"line":17,"column":null}},"line":17}},"branchMap":{},"s":{"0":41,"1":22},"f":{"0":41,"1":22},"b":{},"meta":{"lastBranch":0,"lastFunction":2,"lastStatement":2,"seen":{"f:14:16:14:34":0,"s:15:2:18:Infinity":0,"f:17:4:17:20":1,"s:17:4:17:Infinity":1},"fnNames":{}}}
,"C:\\Users\\José Ryan\\IdeaProjects\\projeto-eq15\\front\\src\\features\\materials\\api\\materialsApi.ts": {"path":"C:\\Users\\José Ryan\\IdeaProjects\\projeto-eq15\\front\\src\\features\\materials\\api\\materialsApi.ts","statementMap":{"0":{"start":{"line":28,"column":19},"end":{"line":28,"column":null}},"1":{"start":{"line":29,"column":2},"end":{"line":29,"column":null}},"2":{"start":{"line":30,"column":2},"end":{"line":32,"column":null}},"3":{"start":{"line":31,"column":4},"end":{"line":31,"column":null}},"4":{"start":{"line":33,"column":2},"end":{"line":38,"column":null}},"5":{"start":{"line":35,"column":4},"end":{"line":37,"column":null}},"6":{"start":{"line":36,"column":6},"end":{"line":36,"column":null}},"7":{"start":{"line":40,"column":14},"end":{"line":42,"column":null}},"8":{"start":{"line":44,"column":19},"end":{"line":46,"column":null}},"9":{"start":{"line":47,"column":2},"end":{"line":47,"column":null}},"10":{"start":{"line":51,"column":19},"end":{"line":51,"column":null}},"11":{"start":{"line":52,"column":2},"end":{"line":52,"column":null}},"12":{"start":{"line":56,"column":19},"end":{"line":56,"column":null}},"13":{"start":{"line":57,"column":2},"end":{"line":57,"column":null}},"14":{"start":{"line":61,"column":19},"end":{"line":61,"column":null}},"15":{"start":{"line":62,"column":2},"end":{"line":62,"column":null}},"16":{"start":{"line":98,"column":16},"end":{"line":98,"column":null}},"17":{"start":{"line":99,"column":2},"end":{"line":99,"column":null}},"18":{"start":{"line":99,"column":23},"end":{"line":99,"column":null}},"19":{"start":{"line":100,"column":2},"end":{"line":100,"column":null}},"20":{"start":{"line":100,"column":23},"end":{"line":100,"column":null}},"21":{"start":{"line":101,"column":2},"end":{"line":103,"column":null}},"22":{"start":{"line":102,"column":4},"end":{"line":102,"column":null}},"23":{"start":{"line":102,"column":49},"end":{"line":102,"column":null}},"24":{"start":{"line":104,"column":2},"end":{"line":104,"column":null}},"25":{"start":{"line":104,"column":29},"end":{"line":104,"column":null}},"26":{"start":{"line":105,"column":19},"end":{"line":105,"column":null}},"27":{"start":{"line":106,"column":2},"end":{"line":106,"column":null}},"28":{"start":{"line":110,"column":19},"end":{"line":110,"column":null}},"29":{"start":{"line":111,"column":2},"end":{"line":111,"column":null}},"30":{"start":{"line":117,"column":19},"end":{"line":119,"column":null}},"31":{"start":{"line":120,"column":2},"end":{"line":120,"column":null}},"32":{"start":{"line":128,"column":16},"end":{"line":128,"column":null}},"33":{"start":{"line":129,"column":2},"end":{"line":129,"column":null}},"34":{"start":{"line":129,"column":23},"end":{"line":129,"column":null}},"35":{"start":{"line":130,"column":2},"end":{"line":130,"column":null}},"36":{"start":{"line":130,"column":23},"end":{"line":130,"column":null}},"37":{"start":{"line":131,"column":2},"end":{"line":131,"column":null}},"38":{"start":{"line":131,"column":23},"end":{"line":131,"column":null}},"39":{"start":{"line":132,"column":19},"end":{"line":132,"column":null}},"40":{"start":{"line":133,"column":2},"end":{"line":133,"column":null}},"41":{"start":{"line":137,"column":19},"end":{"line":137,"column":null}},"42":{"start":{"line":138,"column":2},"end":{"line":138,"column":null}},"43":{"start":{"line":142,"column":19},"end":{"line":142,"column":null}},"44":{"start":{"line":143,"column":2},"end":{"line":143,"column":null}},"45":{"start":{"line":150,"column":19},"end":{"line":150,"column":null}},"46":{"start":{"line":151,"column":2},"end":{"line":151,"column":null}},"47":{"start":{"line":165,"column":19},"end":{"line":165,"column":null}},"48":{"start":{"line":166,"column":2},"end":{"line":166,"column":null}}},"fnMap":{"0":{"name":"uploadMaterialRequest","decl":{"start":{"line":27,"column":22},"end":{"line":27,"column":44}},"loc":{"start":{"line":27,"column":97},"end":{"line":48,"column":null}},"line":27},"1":{"name":"listMyMaterialsRequest","decl":{"start":{"line":50,"column":22},"end":{"line":50,"column":70}},"loc":{"start":{"line":50,"column":70},"end":{"line":53,"column":null}},"line":50},"2":{"name":"getMaterialByIdRequest","decl":{"start":{"line":55,"column":22},"end":{"line":55,"column":45}},"loc":{"start":{"line":55,"column":91},"end":{"line":58,"column":null}},"line":55},"3":{"name":"getMaterialPresignedUrlRequest","decl":{"start":{"line":60,"column":22},"end":{"line":60,"column":53}},"loc":{"start":{"line":60,"column":125},"end":{"line":63,"column":null}},"line":60},"4":{"name":"listPublicMaterialsRequest","decl":{"start":{"line":92,"column":22},"end":{"line":92,"column":49}},"loc":{"start":{"line":97,"column":34},"end":{"line":107,"column":null}},"line":97},"5":{"name":"listHabilidadesRequest","decl":{"start":{"line":109,"column":22},"end":{"line":109,"column":66}},"loc":{"start":{"line":109,"column":66},"end":{"line":112,"column":null}},"line":109},"6":{"name":"getPublicPresignedUrlRequest","decl":{"start":{"line":114,"column":22},"end":{"line":114,"column":null}},"loc":{"start":{"line":116,"column":54},"end":{"line":121,"column":null}},"line":116},"7":{"name":"listAllMaterialsRequest","decl":{"start":{"line":123,"column":22},"end":{"line":123,"column":46}},"loc":{"start":{"line":127,"column":34},"end":{"line":134,"column":null}},"line":127},"8":{"name":"listPendingMaterialsRequest","decl":{"start":{"line":136,"column":22},"end":{"line":136,"column":80}},"loc":{"start":{"line":136,"column":80},"end":{"line":139,"column":null}},"line":136},"9":{"name":"getReviewPresignedUrlRequest","decl":{"start":{"line":141,"column":22},"end":{"line":141,"column":51}},"loc":{"start":{"line":141,"column":123},"end":{"line":144,"column":null}},"line":141},"10":{"name":"reviewMaterialRequest","decl":{"start":{"line":146,"column":22},"end":{"line":146,"column":null}},"loc":{"start":{"line":149,"column":23},"end":{"line":152,"column":null}},"line":149},"11":{"name":"materialChatRequest","decl":{"start":{"line":161,"column":22},"end":{"line":161,"column":null}},"loc":{"start":{"line":164,"column":33},"end":{"line":167,"column":null}},"line":164}},"branchMap":{"0":{"loc":{"start":{"line":30,"column":2},"end":{"line":32,"column":null}},"type":"if","locations":[{"start":{"line":30,"column":2},"end":{"line":32,"column":null}},{"start":{},"end":{}}],"line":30},"1":{"loc":{"start":{"line":33,"column":2},"end":{"line":38,"column":null}},"type":"if","locations":[{"start":{"line":33,"column":2},"end":{"line":38,"column":null}},{"start":{},"end":{}}],"line":33},"2":{"loc":{"start":{"line":40,"column":14},"end":{"line":42,"column":null}},"type":"cond-expr","locations":[{"start":{"line":41,"column":6},"end":{"line":41,"column":null}},{"start":{"line":42,"column":6},"end":{"line":42,"column":null}}],"line":40},"3":{"loc":{"start":{"line":99,"column":2},"end":{"line":99,"column":null}},"type":"if","locations":[{"start":{"line":99,"column":2},"end":{"line":99,"column":null}},{"start":{},"end":{}}],"line":99},"4":{"loc":{"start":{"line":100,"column":2},"end":{"line":100,"column":null}},"type":"if","locations":[{"start":{"line":100,"column":2},"end":{"line":100,"column":null}},{"start":{},"end":{}}],"line":100},"5":{"loc":{"start":{"line":101,"column":2},"end":{"line":103,"column":null}},"type":"if","locations":[{"start":{"line":101,"column":2},"end":{"line":103,"column":null}},{"start":{},"end":{}}],"line":101},"6":{"loc":{"start":{"line":104,"column":2},"end":{"line":104,"column":null}},"type":"if","locations":[{"start":{"line":104,"column":2},"end":{"line":104,"column":null}},{"start":{},"end":{}}],"line":104},"7":{"loc":{"start":{"line":129,"column":2},"end":{"line":129,"column":null}},"type":"if","locations":[{"start":{"line":129,"column":2},"end":{"line":129,"column":null}},{"start":{},"end":{}}],"line":129},"8":{"loc":{"start":{"line":130,"column":2},"end":{"line":130,"column":null}},"type":"if","locations":[{"start":{"line":130,"column":2},"end":{"line":130,"column":null}},{"start":{},"end":{}}],"line":130},"9":{"loc":{"start":{"line":131,"column":2},"end":{"line":131,"column":null}},"type":"if","locations":[{"start":{"line":131,"column":2},"end":{"line":131,"column":null}},{"start":{},"end":{}}],"line":131}},"s":{"0":4,"1":4,"2":4,"3":3,"4":4,"5":1,"6":2,"7":4,"8":4,"9":3,"10":5,"11":4,"12":4,"13":3,"14":1,"15":1,"16":17,"17":17,"18":17,"19":17,"20":17,"21":17,"22":17,"23":2,"24":17,"25":1,"26":17,"27":15,"28":10,"29":10,"30":3,"31":3,"32":7,"33":7,"34":2,"35":7,"36":6,"37":7,"38":6,"39":7,"40":7,"41":7,"42":7,"43":3,"44":3,"45":3,"46":3,"47":4,"48":3},"f":{"0":4,"1":5,"2":4,"3":1,"4":17,"5":10,"6":3,"7":7,"8":7,"9":3,"10":3,"11":4},"b":{"0":[3,1],"1":[1,3],"2":[1,3],"3":[17,0],"4":[17,0],"5":[17,0],"6":[1,16],"7":[2,5],"8":[6,1],"9":[6,1]},"meta":{"lastBranch":10,"lastFunction":12,"lastStatement":49,"seen":{"f:27:22:27:44":0,"s:28:19:28:Infinity":0,"s:29:2:29:Infinity":1,"b:30:2:32:Infinity:undefined:undefined:undefined:undefined":0,"s:30:2:32:Infinity":2,"s:31:4:31:Infinity":3,"b:33:2:38:Infinity:undefined:undefined:undefined:undefined":1,"s:33:2:38:Infinity":4,"s:35:4:37:Infinity":5,"s:36:6:36:Infinity":6,"s:40:14:42:Infinity":7,"b:41:6:41:Infinity:42:6:42:Infinity":2,"s:44:19:46:Infinity":8,"s:47:2:47:Infinity":9,"f:50:22:50:70":1,"s:51:19:51:Infinity":10,"s:52:2:52:Infinity":11,"f:55:22:55:45":2,"s:56:19:56:Infinity":12,"s:57:2:57:Infinity":13,"f:60:22:60:53":3,"s:61:19:61:Infinity":14,"s:62:2:62:Infinity":15,"f:92:22:92:49":4,"s:98:16:98:Infinity":16,"b:99:2:99:Infinity:undefined:undefined:undefined:undefined":3,"s:99:2:99:Infinity":17,"s:99:23:99:Infinity":18,"b:100:2:100:Infinity:undefined:undefined:undefined:undefined":4,"s:100:2:100:Infinity":19,"s:100:23:100:Infinity":20,"b:101:2:103:Infinity:undefined:undefined:undefined:undefined":5,"s:101:2:103:Infinity":21,"s:102:4:102:Infinity":22,"s:102:49:102:Infinity":23,"b:104:2:104:Infinity:undefined:undefined:undefined:undefined":6,"s:104:2:104:Infinity":24,"s:104:29:104:Infinity":25,"s:105:19:105:Infinity":26,"s:106:2:106:Infinity":27,"f:109:22:109:66":5,"s:110:19:110:Infinity":28,"s:111:2:111:Infinity":29,"f:114:22:114:Infinity":6,"s:117:19:119:Infinity":30,"s:120:2:120:Infinity":31,"f:123:22:123:46":7,"s:128:16:128:Infinity":32
[...]
:112,"column":8},"end":{"line":116,"column":null}},"type":"cond-expr","locations":[{"start":{"line":113,"column":12},"end":{"line":113,"column":null}},{"start":{"line":114,"column":12},"end":{"line":116,"column":null}}],"line":112},"17":{"loc":{"start":{"line":114,"column":12},"end":{"line":116,"column":null}},"type":"cond-expr","locations":[{"start":{"line":115,"column":14},"end":{"line":115,"column":null}},{"start":{"line":116,"column":14},"end":{"line":116,"column":null}}],"line":114},"18":{"loc":{"start":{"line":119,"column":42},"end":{"line":119,"column":null}},"type":"cond-expr","locations":[{"start":{"line":119,"column":55},"end":{"line":119,"column":92}},{"start":{"line":119,"column":92},"end":{"line":119,"column":null}}],"line":119},"19":{"loc":{"start":{"line":120,"column":42},"end":{"line":120,"column":112}},"type":"cond-expr","locations":[{"start":{"line":120,"column":55},"end":{"line":120,"column":75}},{"start":{"line":120,"column":75},"end":{"line":120,"column":112}}],"line":120},"20":{"loc":{"start":{"line":124,"column":11},"end":{"line":124,"column":null}},"type":"cond-expr","locations":[{"start":{"line":124,"column":24},"end":{"line":124,"column":49}},{"start":{"line":124,"column":49},"end":{"line":124,"column":null}}],"line":124},"21":{"loc":{"start":{"line":217,"column":4},"end":{"line":217,"column":null}},"type":"if","locations":[{"start":{"line":217,"column":4},"end":{"line":217,"column":null}},{"start":{},"end":{}}],"line":217},"22":{"loc":{"start":{"line":218,"column":34},"end":{"line":218,"column":81}},"type":"cond-expr","locations":[{"start":{"line":218,"column":57},"end":{"line":218,"column":64}},{"start":{"line":218,"column":64},"end":{"line":218,"column":81}}],"line":218},"23":{"loc":{"start":{"line":229,"column":21},"end":{"line":229,"column":null}},"type":"binary-expr","locations":[{"start":{"line":229,"column":21},"end":{"line":229,"column":67}},{"start":{"line":229,"column":67},"end":{"line":229,"column":null}}],"line":229},"24":{"loc":{"start":{"line":233,"column":4},"end":{"line":235,"column":null}},"type":"if","locations":[{"start":{"line":233,"column":4},"end":{"line":235,"column":null}},{"start":{},"end":{}}],"line":233},"25":{"loc":{"start":{"line":244,"column":4},"end":{"line":244,"column":null}},"type":"if","locations":[{"start":{"line":244,"column":4},"end":{"line":244,"column":null}},{"start":{},"end":{}}],"line":244},"26":{"loc":{"start":{"line":247,"column":13},"end":{"line":247,"column":null}},"type":"binary-expr","locations":[{"start":{"line":247,"column":13},"end":{"line":247,"column":29}},{"start":{"line":247,"column":29},"end":{"line":247,"column":null}}],"line":247},"27":{"loc":{"start":{"line":248,"column":23},"end":{"line":248,"column":null}},"type":"cond-expr","locations":[{"start":{"line":248,"column":48},"end":{"line":248,"column":66}},{"start":{"line":248,"column":66},"end":{"line":248,"column":null}}],"line":248},"28":{"loc":{"start":{"line":249,"column":22},"end":{"line":249,"column":null}},"type":"binary-expr","locations":[{"start":{"line":249,"column":22},"end":{"line":249,"column":39}},{"start":{"line":249,"column":39},"end":{"line":249,"column":null}}],"line":249},"29":{"loc":{"start":{"line":278,"column":11},"end":{"line":290,"column":null}},"type":"binary-expr","locations":[{"start":{"line":278,"column":11},"end":{"line":278,"column":null}},{"start":{"line":279,"column":12},"end":{"line":290,"column":null}}],"line":278},"30":{"loc":{"start":{"line":297,"column":13},"end":{"line":306,"column":14}},"type":"binary-expr","locations":[{"start":{"line":297,"column":13},"end":{"line":297,"column":26}},{"start":{"line":297,"column":26},"end":{"line":297,"column":null}},{"start":{"line":298,"column":14},"end":{"line":306,"column":14}}],"line":297},"31":{"loc":{"start":{"line":306,"column":13},"end":{"line":488,"column":null}},"type":"binary-expr","locations":[{"start":{"line":306,"column":13},"end":{"line":306,"column":null}},{"start":{"line":307,"column":14},"end":{"line":488,"column":null}}],"line":306},"32":{"loc":{"start":{"line":318,"column":30},"end":{"line":318,"column":null}},"type":"binary-expr","locations":[{"start":{"line":318,"column":30},"end":{"line":318,"column":45}},{"start":{"line":318,"column":45},"end":{"line":318,"column":null}}],"line":318},"33":{"loc":{"start":{"line":335,"column":30},"end":{"line":335,"column":null}},"type":"binary-expr","locations":[{"start":{"line":335,"column":30},"end":{"line":335,"column":45}},{"start":{"line":335,"column":45},"end":{"line":335,"column":null}}],"line":335},"34":{"loc":{"start":{"line":361,"column":24},"end":{"line":364,"column":null}},"type":"if","locations":[{"start":{"line":361,"column":24},"end":{"line":364,"column":null}},{"start":{},"end":{}}],"line":361},"35":{"loc":{"start":{"line":368,"column":32},"end":{"line":368,"column":null}},"type":"binary-expr","locations":[{"start":{"line":368,"column":32},"end":{"line":368,"column":47}},{"start":{"line":368,"column":47},"end":{"line":368,"column":null}}],"line":368},"36":{"loc":{"start":{"line":379,"column":32},"end":{"line":379,"column":null}},"type":"binary-expr","locations":[{"start":{"line":379,"column":32},"end":{"line":379,"column":47}},{"start":{"line":379,"column":47},"end":{"line":379,"column":61}},{"start":{"line":379,"column":61},"end":{"line":379,"column":null}}],"line":379},"37":{"loc":{"start":{"line":389,"column":19},"end":{"line":410,"column":null}},"type":"binary-expr","locations":[{"start":{"line":389,"column":19},"end":{"line":389,"column":null}},{"start":{"line":390,"column":20},"end":{"line":410,"column":null}}],"line":389},"38":{"loc":{"start":{"line":398,"column":27},"end":{"line":408,"column":null}},"type":"binary-expr","locations":[{"start":{"line":398,"column":27},"end":{"line":398,"column":null}},{"start":{"line":399,"column":28},"end":{"line":408,"column":null}}],"line":398},"39":{"loc":{"start":{"line":418,"column":17},"end":{"line":449,"column":null}},"type":"binary-expr","locations":[{"start":{"line":418,"column":17},"end":{"line":418,"column":null}},{"start":{"line":419,"column":18},"end":{"line":449,"column":null}}],"line":418},"40":{"loc":{"start":{"line":431,"column":32},"end":{"line":431,"column":null}},"type":"binary-expr","locations":[{"start":{"line":431,"column":32},"end":{"line":431,"column":47}},{"start":{"line":431,"column":47},"end":{"line":431,"column":null}}],"line":431},"41":{"loc":{"start":{"line":444,"column":21},"end":{"line":447,"column":null}},"type":"binary-expr","locations":[{"start":{"line":444,"column":21},"end":{"line":444,"column":null}},{"start":{"line":445,"column":22},"end":{"line":447,"column":null}}],"line":444},"42":{"loc":{"start":{"line":453,"column":17},"end":{"line":457,"column":null}},"type":"binary-expr","locations":[{"start":{"line":453,"column":17},"end":{"line":453,"column":null}},{"start":{"line":454,"column":18},"end":{"line":457,"column":null}}],"line":453},"43":{"loc":{"start":{"line":463,"column":28},"end":{"line":463,"column":null}},"type":"binary-expr","locations":[{"start":{"line":463,"column":28},"end":{"line":463,"column":37}},{"start":{"line":463,"column":37},"end":{"line":463,"column":52}},{"start":{"line":463,"column":52},"end":{"line":463,"column":null}}],"line":463},"44":{"loc":{"start":{"line":471,"column":19},"end":{"line":483,"column":null}},"type":"cond-expr","locations":[{"start":{"line":472,"column":20},"end":{"line":480,"column":null}},{"start":{"line":480,"column":20},"end":{"line":483,"column":null}}],"line":471}},"s":{"0":4,"1":4,"2":0,"3":0,"4":0,"5":1,"6":1,"7":0,"8":1,"9":0,"10":1,"11":0,"12":1,"13":23,"14":23,"15":23,"16":0,"17":0,"18":0,"19":0,"20":0,"21":0,"22":0,"23":23,"24":0,"25":0,"26":0,"27":23,"28":0,"29":23,"30":2,"31":2,"32":2,"33":2,"34":23,"35":3,"36":20,"37":4,"38":0,"39":0,"40":1,"41":24,"42":24,"43":24,"44":24,"45":24,"46":24,"47":24,"48":1,"49":1,"50":0,"51":1,"52":1,"53":1,"54":1,"55":1,"56":1,"57":24,"58":24,"59":24,"60":1,"61":2,"62":2,"63":2,"64":0,"65":2,"66":2,"67":0,"68":2,"69":0,"70":0,"71":0,"72":0,"73":0,"74":0,"75":24,"76":24,"77":24,"78":0,"79":0,"80":8,"81":8,"82":0,"83":0,"84":1,"85":1,"86":0,"87":1},"f":{"0":4,"1":1,"2":23,"3":0,"4":0,"5":0,"6":2,"7":4,"8":0,"9":1,"10":24,"11":1,"12":1,"13":1,"14":1,"15":1,"16":1,"17":2,"18":0,"19":2,"20":0,"21":0,"22":0,"23":8,"24":8,"25":1,"26":1,"27":0,"28":1},"b":{"0":[4,0],"1":[0,0],"2":[0,1],"3":[0,1],"4":[0,1],"5":[23],"6":[0,0],"7":[0,0],"8":[0,0],"9":[2,0],"10":[3,20],"11":[3,3],"12":[4,4],"13":[1,19],"14":[0,0],"15":[0,0],"16":[1,19],"17":[0,19],"18":[0,20],"19":[0,20],"20":[0,20],"21":[0,1],"22":[0,1],"23":[24,6],"24":[2,0],"25":[0,2],"26":[2,0],"27":[0,2],"28":[2,2],"29":[24,1],"30":[24,1,1],"31":[24,23],"32":[23,23],"33":[23,23],"34":[0,8],"35":[23,23],"36":[23,23,22],"37":[23,1],"38":[1,1],"39":[23,1],"40":[1,1],"41":[1,0],"42":[23,1],"43":[23,3,3],"44":[0,23]},"meta":{"lastBranch":45,"lastFunction":29,"lastStatement":88,"seen":{"f:22:9:22:21":0,"b:23:2:23:Infinity:undefined:undefined:undefined:undefined":0,"s:23:2:23:Infinity":0,"s:23:20:23:Infinity":1,"b:24:2:24:Infinity:undefined:undefined:undefined:undefined":1,"s:24:2:24:Infinity":2,"s:24:27:24:Infinity":3,"s:25:2:25:Infinity":4,"f:28:9:28:23":1,"s:29:8:29:Infinity":5,"b:30:2:30:Infinity:undefined:undefined:undefined:undefined":2,"s:30:2:30:Infinity":6,"s:30:37:30:Infinity":7,"b:31:2:31:Infinity:undefined:undefined:undefined:undefined":3,"s:31:2:31:Infinity":8,"s:31:37:31:Infinity":9,"b:32:2:32:Infinity:undefined:undefined:undefined:undefined":4,"s:32:2:32:Infinity":10,"s:32:37:32:Infinity":11,"s:33:2:33:Infinity":12,"f:45:9:45:18":2,"b:45:65:45:89":5,"s:46:8:46:Infinity":13,"s:47:21:47:Infinity":14,"s:49:8:58:Infinity":15,"f:49:21:49:Infinity":3,"s:51:6:51:Infinity":16,"s:52:6:52:Infinity":17,"b:53:6:53:Infinity:undefined:undefined:undefined:undefined":6,"s:53:6:53:Infinity":18,"s:53:20:53:Infinity":19,"s:54:22:54:Infinity":20,"b:55:6:55:Infinity:undefined:undefined:undefined:undefined":7,"s:55:6:55:Infinity":21,"s:55:19:55:Infinity":22,"s:60:8:63:Infinity":23,"f:60:8:60:26":4,"s:61:4:61:Infinity":24,"b:62:4:62:Infinity:undefined:undefined:undefined:undefined":8,"s:62:4:62:Infinity":25,"s:62:19:62:Infinity":26,"s:65:8:65:Infinity":27,"f:65:8:65:32":5,"s:65:32:65:Infinity":28,"s:67:8:71:Infinity":29,"f:67:8:67:29":6,"s:68:19:68:Infinity":30,"b:69:4:69:Infinity:undefined:undefined:undefined:undefined":9,"s:69:4:69:Infinity":31,"s:69:16:69:Infinity":32,"s:70:4:70:Infinity":33,"b:73:2:98:Infinity:undefined:undefined:undefined:undefined":10,"s:73:2:98:Infinity":34,"s:74:4:96:Infinity":35,"b:85:9:85:Infinity:86:10:96:Infinity":11,"s:100:2:137:Infinity":36,"f:105:6:105:21":7,"s:105:21:105:Infinity":37,"b:105:21:105:34:105:34:105:Infinity":12,"b:107:27:107:32:107:32:107:Infinity":13,"f:108:6:108:18":8,"b:108:26:108:92:undefined:undefined:undefined:undefined":14,"s:108:26:108:92":38,"b:108:30:108:51:108:51:108:66":15,"s:108:66:108:92":39,"b:113:12:113:Infinity:114:12:116:Infinity":16,"b:115:14:115:Infinity:116:14:116:Infinity":17,"b:119:55:119:92:119:92:119:Infinity":18,"b:120:55:120:75:120:75:120:112":19,"b:124:24:124:49:124:49:124:Infinity":20,"f:149:9:149:22":9,"s:150:2:199:Infinity":40,"f:205:16:205:29":10,"s:206:10:206:Infinity":41,"s:207:8:207:Infinity":42,"s:209:15:209:Infinity":43,"s:210:16:210:Infinity":44,"s:211:26:211:Infinity":45,"s:212:26:212:Infinity":46,"s:213:24:213:Infinity":47,"f:215:11:215:27":11,"s:216:18:216:Infinity":48,"b:217:4:217:Infinity:undefined:undefined:undefined:undefined":21,"s:217:4:217:Infinity":49,"s:217:16:217:Infinity":50,"s:218:4:218:Infinity":51,"f:218:4:218:24":12,"s:218:34:218:81":52,"b:218:57:218:64:218:64:218:81":22,"s:219:4:219:Infinity":53,"f:222:11:222:28":13,"s:223:4:223:Infinity":54,"f:223:4:223:24":14,"s:223:33:223:64":55,"f:223:38:223:46":15,"s:223:52:223:63":56,"s:226:71:226:Infinity":57,"s:227:16:227:Infinity":58,"s:229:21:229:Infinity":59,"b:229:21:229:67:229:67:229:Infinity":23,"f:229:27:229:35":16,"s:229:41:229:62":60,"f:231:11:231:28":17,"s:232:4:232:Infinity":61,"b:233:4:235:Infinity:undefined:undefined:undefined:undefined":24,"s:233:4:235:Infinity":62,"s:234:6:234:Infinity":63,"f:238:11:238:30":18,"s:239:4:239:Infinity":64,"f:242:11:242:24":19,"s:243:4:243:Infinity":65,"b:244:4:244:Infinity:undefined:undefined:undefined:undefined":25,"s:244:4:244:Infinity":66,"s:244:15:244:Infinity":67,"s:245:4:250:Infinity":68,"b:247:13:247:29:247:29:247:Infinity":26,"b:248:48:248:66:248:66:248:Infinity":27,"b:249:22:249:39:249:39:249:Infinity":28,"f:253:11:253:33":20,"s:254:4:254:Infinity":69,"s:255:4:255:Infinity":70,"s:256:4:256:Infinity":71,"s:257:4:257:Infinity":72,"s:258:4:258:Infinity":73,"s:259:4:259:Infinity":74,"s:262:8:262:Infinity":75,"s:263:22:263:Infinity":76,"s:265:2:494:Infinity":77,"b:278:11:278:Infinity:279:12:290:Infinity":29,"b:297:13:297:26:297:26:297:Infinity:298:14:306:14":30,"f:301:16:301:32":21,"s:301:32:301:Infinity":78,"b:306:13:306:Infinity:307:14:488:Infinity":31,"b:318:30:318:45:318:45:318:Infinity":32,"f:332:20:332:31":22,"s:332:37:332:Infinity":79,"b:335:30:335:45:335:45:335:Infinity":33,"f:359:22:359:33":23,"s:359:39:359:Infinity":80,"f:360:22:360:34":24,"b:361:24:364:Infinity:undefined:undefined:undefined:undefined":34,"s:361:24:364:Infinity":81,"s:362:26:362:Infinity":82,"s:363:26:363:Infinity":83,"b:368:32:368:47:368:47:368:Infinity":35,"b:379:32:379:47:379:47:379:61:379:61:379:Infinity":36,"b:389:19:389:Infinity:390:20:410:Infinity":37,"f:391:39:391:44":25,"s:392:24:408:Infinity":84,"b:398:27:398:Infinity:399:28:408:Infinity":38,"f:401:30:401:45":26,"s:401:45:401:Infinity":85,"b:418:17:418:Infinity:419:18:449:Infinity":39,"f:430:22:430:33":27,"s:430:39:430:Infinity":86,"b:431:32:431:47:431:47:431:Infinity":40,"f:440:34:440:39":28,"s:441:24:441:Infinity":87,"b:444:21:444:Infinity:445:22:447:Infinity":41,"b:453:17:453:Infinity:454:18:457:Infinity":42,"b:463:28:463:37:463:37:463:52:463:52:463:Infinity":43,"b:472:20:480:Infinity:480:20:483:Infinity":44},"fnNames":{}}}
,"C:\\Users\\José Ryan\\IdeaProjects\\projeto-eq15\\front\\src\\pages\\VerifyEmailSentPage.tsx": {"path":"C:\\Users\\José Ryan\\IdeaProjects\\projeto-eq15\\front\\src\\pages\\VerifyEmailSentPage.tsx","statementMap":{"0":{"start":{"line":13,"column":2},"end":{"line":33,"column":null}},"1":{"start":{"line":40,"column":8},"end":{"line":40,"column":null}},"2":{"start":{"line":41,"column":20},"end":{"line":41,"column":null}},"3":{"start":{"line":43,"column":15},"end":{"line":43,"column":null}},"4":{"start":{"line":45,"column":64},"end":{"line":45,"column":null}},"5":{"start":{"line":47,"column":2},"end":{"line":47,"column":null}},"6":{"start":{"line":47,"column":14},"end":{"line":47,"column":null}},"7":{"start":{"line":50,"column":4},"end":{"line":50,"column":null}},"8":{"start":{"line":51,"column":4},"end":{"line":51,"column":null}},"9":{"start":{"line":51,"column":34},"end":{"line":51,"column":null}},"10":{"start":{"line":52,"column":4},"end":{"line":52,"column":null}},"11":{"start":{"line":53,"column":4},"end":{"line":53,"column":null}},"12":{"start":{"line":57,"column":19},"end":{"line":57,"column":null}},"13":{"start":{"line":58,"column":4},"end":{"line":58,"column":null}},"14":{"start":{"line":59,"column":4},"end":{"line":59,"column":null}},"15":{"start":{"line":59,"column":17},"end":{"line":59,"column":null}},"16":{"start":{"line":62,"column":23},"end":{"line":62,"column":null}},"17":{"start":{"line":64,"column":2},"end":{"line":170,"column":null}},"18":{"start":{"line":111,"column":37},"end":{"line":111,"column":null}}},"fnMap":{"0":{"name":"SuccessState","decl":{"start":{"line":12,"column":9},"end":{"line":12,"column":24}},"loc":{"start":{"line":12,"column":24},"end":{"line":35,"column":null}},"line":12},"1":{"name":"VerifyEmailSentPage","decl":{"start":{"line":39,"column":16},"end":{"line":39,"column":38}},"loc":{"start":{"line":39,"column":38},"end":{"line":172,"column":null}},"line":39},"2":{"name":"handleSubmit","decl":{"start":{"line":49,"column":11},"end":{"line":49,"column":24}},"loc":{"start":{"line":49,"column":55},"end":{"line":54,"column":null}},"line":49},"3":{"name":"handleCodeChange","decl":{"start":{"line":56,"column":11},"end":{"line":56,"column":28}},"loc":{"start":{"line":56,"column":43},"end":{"line":60,"column":null}},"line":56},"4":{"name":"(anonymous_4)","decl":{"start":{"line":111,"column":20},"end":{"line":111,"column":31}},"loc":{"start":{"line":111,"column":37},"end":{"line":111,"column":null}},"line":111}},"branchMap":{"0":{"loc":{"start":{"line":47,"column":2},"end":{"line":47,"column":null}},"type":"if","locations":[{"start":{"line":47,"column":2},"end":{"line":47,"column":null}},{"start":{},"end":{}}],"line":47},"1":{"loc":{"start":{"line":51,"column":4},"end":{"line":51,"column":null}},"type":"if","locations":[{"start":{"line":51,"column":4},"end":{"line":51,"column":null}},{"start":{},"end":{}}],"line":51},"2":{"loc":{"start":{"line":59,"column":4},"end":{"line":59,"column":null}},"type":"if","locations":[{"start":{"line":59,"column":4},"end":{"line":59,"column":null}},{"start":{},"end":{}}],"line":59},"3":{"loc":{"start":{"line":62,"column":23},"end":{"line":62,"column":null}},"type":"cond-expr","locations":[{"start":{"line":62,"column":23},"end":{"line":62,"column":61}},{"start":{"line":62,"column":61},"end":{"line":62,"column":null}}],"line":62},"4":{"loc":{"start":{"line":83,"column":11},"end":{"line":162,"column":null}},"type":"cond-expr","locations":[{"start":{"line":83,"column":23},"end":{"line":84,"column":13}},{"start":{"line":84,"column":12},"end":{"line":162,"column":null}}],"line":83},"5":{"loc":{"start":{"line":119,"column":34},"end":{"line":121,"column":null}},"type":"cond-expr","locations":[{"start":{"line":120,"column":36},"end":{"line":120,"column":null}},{"start":{"line":121,"column":36},"end":{"line":121,"column":null}}],"line":119},"6":{"loc":{"start":{"line":123,"column":19},"end":{"line":126,"column":null}},"type":"binary-expr","locations":[{"start":{"line":123,"column":19},"end":{"line":123,"column":null}},{"start":{"line":124,"column":20},"end":{"line":126,"column":null}}],"line":123},"7":{"loc":{"start":{"line":132,"column":28},"end":{"line":132,"column":null}},"type":"binary-expr","locations":[{"start":{"line":132,"column":28},"end":{"line":132,"column":41}},{"start":{"line":132,"column":41},"end":{"line":132,"column":null}}],"line":132},"8":{"loc":{"start":{"line":139,"column":19},"end":{"line":145,"column":null}},"type":"cond-expr","locations":[{"start":{"line":140,"column":20},"end":{"line":145,"column":null}},{"start":{"line":145,"column":20},"end":{"line":145,"column":null}}],"line":139}},"s":{"0":1,"1":17,"2":17,"3":17,"4":17,"5":17,"6":1,"7":1,"8":1,"9":0,"10":1,"11":1,"12":16,"13":16,"14":16,"15":0,"16":16,"17":17,"18":16},"f":{"0":1,"1":17,"2":1,"3":16,"4":16},"b":{"0":[1,16],"1":[0,1],"2":[0,16],"3":[0,16],"4":[1,15],"5":[0,15],"6":[15,0],"7":[15,15],"8":[0,15]},"meta":{"lastBranch":9,"lastFunction":5,"lastStatement":19,"seen":{"f:12:9:12:24":0,"s:13:2:33:Infinity":0,"f:39:16:39:38":1,"s:40:8:40:Infinity":1,"s:41:20:41:Infinity":2,"s:43:15:43:Infinity":3,"s:45:64:45:Infinity":4,"b:47:2:47:Infinity:undefined:undefined:undefined:undefined":0,"s:47:2:47:Infinity":5,"s:47:14:47:Infinity":6,"f:49:11:49:24":2,"s:50:4:50:Infinity":7,"b:51:4:51:Infinity:undefined:undefined:undefined:undefined":1,"s:51:4:51:Infinity":8,"s:51:34:51:Infinity":9,"s:52:4:52:Infinity":10,"s:53:4:53:Infinity":11,"f:56:11:56:28":3,"s:57:19:57:Infinity":12,"s:58:4:58:Infinity":13,"b:59:4:59:Infinity:undefined:undefined:undefined:undefined":2,"s:59:4:59:Infinity":14,"s:59:17:59:Infinity":15,"s:62:23:62:Infinity":16,"b:62:23:62:61:62:61:62:Infinity":3,"s:64:2:170:Infinity":17,"b:83:23:84:13:84:12:162:Infinity":4,"f:111:20:111:31":4,"s:111:37:111:Infinity":18,"b:120:36:120:Infinity:121:36:121:Infinity":5,"b:123:19:123:Infinity:124:20:126:Infinity":6,"b:132:28:132:41:132:41:132:Infinity":7,"b:140:20:145:Infinity:145:20:145:Infinity":8},"fnNames":{}}}
}
